[0.022s] Invoking command in '/home/robot/restaurant_ws/build/calculator_interfaces': CMAKE_PREFIX_PATH=${CMAKE_PREFIX_PATH}:/home/robot/roarm_ws_em0/install/ros2web_widgets:/home/robot/roarm_ws_em0/install/ros2web_example_py:/home/robot/roarm_ws_em0/install/roarm_web_app:/home/robot/roarm_ws_em0/install/ros2web_app:/home/robot/roarm_ws_em0/install/ros2web:/home/robot/roarm_ws_em0/install/roarm_driver:/home/robot/roarm_ws_em0/install/launch_api:/home/robot/turtlebot3_ws/install/turtlebot3_teleop:/home/robot/turtlebot3_ws/install/turtlebot3_example:/home/robot/four_wheeled_robot_ws/install/four_wheeled_robot:/home/robot/project_ws/install/turtlebot3_gui:/home/robot/project_ws/install/cowork_robot:/opt/ros/humble /usr/bin/cmake /home/robot/restaurant_ws/src/calculator_interfaces -DAMENT_CMAKE_SYMLINK_INSTALL=1 -DCMAKE_INSTALL_PREFIX=/home/robot/restaurant_ws/install/calculator_interfaces
[0.228s] -- The C compiler identification is GNU 11.4.0
[0.229s] -- The CXX compiler identification is GNU 11.4.0
[0.229s] -- Detecting C compiler ABI info
[0.229s] -- Detecting C compiler ABI info - done
[0.229s] -- Check for working C compiler: /usr/bin/cc - skipped
[0.229s] -- Detecting C compile features
[0.229s] -- Detecting C compile features - done
[0.229s] -- Detecting CXX compiler ABI info
[0.293s] -- Detecting CXX compiler ABI info - done
[0.299s] -- Check for working CXX compiler: /usr/bin/c++ - skipped
[0.299s] -- Detecting CXX compile features
[0.299s] -- Detecting CXX compile features - done
[0.303s] -- Found ament_cmake: 1.3.10 (/opt/ros/humble/share/ament_cmake/cmake)
[0.450s] -- Found Python3: /usr/bin/python3 (found version "3.10.12") found components: Interpreter 
[0.502s] -- Override CMake install command with custom implementation using symlinks instead of copying resources
[0.547s] -- Found rosidl_default_generators: 1.2.0 (/opt/ros/humble/share/rosidl_default_generators/cmake)
[0.554s] -- Using all available rosidl_typesupport_c: rosidl_typesupport_fastrtps_c;rosidl_typesupport_introspection_c
[0.563s] -- Found rosidl_adapter: 3.1.5 (/opt/ros/humble/share/rosidl_adapter/cmake)
[0.606s] -- Using all available rosidl_typesupport_cpp: rosidl_typesupport_fastrtps_cpp;rosidl_typesupport_introspection_cpp
[0.866s] -- Found ament_cmake_ros: 0.10.0 (/opt/ros/humble/share/ament_cmake_ros/cmake)
[1.093s] -- Using all available rosidl_typesupport_c: rosidl_typesupport_fastrtps_c;rosidl_typesupport_introspection_c
[1.323s] -- Using all available rosidl_typesupport_cpp: rosidl_typesupport_fastrtps_cpp;rosidl_typesupport_introspection_cpp
[1.351s] -- Found PythonInterp: /usr/bin/python3 (found suitable version "3.10.12", minimum required is "3.6") 
[1.354s] -- Found python_cmake_module: 0.10.0 (/opt/ros/humble/share/python_cmake_module/cmake)
[1.377s] -- Found PythonLibs: /usr/lib/x86_64-linux-gnu/libpython3.10.so (found suitable version "3.10.12", minimum required is "3.5") 
[1.377s] -- Using PYTHON_EXECUTABLE: /usr/bin/python3
[1.377s] -- Using PYTHON_INCLUDE_DIRS: /usr/include/python3.10
[1.377s] -- Using PYTHON_LIBRARIES: /usr/lib/x86_64-linux-gnu/libpython3.10.so
[1.398s] -- Found PythonExtra: .so  
[1.443s] -- Found ament_lint_auto: 0.12.11 (/opt/ros/humble/share/ament_lint_auto/cmake)
[1.467s] -- Added test 'lint_cmake' to check CMake code style
[1.468s] -- Added test 'xmllint' to check XML markup files
[1.470s] -- Configuring done
[1.486s] -- Generating done
[1.487s] -- Build files have been written to: /home/robot/restaurant_ws/build/calculator_interfaces
[1.491s] Invoked command in '/home/robot/restaurant_ws/build/calculator_interfaces' returned '0': CMAKE_PREFIX_PATH=${CMAKE_PREFIX_PATH}:/home/robot/roarm_ws_em0/install/ros2web_widgets:/home/robot/roarm_ws_em0/install/ros2web_example_py:/home/robot/roarm_ws_em0/install/roarm_web_app:/home/robot/roarm_ws_em0/install/ros2web_app:/home/robot/roarm_ws_em0/install/ros2web:/home/robot/roarm_ws_em0/install/roarm_driver:/home/robot/roarm_ws_em0/install/launch_api:/home/robot/turtlebot3_ws/install/turtlebot3_teleop:/home/robot/turtlebot3_ws/install/turtlebot3_example:/home/robot/four_wheeled_robot_ws/install/four_wheeled_robot:/home/robot/project_ws/install/turtlebot3_gui:/home/robot/project_ws/install/cowork_robot:/opt/ros/humble /usr/bin/cmake /home/robot/restaurant_ws/src/calculator_interfaces -DAMENT_CMAKE_SYMLINK_INSTALL=1 -DCMAKE_INSTALL_PREFIX=/home/robot/restaurant_ws/install/calculator_interfaces
[1.493s] Invoking command in '/home/robot/restaurant_ws/build/calculator_interfaces': CMAKE_PREFIX_PATH=${CMAKE_PREFIX_PATH}:/home/robot/roarm_ws_em0/install/ros2web_widgets:/home/robot/roarm_ws_em0/install/ros2web_example_py:/home/robot/roarm_ws_em0/install/roarm_web_app:/home/robot/roarm_ws_em0/install/ros2web_app:/home/robot/roarm_ws_em0/install/ros2web:/home/robot/roarm_ws_em0/install/roarm_driver:/home/robot/roarm_ws_em0/install/launch_api:/home/robot/turtlebot3_ws/install/turtlebot3_teleop:/home/robot/turtlebot3_ws/install/turtlebot3_example:/home/robot/four_wheeled_robot_ws/install/four_wheeled_robot:/home/robot/project_ws/install/turtlebot3_gui:/home/robot/project_ws/install/cowork_robot:/opt/ros/humble /usr/bin/cmake --build /home/robot/restaurant_ws/build/calculator_interfaces -- -j16 -l16
[1.534s] [  3%] [34m[1mGenerating C code for ROS interfaces[0m
[1.547s] [  6%] [34m[1mGenerating C++ code for ROS interfaces[0m
[1.557s] [  6%] Built target ament_cmake_python_symlink_calculator_interfaces
[1.741s] [  6%] Built target calculator_interfaces__cpp
[1.744s] [  9%] [32mBuilding C object CMakeFiles/calculator_interfaces__rosidl_generator_c.dir/rosidl_generator_c/calculator_interfaces/srv/detail/calculate__functions.c.o[0m
[1.747s] running egg_info
[1.747s] creating calculator_interfaces.egg-info
[1.747s] writing calculator_interfaces.egg-info/PKG-INFO
[1.747s] writing dependency_links to calculator_interfaces.egg-info/dependency_links.txt
[1.748s] writing top-level names to calculator_interfaces.egg-info/top_level.txt
[1.748s] writing manifest file 'calculator_interfaces.egg-info/SOURCES.txt'
[1.749s] reading manifest file 'calculator_interfaces.egg-info/SOURCES.txt'
[1.749s] writing manifest file 'calculator_interfaces.egg-info/SOURCES.txt'
[1.751s] [ 12%] [34m[1mGenerating C++ type support dispatch for ROS interfaces[0m
[1.753s] [ 16%] [34m[1mGenerating C++ type support for eProsima Fast-RTPS[0m
[1.753s] [ 19%] [34m[1mGenerating C++ introspection for ROS interfaces[0m
[1.772s] [ 19%] Built target ament_cmake_python_build_calculator_interfaces_egg
[1.814s] [ 22%] [32m[1mLinking C shared library libcalculator_interfaces__rosidl_generator_c.so[0m
[1.858s] [ 22%] Built target calculator_interfaces__rosidl_generator_c
[1.867s] [ 25%] [34m[1mGenerating C type support for eProsima Fast-RTPS[0m
[1.871s] [ 32%] [34m[1mGenerating C type support dispatch for ROS interfaces[0m
[1.871s] [ 32%] [34m[1mGenerating C introspection for ROS interfaces[0m
[1.933s] [ 35%] [32mBuilding CXX object CMakeFiles/calculator_interfaces__rosidl_typesupport_cpp.dir/rosidl_typesupport_cpp/calculator_interfaces/srv/calculate__type_support.cpp.o[0m
[1.948s] [ 38%] [32mBuilding CXX object CMakeFiles/calculator_interfaces__rosidl_typesupport_fastrtps_cpp.dir/rosidl_typesupport_fastrtps_cpp/calculator_interfaces/srv/detail/dds_fastrtps/calculate__type_support.cpp.o[0m
[1.953s] [ 41%] [32mBuilding CXX object CMakeFiles/calculator_interfaces__rosidl_typesupport_introspection_cpp.dir/rosidl_typesupport_introspection_cpp/calculator_interfaces/srv/detail/calculate__type_support.cpp.o[0m
[2.065s] [ 45%] [32mBuilding CXX object CMakeFiles/calculator_interfaces__rosidl_typesupport_fastrtps_c.dir/rosidl_typesupport_fastrtps_c/calculator_interfaces/srv/detail/calculate__type_support_c.cpp.o[0m
[2.096s] [ 48%] [32mBuilding CXX object CMakeFiles/calculator_interfaces__rosidl_typesupport_c.dir/rosidl_typesupport_c/calculator_interfaces/srv/calculate__type_support.cpp.o[0m
[2.127s] [ 51%] [32m[1mLinking CXX shared library libcalculator_interfaces__rosidl_typesupport_c.so[0m
[2.165s] [ 51%] Built target calculator_interfaces__rosidl_typesupport_c
[2.191s] [ 54%] [32m[1mLinking CXX shared library libcalculator_interfaces__rosidl_typesupport_introspection_cpp.so[0m
[2.222s] [ 58%] [32m[1mLinking CXX shared library libcalculator_interfaces__rosidl_typesupport_cpp.so[0m
[2.222s] [ 61%] [32mBuilding C object CMakeFiles/calculator_interfaces__rosidl_typesupport_introspection_c.dir/rosidl_typesupport_introspection_c/calculator_interfaces/srv/detail/calculate__type_support.c.o[0m
[2.252s] [ 61%] Built target calculator_interfaces__rosidl_typesupport_introspection_cpp
[2.253s] [ 64%] [32m[1mLinking C shared library libcalculator_interfaces__rosidl_typesupport_introspection_c.so[0m
[2.258s] [ 64%] Built target calculator_interfaces__rosidl_typesupport_cpp
[2.286s] [ 64%] Built target calculator_interfaces__rosidl_typesupport_introspection_c
[2.294s] [ 67%] [32m[1mLinking CXX shared library libcalculator_interfaces__rosidl_typesupport_fastrtps_c.so[0m
[2.323s] [ 70%] [32m[1mLinking CXX shared library libcalculator_interfaces__rosidl_typesupport_fastrtps_cpp.so[0m
[2.353s] [ 70%] Built target calculator_interfaces__rosidl_typesupport_fastrtps_c
[2.379s] [ 70%] Built target calculator_interfaces__rosidl_typesupport_fastrtps_cpp
[2.398s] [ 70%] Built target calculator_interfaces
[2.424s] [ 74%] [34m[1mGenerating Python code for ROS interfaces[0m
[2.696s] [ 74%] Built target calculator_interfaces__py
[2.720s] [ 77%] [32mBuilding C object CMakeFiles/calculator_interfaces__rosidl_generator_py.dir/rosidl_generator_py/calculator_interfaces/srv/_calculate_s.c.o[0m
[2.797s] [ 80%] [32m[1mLinking C shared library rosidl_generator_py/calculator_interfaces/libcalculator_interfaces__rosidl_generator_py.so[0m
[2.849s] [ 80%] Built target calculator_interfaces__rosidl_generator_py
[2.871s] [ 83%] [32mBuilding C object CMakeFiles/calculator_interfaces__rosidl_typesupport_introspection_c__pyext.dir/rosidl_generator_py/calculator_interfaces/_calculator_interfaces_s.ep.rosidl_typesupport_introspection_c.c.o[0m
[2.871s] [ 87%] [32mBuilding C object CMakeFiles/calculator_interfaces__rosidl_typesupport_fastrtps_c__pyext.dir/rosidl_generator_py/calculator_interfaces/_calculator_interfaces_s.ep.rosidl_typesupport_fastrtps_c.c.o[0m
[2.877s] [ 90%] [32mBuilding C object CMakeFiles/calculator_interfaces__rosidl_typesupport_c__pyext.dir/rosidl_generator_py/calculator_interfaces/_calculator_interfaces_s.ep.rosidl_typesupport_c.c.o[0m
[2.939s] [ 93%] [32m[1mLinking C shared library rosidl_generator_py/calculator_interfaces/calculator_interfaces_s__rosidl_typesupport_introspection_c.cpython-310-x86_64-linux-gnu.so[0m
[2.955s] [ 96%] [32m[1mLinking C shared library rosidl_generator_py/calculator_interfaces/calculator_interfaces_s__rosidl_typesupport_fastrtps_c.cpython-310-x86_64-linux-gnu.so[0m
[2.970s] [ 96%] Built target calculator_interfaces__rosidl_typesupport_introspection_c__pyext
[2.990s] [100%] [32m[1mLinking C shared library rosidl_generator_py/calculator_interfaces/calculator_interfaces_s__rosidl_typesupport_c.cpython-310-x86_64-linux-gnu.so[0m
[2.992s] [100%] Built target calculator_interfaces__rosidl_typesupport_fastrtps_c__pyext
[3.033s] [100%] Built target calculator_interfaces__rosidl_typesupport_c__pyext
[3.044s] Invoked command in '/home/robot/restaurant_ws/build/calculator_interfaces' returned '0': CMAKE_PREFIX_PATH=${CMAKE_PREFIX_PATH}:/home/robot/roarm_ws_em0/install/ros2web_widgets:/home/robot/roarm_ws_em0/install/ros2web_example_py:/home/robot/roarm_ws_em0/install/roarm_web_app:/home/robot/roarm_ws_em0/install/ros2web_app:/home/robot/roarm_ws_em0/install/ros2web:/home/robot/roarm_ws_em0/install/roarm_driver:/home/robot/roarm_ws_em0/install/launch_api:/home/robot/turtlebot3_ws/install/turtlebot3_teleop:/home/robot/turtlebot3_ws/install/turtlebot3_example:/home/robot/four_wheeled_robot_ws/install/four_wheeled_robot:/home/robot/project_ws/install/turtlebot3_gui:/home/robot/project_ws/install/cowork_robot:/opt/ros/humble /usr/bin/cmake --build /home/robot/restaurant_ws/build/calculator_interfaces -- -j16 -l16
[3.133s] Invoking command in '/home/robot/restaurant_ws/build/calculator_interfaces': CMAKE_PREFIX_PATH=${CMAKE_PREFIX_PATH}:/home/robot/roarm_ws_em0/install/ros2web_widgets:/home/robot/roarm_ws_em0/install/ros2web_example_py:/home/robot/roarm_ws_em0/install/roarm_web_app:/home/robot/roarm_ws_em0/install/ros2web_app:/home/robot/roarm_ws_em0/install/ros2web:/home/robot/roarm_ws_em0/install/roarm_driver:/home/robot/roarm_ws_em0/install/launch_api:/home/robot/turtlebot3_ws/install/turtlebot3_teleop:/home/robot/turtlebot3_ws/install/turtlebot3_example:/home/robot/four_wheeled_robot_ws/install/four_wheeled_robot:/home/robot/project_ws/install/turtlebot3_gui:/home/robot/project_ws/install/cowork_robot:/opt/ros/humble /usr/bin/cmake --install /home/robot/restaurant_ws/build/calculator_interfaces
[3.145s] -- Install configuration: ""
[3.145s] -- Execute custom install script
[3.146s] -- Symlinking: /home/robot/restaurant_ws/install/calculator_interfaces/share/ament_index/resource_index/rosidl_interfaces/calculator_interfaces
[3.158s] -- Symlinking: /home/robot/restaurant_ws/install/calculator_interfaces/include/calculator_interfaces/calculator_interfaces/msg/rosidl_generator_c__visibility_control.h
[3.169s] -- Symlinking: /home/robot/restaurant_ws/install/calculator_interfaces/include/calculator_interfaces/calculator_interfaces/srv/calculate.h
[3.181s] -- Symlinking: /home/robot/restaurant_ws/install/calculator_interfaces/include/calculator_interfaces/calculator_interfaces/srv/detail/calculate__functions.h
[3.192s] -- Symlinking: /home/robot/restaurant_ws/install/calculator_interfaces/include/calculator_interfaces/calculator_interfaces/srv/detail/calculate__struct.h
[3.204s] -- Symlinking: /home/robot/restaurant_ws/install/calculator_interfaces/include/calculator_interfaces/calculator_interfaces/srv/detail/calculate__type_support.h
[3.217s] -- Symlinking: /home/robot/restaurant_ws/install/calculator_interfaces/share/calculator_interfaces/environment/library_path.sh
[3.229s] -- Symlinking: /home/robot/restaurant_ws/install/calculator_interfaces/share/calculator_interfaces/environment/library_path.dsv
[3.241s] -- Symlinking: /home/robot/restaurant_ws/install/calculator_interfaces/include/calculator_interfaces/calculator_interfaces/msg/rosidl_typesupport_fastrtps_c__visibility_control.h
[3.252s] -- Symlinking: /home/robot/restaurant_ws/install/calculator_interfaces/include/calculator_interfaces/calculator_interfaces/srv/detail/calculate__rosidl_typesupport_fastrtps_c.h
[3.259s] -- Symlinking: /home/robot/restaurant_ws/install/calculator_interfaces/include/calculator_interfaces/calculator_interfaces/msg/rosidl_typesupport_introspection_c__visibility_control.h
[3.266s] -- Symlinking: /home/robot/restaurant_ws/install/calculator_interfaces/include/calculator_interfaces/calculator_interfaces/srv/detail/calculate__rosidl_typesupport_introspection_c.h
[3.274s] -- Symlinking: /home/robot/restaurant_ws/install/calculator_interfaces/include/calculator_interfaces/calculator_interfaces/srv/calculate.hpp
[3.281s] -- Symlinking: /home/robot/restaurant_ws/install/calculator_interfaces/include/calculator_interfaces/calculator_interfaces/srv/detail/calculate__builder.hpp
[3.288s] -- Symlinking: /home/robot/restaurant_ws/install/calculator_interfaces/include/calculator_interfaces/calculator_interfaces/srv/detail/calculate__struct.hpp
[3.295s] -- Symlinking: /home/robot/restaurant_ws/install/calculator_interfaces/include/calculator_interfaces/calculator_interfaces/srv/detail/calculate__traits.hpp
[3.303s] -- Symlinking: /home/robot/restaurant_ws/install/calculator_interfaces/include/calculator_interfaces/calculator_interfaces/msg/rosidl_typesupport_fastrtps_cpp__visibility_control.h
[3.315s] -- Symlinking: /home/robot/restaurant_ws/install/calculator_interfaces/include/calculator_interfaces/calculator_interfaces/srv/detail/calculate__rosidl_typesupport_fastrtps_cpp.hpp
[3.322s] -- Symlinking: /home/robot/restaurant_ws/install/calculator_interfaces/include/calculator_interfaces/calculator_interfaces/srv/detail/calculate__rosidl_typesupport_introspection_cpp.hpp
[3.329s] -- Symlinking: /home/robot/restaurant_ws/install/calculator_interfaces/share/calculator_interfaces/environment/pythonpath.sh
[3.336s] -- Symlinking: /home/robot/restaurant_ws/install/calculator_interfaces/share/calculator_interfaces/environment/pythonpath.dsv
[3.343s] -- Symlinking: /home/robot/restaurant_ws/install/calculator_interfaces/local/lib/python3.10/dist-packages/calculator_interfaces-0.0.0-py3.10.egg-info/PKG-INFO
[3.350s] -- Symlinking: /home/robot/restaurant_ws/install/calculator_interfaces/local/lib/python3.10/dist-packages/calculator_interfaces-0.0.0-py3.10.egg-info/SOURCES.txt
[3.356s] -- Symlinking: /home/robot/restaurant_ws/install/calculator_interfaces/local/lib/python3.10/dist-packages/calculator_interfaces-0.0.0-py3.10.egg-info/dependency_links.txt
[3.363s] -- Symlinking: /home/robot/restaurant_ws/install/calculator_interfaces/local/lib/python3.10/dist-packages/calculator_interfaces-0.0.0-py3.10.egg-info/top_level.txt
[3.370s] -- Symlinking: /home/robot/restaurant_ws/install/calculator_interfaces/local/lib/python3.10/dist-packages/calculator_interfaces/__init__.py
[3.377s] -- Symlinking: /home/robot/restaurant_ws/install/calculator_interfaces/local/lib/python3.10/dist-packages/calculator_interfaces/_calculator_interfaces_s.ep.rosidl_typesupport_c.c
[3.385s] -- Symlinking: /home/robot/restaurant_ws/install/calculator_interfaces/local/lib/python3.10/dist-packages/calculator_interfaces/_calculator_interfaces_s.ep.rosidl_typesupport_fastrtps_c.c
[3.392s] -- Symlinking: /home/robot/restaurant_ws/install/calculator_interfaces/local/lib/python3.10/dist-packages/calculator_interfaces/_calculator_interfaces_s.ep.rosidl_typesupport_introspection_c.c
[3.404s] -- Symlinking: /home/robot/restaurant_ws/install/calculator_interfaces/local/lib/python3.10/dist-packages/calculator_interfaces/calculator_interfaces_s__rosidl_typesupport_c.cpython-310-x86_64-linux-gnu.so
[3.415s] -- Symlinking: /home/robot/restaurant_ws/install/calculator_interfaces/local/lib/python3.10/dist-packages/calculator_interfaces/calculator_interfaces_s__rosidl_typesupport_fastrtps_c.cpython-310-x86_64-linux-gnu.so
[3.427s] -- Symlinking: /home/robot/restaurant_ws/install/calculator_interfaces/local/lib/python3.10/dist-packages/calculator_interfaces/calculator_interfaces_s__rosidl_typesupport_introspection_c.cpython-310-x86_64-linux-gnu.so
[3.437s] -- Symlinking: /home/robot/restaurant_ws/install/calculator_interfaces/local/lib/python3.10/dist-packages/calculator_interfaces/libcalculator_interfaces__rosidl_generator_py.so
[3.449s] -- Symlinking: /home/robot/restaurant_ws/install/calculator_interfaces/local/lib/python3.10/dist-packages/calculator_interfaces/srv/__init__.py
[3.458s] -- Symlinking: /home/robot/restaurant_ws/install/calculator_interfaces/local/lib/python3.10/dist-packages/calculator_interfaces/srv/_calculate.py
[3.470s] -- Symlinking: /home/robot/restaurant_ws/install/calculator_interfaces/local/lib/python3.10/dist-packages/calculator_interfaces/srv/_calculate_s.c
[3.481s] -- Up-to-date symlink: /home/robot/restaurant_ws/install/calculator_interfaces/local/lib/python3.10/dist-packages/calculator_interfaces/calculator_interfaces_s__rosidl_typesupport_fastrtps_c.cpython-310-x86_64-linux-gnu.so
[3.482s] -- Up-to-date symlink: /home/robot/restaurant_ws/install/calculator_interfaces/local/lib/python3.10/dist-packages/calculator_interfaces/calculator_interfaces_s__rosidl_typesupport_introspection_c.cpython-310-x86_64-linux-gnu.so
[3.482s] -- Up-to-date symlink: /home/robot/restaurant_ws/install/calculator_interfaces/local/lib/python3.10/dist-packages/calculator_interfaces/calculator_interfaces_s__rosidl_typesupport_c.cpython-310-x86_64-linux-gnu.so
[3.482s] -- Symlinking: /home/robot/restaurant_ws/install/calculator_interfaces/share/calculator_interfaces/srv/Calculate.idl
[3.493s] -- Symlinking: /home/robot/restaurant_ws/install/calculator_interfaces/share/calculator_interfaces/srv/Calculate.srv
[3.500s] -- Symlinking: /home/robot/restaurant_ws/install/calculator_interfaces/share/calculator_interfaces/srv/Calculate_Request.msg
[3.509s] -- Symlinking: /home/robot/restaurant_ws/install/calculator_interfaces/share/calculator_interfaces/srv/Calculate_Response.msg
[3.521s] -- Symlinking: /home/robot/restaurant_ws/install/calculator_interfaces/share/ament_index/resource_index/package_run_dependencies/calculator_interfaces
[3.534s] -- Symlinking: /home/robot/restaurant_ws/install/calculator_interfaces/share/ament_index/resource_index/parent_prefix_path/calculator_interfaces
[3.546s] -- Symlinking: /home/robot/restaurant_ws/install/calculator_interfaces/share/calculator_interfaces/environment/ament_prefix_path.sh
[3.554s] -- Symlinking: /home/robot/restaurant_ws/install/calculator_interfaces/share/calculator_interfaces/environment/ament_prefix_path.dsv
[3.562s] -- Symlinking: /home/robot/restaurant_ws/install/calculator_interfaces/share/calculator_interfaces/environment/path.sh
[3.572s] -- Symlinking: /home/robot/restaurant_ws/install/calculator_interfaces/share/calculator_interfaces/environment/path.dsv
[3.583s] -- Symlinking: /home/robot/restaurant_ws/install/calculator_interfaces/share/calculator_interfaces/local_setup.bash
[3.590s] -- Symlinking: /home/robot/restaurant_ws/install/calculator_interfaces/share/calculator_interfaces/local_setup.sh
[3.597s] -- Symlinking: /home/robot/restaurant_ws/install/calculator_interfaces/share/calculator_interfaces/local_setup.zsh
[3.604s] -- Symlinking: /home/robot/restaurant_ws/install/calculator_interfaces/share/calculator_interfaces/local_setup.dsv
[3.613s] -- Symlinking: /home/robot/restaurant_ws/install/calculator_interfaces/share/calculator_interfaces/package.dsv
[3.625s] -- Symlinking: /home/robot/restaurant_ws/install/calculator_interfaces/share/ament_index/resource_index/packages/calculator_interfaces
[3.632s] -- Symlinking: /home/robot/restaurant_ws/install/calculator_interfaces/share/calculator_interfaces/cmake/rosidl_cmake-extras.cmake
[3.640s] -- Symlinking: /home/robot/restaurant_ws/install/calculator_interfaces/share/calculator_interfaces/cmake/ament_cmake_export_include_directories-extras.cmake
[3.649s] -- Symlinking: /home/robot/restaurant_ws/install/calculator_interfaces/share/calculator_interfaces/cmake/ament_cmake_export_libraries-extras.cmake
[3.658s] -- Symlinking: /home/robot/restaurant_ws/install/calculator_interfaces/share/calculator_interfaces/cmake/ament_cmake_export_targets-extras.cmake
[3.665s] -- Symlinking: /home/robot/restaurant_ws/install/calculator_interfaces/share/calculator_interfaces/cmake/rosidl_cmake_export_typesupport_targets-extras.cmake
[3.674s] -- Symlinking: /home/robot/restaurant_ws/install/calculator_interfaces/share/calculator_interfaces/cmake/ament_cmake_export_dependencies-extras.cmake
[3.682s] -- Symlinking: /home/robot/restaurant_ws/install/calculator_interfaces/share/calculator_interfaces/cmake/rosidl_cmake_export_typesupport_libraries-extras.cmake
[3.692s] -- Symlinking: /home/robot/restaurant_ws/install/calculator_interfaces/share/calculator_interfaces/cmake/calculator_interfacesConfig.cmake
[3.700s] -- Symlinking: /home/robot/restaurant_ws/install/calculator_interfaces/share/calculator_interfaces/cmake/calculator_interfacesConfig-version.cmake
[3.711s] -- Symlinking: /home/robot/restaurant_ws/install/calculator_interfaces/share/calculator_interfaces/package.xml
[3.722s] -- Installing: /home/robot/restaurant_ws/install/calculator_interfaces/lib/libcalculator_interfaces__rosidl_generator_c.so
[3.723s] -- Set runtime path of "/home/robot/restaurant_ws/install/calculator_interfaces/lib/libcalculator_interfaces__rosidl_generator_c.so" to ""
[3.723s] -- Installing: /home/robot/restaurant_ws/install/calculator_interfaces/lib/libcalculator_interfaces__rosidl_typesupport_fastrtps_c.so
[3.723s] -- Set runtime path of "/home/robot/restaurant_ws/install/calculator_interfaces/lib/libcalculator_interfaces__rosidl_typesupport_fastrtps_c.so" to ""
[3.723s] -- Installing: /home/robot/restaurant_ws/install/calculator_interfaces/lib/libcalculator_interfaces__rosidl_typesupport_introspection_c.so
[3.724s] -- Set runtime path of "/home/robot/restaurant_ws/install/calculator_interfaces/lib/libcalculator_interfaces__rosidl_typesupport_introspection_c.so" to ""
[3.724s] -- Installing: /home/robot/restaurant_ws/install/calculator_interfaces/lib/libcalculator_interfaces__rosidl_typesupport_c.so
[3.724s] -- Set runtime path of "/home/robot/restaurant_ws/install/calculator_interfaces/lib/libcalculator_interfaces__rosidl_typesupport_c.so" to ""
[3.724s] -- Installing: /home/robot/restaurant_ws/install/calculator_interfaces/lib/libcalculator_interfaces__rosidl_typesupport_fastrtps_cpp.so
[3.725s] -- Set runtime path of "/home/robot/restaurant_ws/install/calculator_interfaces/lib/libcalculator_interfaces__rosidl_typesupport_fastrtps_cpp.so" to ""
[3.725s] -- Installing: /home/robot/restaurant_ws/install/calculator_interfaces/lib/libcalculator_interfaces__rosidl_typesupport_introspection_cpp.so
[3.725s] -- Set runtime path of "/home/robot/restaurant_ws/install/calculator_interfaces/lib/libcalculator_interfaces__rosidl_typesupport_introspection_cpp.so" to ""
[3.725s] -- Installing: /home/robot/restaurant_ws/install/calculator_interfaces/lib/libcalculator_interfaces__rosidl_typesupport_cpp.so
[3.725s] -- Set runtime path of "/home/robot/restaurant_ws/install/calculator_interfaces/lib/libcalculator_interfaces__rosidl_typesupport_cpp.so" to ""
[3.758s] Listing '/home/robot/restaurant_ws/install/calculator_interfaces/local/lib/python3.10/dist-packages/calculator_interfaces'...
[3.758s] Compiling '/home/robot/restaurant_ws/install/calculator_interfaces/local/lib/python3.10/dist-packages/calculator_interfaces/__init__.py'...
[3.758s] Listing '/home/robot/restaurant_ws/install/calculator_interfaces/local/lib/python3.10/dist-packages/calculator_interfaces/srv'...
[3.758s] Compiling '/home/robot/restaurant_ws/install/calculator_interfaces/local/lib/python3.10/dist-packages/calculator_interfaces/srv/__init__.py'...
[3.758s] Compiling '/home/robot/restaurant_ws/install/calculator_interfaces/local/lib/python3.10/dist-packages/calculator_interfaces/srv/_calculate.py'...
[3.761s] -- Installing: /home/robot/restaurant_ws/install/calculator_interfaces/lib/libcalculator_interfaces__rosidl_generator_py.so
[3.762s] -- Set runtime path of "/home/robot/restaurant_ws/install/calculator_interfaces/lib/libcalculator_interfaces__rosidl_generator_py.so" to ""
[3.762s] -- Installing: /home/robot/restaurant_ws/install/calculator_interfaces/share/calculator_interfaces/cmake/export_calculator_interfaces__rosidl_generator_cExport.cmake
[3.762s] -- Installing: /home/robot/restaurant_ws/install/calculator_interfaces/share/calculator_interfaces/cmake/export_calculator_interfaces__rosidl_generator_cExport-noconfig.cmake
[3.762s] -- Installing: /home/robot/restaurant_ws/install/calculator_interfaces/share/calculator_interfaces/cmake/export_calculator_interfaces__rosidl_typesupport_fastrtps_cExport.cmake
[3.762s] -- Installing: /home/robot/restaurant_ws/install/calculator_interfaces/share/calculator_interfaces/cmake/export_calculator_interfaces__rosidl_typesupport_fastrtps_cExport-noconfig.cmake
[3.763s] -- Installing: /home/robot/restaurant_ws/install/calculator_interfaces/share/calculator_interfaces/cmake/calculator_interfaces__rosidl_typesupport_introspection_cExport.cmake
[3.763s] -- Installing: /home/robot/restaurant_ws/install/calculator_interfaces/share/calculator_interfaces/cmake/calculator_interfaces__rosidl_typesupport_introspection_cExport-noconfig.cmake
[3.763s] -- Installing: /home/robot/restaurant_ws/install/calculator_interfaces/share/calculator_interfaces/cmake/calculator_interfaces__rosidl_typesupport_cExport.cmake
[3.763s] -- Installing: /home/robot/restaurant_ws/install/calculator_interfaces/share/calculator_interfaces/cmake/calculator_interfaces__rosidl_typesupport_cExport-noconfig.cmake
[3.763s] -- Installing: /home/robot/restaurant_ws/install/calculator_interfaces/share/calculator_interfaces/cmake/export_calculator_interfaces__rosidl_generator_cppExport.cmake
[3.763s] -- Installing: /home/robot/restaurant_ws/install/calculator_interfaces/share/calculator_interfaces/cmake/export_calculator_interfaces__rosidl_typesupport_fastrtps_cppExport.cmake
[3.763s] -- Installing: /home/robot/restaurant_ws/install/calculator_interfaces/share/calculator_interfaces/cmake/export_calculator_interfaces__rosidl_typesupport_fastrtps_cppExport-noconfig.cmake
[3.763s] -- Installing: /home/robot/restaurant_ws/install/calculator_interfaces/share/calculator_interfaces/cmake/calculator_interfaces__rosidl_typesupport_introspection_cppExport.cmake
[3.763s] -- Installing: /home/robot/restaurant_ws/install/calculator_interfaces/share/calculator_interfaces/cmake/calculator_interfaces__rosidl_typesupport_introspection_cppExport-noconfig.cmake
[3.763s] -- Installing: /home/robot/restaurant_ws/install/calculator_interfaces/share/calculator_interfaces/cmake/calculator_interfaces__rosidl_typesupport_cppExport.cmake
[3.763s] -- Installing: /home/robot/restaurant_ws/install/calculator_interfaces/share/calculator_interfaces/cmake/calculator_interfaces__rosidl_typesupport_cppExport-noconfig.cmake
[3.764s] -- Installing: /home/robot/restaurant_ws/install/calculator_interfaces/share/calculator_interfaces/cmake/export_calculator_interfaces__rosidl_generator_pyExport.cmake
[3.764s] -- Installing: /home/robot/restaurant_ws/install/calculator_interfaces/share/calculator_interfaces/cmake/export_calculator_interfaces__rosidl_generator_pyExport-noconfig.cmake
[3.766s] Invoked command in '/home/robot/restaurant_ws/build/calculator_interfaces' returned '0': CMAKE_PREFIX_PATH=${CMAKE_PREFIX_PATH}:/home/robot/roarm_ws_em0/install/ros2web_widgets:/home/robot/roarm_ws_em0/install/ros2web_example_py:/home/robot/roarm_ws_em0/install/roarm_web_app:/home/robot/roarm_ws_em0/install/ros2web_app:/home/robot/roarm_ws_em0/install/ros2web:/home/robot/roarm_ws_em0/install/roarm_driver:/home/robot/roarm_ws_em0/install/launch_api:/home/robot/turtlebot3_ws/install/turtlebot3_teleop:/home/robot/turtlebot3_ws/install/turtlebot3_example:/home/robot/four_wheeled_robot_ws/install/four_wheeled_robot:/home/robot/project_ws/install/turtlebot3_gui:/home/robot/project_ws/install/cowork_robot:/opt/ros/humble /usr/bin/cmake --install /home/robot/restaurant_ws/build/calculator_interfaces
