[0.008s] Invoking command in '/home/robot/rh_plus_7_axis_robot_arm/build/robotarm_hardware_interface': CMAKE_PREFIX_PATH=${CMAKE_PREFIX_PATH}:/home/robot/turtlebot3_ws/install/turtlebot3_teleop:/home/robot/turtlebot3_ws/install/turtlebot3_example:/home/robot/four_wheeled_robot_ws/install/four_wheeled_robot:/home/robot/project_ws/install/turtlebot3_gui:/home/robot/project_ws/install/cowork_robot:/opt/ros/humble /usr/bin/cmake /home/robot/rh_plus_7_axis_robot_arm/src/robotarm_hardware_interface -DAMENT_CMAKE_SYMLINK_INSTALL=1 -DCMAKE_INSTALL_PREFIX=/home/robot/rh_plus_7_axis_robot_arm/install/robotarm_hardware_interface
[0.020s] -- Found ament_cmake: 1.3.10 (/opt/ros/humble/share/ament_cmake/cmake)
[0.123s] -- Override CMake install command with custom implementation using symlinks instead of copying resources
[0.128s] -- Found hardware_interface: 2.43.1 (/opt/ros/humble/share/hardware_interface/cmake)
[0.147s] -- Found rosidl_generator_c: 3.1.5 (/opt/ros/humble/share/rosidl_generator_c/cmake)
[0.148s] -- Found rosidl_adapter: 3.1.5 (/opt/ros/humble/share/rosidl_adapter/cmake)
[0.152s] -- Found rosidl_generator_cpp: 3.1.5 (/opt/ros/humble/share/rosidl_generator_cpp/cmake)
[0.158s] -- Using all available rosidl_typesupport_c: rosidl_typesupport_fastrtps_c;rosidl_typesupport_introspection_c
[0.166s] -- Using all available rosidl_typesupport_cpp: rosidl_typesupport_fastrtps_cpp;rosidl_typesupport_introspection_cpp
[0.274s] -- Found rmw_implementation_cmake: 6.1.2 (/opt/ros/humble/share/rmw_implementation_cmake/cmake)
[0.275s] -- Found rmw_fastrtps_cpp: 6.2.7 (/opt/ros/humble/share/rmw_fastrtps_cpp/cmake)
[0.287s] -- Found TinyXML2 via Config file: TinyXML2_DIR-NOTFOUND
[0.294s] -- Found TinyXML2 via Config file: TinyXML2_DIR-NOTFOUND
[0.308s] -- Found TinyXML2 via Config file: TinyXML2_DIR-NOTFOUND
[0.314s] -- Found TinyXML2 via Config file: TinyXML2_DIR-NOTFOUND
[0.321s] -- Using RMW implementation 'rmw_fastrtps_cpp' as default
[0.355s] [31mCMake Error at /opt/ros/humble/share/ament_cmake_target_dependencies/cmake/ament_target_dependencies.cmake:77 (message):
[0.355s]   ament_target_dependencies() the passed package name 'hidapi-hidraw' was not
[0.355s]   found before
[0.355s] Call Stack (most recent call first):
[0.355s]   CMakeLists.txt:39 (ament_target_dependencies)
[0.355s] 
[0.355s] [0m
[0.355s] -- Configuring incomplete, errors occurred!
[0.355s] See also "/home/robot/rh_plus_7_axis_robot_arm/build/robotarm_hardware_interface/CMakeFiles/CMakeOutput.log".
[0.360s] Invoked command in '/home/robot/rh_plus_7_axis_robot_arm/build/robotarm_hardware_interface' returned '1': CMAKE_PREFIX_PATH=${CMAKE_PREFIX_PATH}:/home/robot/turtlebot3_ws/install/turtlebot3_teleop:/home/robot/turtlebot3_ws/install/turtlebot3_example:/home/robot/four_wheeled_robot_ws/install/four_wheeled_robot:/home/robot/project_ws/install/turtlebot3_gui:/home/robot/project_ws/install/cowork_robot:/opt/ros/humble /usr/bin/cmake /home/robot/rh_plus_7_axis_robot_arm/src/robotarm_hardware_interface -DAMENT_CMAKE_SYMLINK_INSTALL=1 -DCMAKE_INSTALL_PREFIX=/home/robot/rh_plus_7_axis_robot_arm/install/robotarm_hardware_interface
