[0.082s] DEBUG:colcon:Command line arguments: ['/usr/bin/colcon', 'build', '--symlink-install']
[0.082s] DEBUG:colcon:Parsed command line arguments: Namespace(log_base=None, log_level=None, verb_name='build', build_base='build', install_base='install', merge_install=False, symlink_install=True, test_result_base=None, continue_on_error=False, executor='parallel', parallel_workers=16, event_handlers=None, ignore_user_meta=False, metas=['./colcon.meta'], base_paths=['.'], packages_ignore=None, packages_ignore_regex=None, paths=None, packages_up_to=None, packages_up_to_regex=None, packages_above=None, packages_above_and_dependencies=None, packages_above_depth=None, packages_select_by_dep=None, packages_skip_by_dep=None, packages_skip_up_to=None, packages_select_build_failed=False, packages_skip_build_finished=False, packages_select_test_failures=False, packages_skip_test_passed=False, packages_select=None, packages_skip=None, packages_select_regex=None, packages_skip_regex=None, packages_start=None, packages_end=None, allow_overriding=[], cmake_args=None, cmake_target=None, cmake_target_skip_unavailable=False, cmake_clean_cache=False, cmake_clean_first=False, cmake_force_configure=False, ament_cmake_args=None, catkin_cmake_args=None, catkin_skip_building_tests=False, mixin_files=None, mixin=None, verb_parser=<colcon_mixin.mixin.mixin_argument.MixinArgumentDecorator object at 0x7354e36577f0>, verb_extension=<colcon_core.verb.build.BuildVerb object at 0x7354e3657220>, main=<bound method BuildVerb.main of <colcon_core.verb.build.BuildVerb object at 0x7354e3657220>>, mixin_verb=('build',))
[0.218s] Level 1:colcon.colcon_core.package_discovery:discover_packages(colcon_meta) check parameters
[0.218s] Level 1:colcon.colcon_core.package_discovery:discover_packages(recursive) check parameters
[0.218s] Level 1:colcon.colcon_core.package_discovery:discover_packages(ignore) check parameters
[0.218s] Level 1:colcon.colcon_core.package_discovery:discover_packages(path) check parameters
[0.218s] Level 1:colcon.colcon_core.package_discovery:discover_packages(colcon_meta) discover
[0.218s] Level 1:colcon.colcon_core.package_discovery:discover_packages(recursive) discover
[0.218s] INFO:colcon.colcon_core.package_discovery:Crawling recursively for packages in '/home/robot/restaurant_ws'
[0.218s] Level 1:colcon.colcon_core.package_identification:_identify(.) by extensions ['ignore', 'ignore_ament_install']
[0.218s] Level 1:colcon.colcon_core.package_identification:_identify(.) by extension 'ignore'
[0.218s] Level 1:colcon.colcon_core.package_identification:_identify(.) by extension 'ignore_ament_install'
[0.218s] Level 1:colcon.colcon_core.package_identification:_identify(.) by extensions ['colcon_pkg']
[0.218s] Level 1:colcon.colcon_core.package_identification:_identify(.) by extension 'colcon_pkg'
[0.218s] Level 1:colcon.colcon_core.package_identification:_identify(.) by extensions ['colcon_meta']
[0.218s] Level 1:colcon.colcon_core.package_identification:_identify(.) by extension 'colcon_meta'
[0.218s] Level 1:colcon.colcon_core.package_identification:_identify(.) by extensions ['ros']
[0.218s] Level 1:colcon.colcon_core.package_identification:_identify(.) by extension 'ros'
[0.225s] Level 1:colcon.colcon_core.package_identification:_identify(.) by extensions ['cmake', 'python']
[0.225s] Level 1:colcon.colcon_core.package_identification:_identify(.) by extension 'cmake'
[0.226s] Level 1:colcon.colcon_core.package_identification:_identify(.) by extension 'python'
[0.226s] Level 1:colcon.colcon_core.package_identification:_identify(.) by extensions ['python_setup_py']
[0.226s] Level 1:colcon.colcon_core.package_identification:_identify(.) by extension 'python_setup_py'
[0.226s] Level 1:colcon.colcon_core.package_identification:_identify(build) by extensions ['ignore', 'ignore_ament_install']
[0.226s] Level 1:colcon.colcon_core.package_identification:_identify(build) by extension 'ignore'
[0.226s] Level 1:colcon.colcon_core.package_identification:_identify(build) ignored
[0.226s] Level 1:colcon.colcon_core.package_identification:_identify(install) by extensions ['ignore', 'ignore_ament_install']
[0.226s] Level 1:colcon.colcon_core.package_identification:_identify(install) by extension 'ignore'
[0.226s] Level 1:colcon.colcon_core.package_identification:_identify(install) ignored
[0.226s] Level 1:colcon.colcon_core.package_identification:_identify(log) by extensions ['ignore', 'ignore_ament_install']
[0.226s] Level 1:colcon.colcon_core.package_identification:_identify(log) by extension 'ignore'
[0.226s] Level 1:colcon.colcon_core.package_identification:_identify(log) ignored
[0.226s] Level 1:colcon.colcon_core.package_identification:_identify(src) by extensions ['ignore', 'ignore_ament_install']
[0.226s] Level 1:colcon.colcon_core.package_identification:_identify(src) by extension 'ignore'
[0.226s] Level 1:colcon.colcon_core.package_identification:_identify(src) by extension 'ignore_ament_install'
[0.226s] Level 1:colcon.colcon_core.package_identification:_identify(src) by extensions ['colcon_pkg']
[0.226s] Level 1:colcon.colcon_core.package_identification:_identify(src) by extension 'colcon_pkg'
[0.226s] Level 1:colcon.colcon_core.package_identification:_identify(src) by extensions ['colcon_meta']
[0.226s] Level 1:colcon.colcon_core.package_identification:_identify(src) by extension 'colcon_meta'
[0.226s] Level 1:colcon.colcon_core.package_identification:_identify(src) by extensions ['ros']
[0.226s] Level 1:colcon.colcon_core.package_identification:_identify(src) by extension 'ros'
[0.226s] Level 1:colcon.colcon_core.package_identification:_identify(src) by extensions ['cmake', 'python']
[0.226s] Level 1:colcon.colcon_core.package_identification:_identify(src) by extension 'cmake'
[0.226s] Level 1:colcon.colcon_core.package_identification:_identify(src) by extension 'python'
[0.226s] Level 1:colcon.colcon_core.package_identification:_identify(src) by extensions ['python_setup_py']
[0.226s] Level 1:colcon.colcon_core.package_identification:_identify(src) by extension 'python_setup_py'
[0.226s] Level 1:colcon.colcon_core.package_identification:_identify(src/calculator_interfaces) by extensions ['ignore', 'ignore_ament_install']
[0.226s] Level 1:colcon.colcon_core.package_identification:_identify(src/calculator_interfaces) by extension 'ignore'
[0.226s] Level 1:colcon.colcon_core.package_identification:_identify(src/calculator_interfaces) by extension 'ignore_ament_install'
[0.226s] Level 1:colcon.colcon_core.package_identification:_identify(src/calculator_interfaces) by extensions ['colcon_pkg']
[0.226s] Level 1:colcon.colcon_core.package_identification:_identify(src/calculator_interfaces) by extension 'colcon_pkg'
[0.227s] Level 1:colcon.colcon_core.package_identification:_identify(src/calculator_interfaces) by extensions ['colcon_meta']
[0.227s] Level 1:colcon.colcon_core.package_identification:_identify(src/calculator_interfaces) by extension 'colcon_meta'
[0.227s] Level 1:colcon.colcon_core.package_identification:_identify(src/calculator_interfaces) by extensions ['ros']
[0.227s] Level 1:colcon.colcon_core.package_identification:_identify(src/calculator_interfaces) by extension 'ros'
[0.228s] DEBUG:colcon.colcon_core.package_identification:Package 'src/calculator_interfaces' with type 'ros.ament_cmake' and name 'calculator_interfaces'
[0.228s] Level 1:colcon.colcon_core.package_identification:_identify(src/cowork_robot) by extensions ['ignore', 'ignore_ament_install']
[0.228s] Level 1:colcon.colcon_core.package_identification:_identify(src/cowork_robot) by extension 'ignore'
[0.228s] Level 1:colcon.colcon_core.package_identification:_identify(src/cowork_robot) by extension 'ignore_ament_install'
[0.228s] Level 1:colcon.colcon_core.package_identification:_identify(src/cowork_robot) by extensions ['colcon_pkg']
[0.228s] Level 1:colcon.colcon_core.package_identification:_identify(src/cowork_robot) by extension 'colcon_pkg'
[0.228s] Level 1:colcon.colcon_core.package_identification:_identify(src/cowork_robot) by extensions ['colcon_meta']
[0.228s] Level 1:colcon.colcon_core.package_identification:_identify(src/cowork_robot) by extension 'colcon_meta'
[0.228s] Level 1:colcon.colcon_core.package_identification:_identify(src/cowork_robot) by extensions ['ros']
[0.228s] Level 1:colcon.colcon_core.package_identification:_identify(src/cowork_robot) by extension 'ros'
[0.229s] DEBUG:colcon.colcon_core.package_identification:Package 'src/cowork_robot' with type 'ros.ament_python' and name 'cowork_robot'
[0.229s] Level 1:colcon.colcon_core.package_identification:_identify(src/nav_interfaces) by extensions ['ignore', 'ignore_ament_install']
[0.229s] Level 1:colcon.colcon_core.package_identification:_identify(src/nav_interfaces) by extension 'ignore'
[0.229s] Level 1:colcon.colcon_core.package_identification:_identify(src/nav_interfaces) by extension 'ignore_ament_install'
[0.229s] Level 1:colcon.colcon_core.package_identification:_identify(src/nav_interfaces) by extensions ['colcon_pkg']
[0.229s] Level 1:colcon.colcon_core.package_identification:_identify(src/nav_interfaces) by extension 'colcon_pkg'
[0.229s] Level 1:colcon.colcon_core.package_identification:_identify(src/nav_interfaces) by extensions ['colcon_meta']
[0.229s] Level 1:colcon.colcon_core.package_identification:_identify(src/nav_interfaces) by extension 'colcon_meta'
[0.229s] Level 1:colcon.colcon_core.package_identification:_identify(src/nav_interfaces) by extensions ['ros']
[0.229s] Level 1:colcon.colcon_core.package_identification:_identify(src/nav_interfaces) by extension 'ros'
[0.229s] DEBUG:colcon.colcon_core.package_identification:Package 'src/nav_interfaces' with type 'ros.ament_cmake' and name 'nav_interfaces'
[0.229s] Level 1:colcon.colcon_core.package_identification:_identify(src/turtlebot3_gui) by extensions ['ignore', 'ignore_ament_install']
[0.229s] Level 1:colcon.colcon_core.package_identification:_identify(src/turtlebot3_gui) by extension 'ignore'
[0.229s] Level 1:colcon.colcon_core.package_identification:_identify(src/turtlebot3_gui) by extension 'ignore_ament_install'
[0.230s] Level 1:colcon.colcon_core.package_identification:_identify(src/turtlebot3_gui) by extensions ['colcon_pkg']
[0.230s] Level 1:colcon.colcon_core.package_identification:_identify(src/turtlebot3_gui) by extension 'colcon_pkg'
[0.230s] Level 1:colcon.colcon_core.package_identification:_identify(src/turtlebot3_gui) by extensions ['colcon_meta']
[0.230s] Level 1:colcon.colcon_core.package_identification:_identify(src/turtlebot3_gui) by extension 'colcon_meta'
[0.230s] Level 1:colcon.colcon_core.package_identification:_identify(src/turtlebot3_gui) by extensions ['ros']
[0.230s] Level 1:colcon.colcon_core.package_identification:_identify(src/turtlebot3_gui) by extension 'ros'
[0.230s] DEBUG:colcon.colcon_core.package_identification:Package 'src/turtlebot3_gui' with type 'ros.ament_python' and name 'turtlebot3_gui'
[0.230s] Level 1:colcon.colcon_core.package_discovery:discover_packages(recursive) using defaults
[0.230s] Level 1:colcon.colcon_core.package_discovery:discover_packages(ignore) discover
[0.230s] Level 1:colcon.colcon_core.package_discovery:discover_packages(ignore) using defaults
[0.230s] Level 1:colcon.colcon_core.package_discovery:discover_packages(path) discover
[0.230s] Level 1:colcon.colcon_core.package_discovery:discover_packages(path) using defaults
[0.248s] Level 1:colcon.colcon_core.package_discovery:discover_packages(prefix_path) check parameters
[0.248s] Level 1:colcon.colcon_core.package_discovery:discover_packages(prefix_path) discover
[0.249s] WARNING:colcon.colcon_core.prefix_path.colcon:The path '/home/robot/project_ws/install' in the environment variable COLCON_PREFIX_PATH doesn't exist
[0.249s] WARNING:colcon.colcon_ros.prefix_path.ament:The path '/home/robot/project_ws/install/turtlebot3_gui' in the environment variable AMENT_PREFIX_PATH doesn't exist
[0.249s] WARNING:colcon.colcon_ros.prefix_path.ament:The path '/home/robot/project_ws/install/nav_interfaces' in the environment variable AMENT_PREFIX_PATH doesn't exist
[0.249s] WARNING:colcon.colcon_ros.prefix_path.ament:The path '/home/robot/project_ws/install/cowork_robot' in the environment variable AMENT_PREFIX_PATH doesn't exist
[0.249s] WARNING:colcon.colcon_ros.prefix_path.ament:The path '/home/robot/project_ws/install/calculator_interfaces' in the environment variable AMENT_PREFIX_PATH doesn't exist
[0.250s] WARNING:colcon.colcon_ros.prefix_path.catkin:The path '/home/robot/project_ws/install/nav_interfaces' in the environment variable CMAKE_PREFIX_PATH doesn't exist
[0.250s] WARNING:colcon.colcon_ros.prefix_path.catkin:The path '/home/robot/project_ws/install/calculator_interfaces' in the environment variable CMAKE_PREFIX_PATH doesn't exist
[0.250s] DEBUG:colcon.colcon_installed_package_information.package_discovery:Found 13 installed packages in /home/robot/roarm_ws_em0/install
[0.251s] DEBUG:colcon.colcon_installed_package_information.package_discovery:Found 9 installed packages in /home/robot/colcon_ws/install
[0.251s] DEBUG:colcon.colcon_installed_package_information.package_discovery:Found 12 installed packages in /home/robot/turtlebot3_ws/install
[0.251s] DEBUG:colcon.colcon_installed_package_information.package_discovery:Found 1 installed packages in /home/robot/four_wheeled_robot_ws/install
[0.252s] DEBUG:colcon.colcon_installed_package_information.package_discovery:Found 451 installed packages in /opt/ros/humble
[0.254s] Level 1:colcon.colcon_core.package_discovery:discover_packages(prefix_path) using defaults
[0.287s] Level 5:colcon.colcon_core.verb:set package 'calculator_interfaces' build argument 'cmake_args' from command line to 'None'
[0.287s] Level 5:colcon.colcon_core.verb:set package 'calculator_interfaces' build argument 'cmake_target' from command line to 'None'
[0.287s] Level 5:colcon.colcon_core.verb:set package 'calculator_interfaces' build argument 'cmake_target_skip_unavailable' from command line to 'False'
[0.287s] Level 5:colcon.colcon_core.verb:set package 'calculator_interfaces' build argument 'cmake_clean_cache' from command line to 'False'
[0.287s] Level 5:colcon.colcon_core.verb:set package 'calculator_interfaces' build argument 'cmake_clean_first' from command line to 'False'
[0.287s] Level 5:colcon.colcon_core.verb:set package 'calculator_interfaces' build argument 'cmake_force_configure' from command line to 'False'
[0.287s] Level 5:colcon.colcon_core.verb:set package 'calculator_interfaces' build argument 'ament_cmake_args' from command line to 'None'
[0.287s] Level 5:colcon.colcon_core.verb:set package 'calculator_interfaces' build argument 'catkin_cmake_args' from command line to 'None'
[0.287s] Level 5:colcon.colcon_core.verb:set package 'calculator_interfaces' build argument 'catkin_skip_building_tests' from command line to 'False'
[0.287s] DEBUG:colcon.colcon_core.verb:Building package 'calculator_interfaces' with the following arguments: {'ament_cmake_args': None, 'build_base': '/home/robot/restaurant_ws/build/calculator_interfaces', 'catkin_cmake_args': None, 'catkin_skip_building_tests': False, 'cmake_args': None, 'cmake_clean_cache': False, 'cmake_clean_first': False, 'cmake_force_configure': False, 'cmake_target': None, 'cmake_target_skip_unavailable': False, 'install_base': '/home/robot/restaurant_ws/install/calculator_interfaces', 'merge_install': False, 'path': '/home/robot/restaurant_ws/src/calculator_interfaces', 'symlink_install': True, 'test_result_base': None}
[0.287s] Level 5:colcon.colcon_core.verb:set package 'cowork_robot' build argument 'cmake_args' from command line to 'None'
[0.287s] Level 5:colcon.colcon_core.verb:set package 'cowork_robot' build argument 'cmake_target' from command line to 'None'
[0.287s] Level 5:colcon.colcon_core.verb:set package 'cowork_robot' build argument 'cmake_target_skip_unavailable' from command line to 'False'
[0.287s] Level 5:colcon.colcon_core.verb:set package 'cowork_robot' build argument 'cmake_clean_cache' from command line to 'False'
[0.287s] Level 5:colcon.colcon_core.verb:set package 'cowork_robot' build argument 'cmake_clean_first' from command line to 'False'
[0.287s] Level 5:colcon.colcon_core.verb:set package 'cowork_robot' build argument 'cmake_force_configure' from command line to 'False'
[0.287s] Level 5:colcon.colcon_core.verb:set package 'cowork_robot' build argument 'ament_cmake_args' from command line to 'None'
[0.287s] Level 5:colcon.colcon_core.verb:set package 'cowork_robot' build argument 'catkin_cmake_args' from command line to 'None'
[0.287s] Level 5:colcon.colcon_core.verb:set package 'cowork_robot' build argument 'catkin_skip_building_tests' from command line to 'False'
[0.287s] DEBUG:colcon.colcon_core.verb:Building package 'cowork_robot' with the following arguments: {'ament_cmake_args': None, 'build_base': '/home/robot/restaurant_ws/build/cowork_robot', 'catkin_cmake_args': None, 'catkin_skip_building_tests': False, 'cmake_args': None, 'cmake_clean_cache': False, 'cmake_clean_first': False, 'cmake_force_configure': False, 'cmake_target': None, 'cmake_target_skip_unavailable': False, 'install_base': '/home/robot/restaurant_ws/install/cowork_robot', 'merge_install': False, 'path': '/home/robot/restaurant_ws/src/cowork_robot', 'symlink_install': True, 'test_result_base': None}
[0.287s] Level 5:colcon.colcon_core.verb:set package 'nav_interfaces' build argument 'cmake_args' from command line to 'None'
[0.287s] Level 5:colcon.colcon_core.verb:set package 'nav_interfaces' build argument 'cmake_target' from command line to 'None'
[0.287s] Level 5:colcon.colcon_core.verb:set package 'nav_interfaces' build argument 'cmake_target_skip_unavailable' from command line to 'False'
[0.287s] Level 5:colcon.colcon_core.verb:set package 'nav_interfaces' build argument 'cmake_clean_cache' from command line to 'False'
[0.287s] Level 5:colcon.colcon_core.verb:set package 'nav_interfaces' build argument 'cmake_clean_first' from command line to 'False'
[0.287s] Level 5:colcon.colcon_core.verb:set package 'nav_interfaces' build argument 'cmake_force_configure' from command line to 'False'
[0.287s] Level 5:colcon.colcon_core.verb:set package 'nav_interfaces' build argument 'ament_cmake_args' from command line to 'None'
[0.287s] Level 5:colcon.colcon_core.verb:set package 'nav_interfaces' build argument 'catkin_cmake_args' from command line to 'None'
[0.287s] Level 5:colcon.colcon_core.verb:set package 'nav_interfaces' build argument 'catkin_skip_building_tests' from command line to 'False'
[0.287s] DEBUG:colcon.colcon_core.verb:Building package 'nav_interfaces' with the following arguments: {'ament_cmake_args': None, 'build_base': '/home/robot/restaurant_ws/build/nav_interfaces', 'catkin_cmake_args': None, 'catkin_skip_building_tests': False, 'cmake_args': None, 'cmake_clean_cache': False, 'cmake_clean_first': False, 'cmake_force_configure': False, 'cmake_target': None, 'cmake_target_skip_unavailable': False, 'install_base': '/home/robot/restaurant_ws/install/nav_interfaces', 'merge_install': False, 'path': '/home/robot/restaurant_ws/src/nav_interfaces', 'symlink_install': True, 'test_result_base': None}
[0.288s] Level 5:colcon.colcon_core.verb:set package 'turtlebot3_gui' build argument 'cmake_args' from command line to 'None'
[0.288s] Level 5:colcon.colcon_core.verb:set package 'turtlebot3_gui' build argument 'cmake_target' from command line to 'None'
[0.288s] Level 5:colcon.colcon_core.verb:set package 'turtlebot3_gui' build argument 'cmake_target_skip_unavailable' from command line to 'False'
[0.288s] Level 5:colcon.colcon_core.verb:set package 'turtlebot3_gui' build argument 'cmake_clean_cache' from command line to 'False'
[0.288s] Level 5:colcon.colcon_core.verb:set package 'turtlebot3_gui' build argument 'cmake_clean_first' from command line to 'False'
[0.288s] Level 5:colcon.colcon_core.verb:set package 'turtlebot3_gui' build argument 'cmake_force_configure' from command line to 'False'
[0.288s] Level 5:colcon.colcon_core.verb:set package 'turtlebot3_gui' build argument 'ament_cmake_args' from command line to 'None'
[0.288s] Level 5:colcon.colcon_core.verb:set package 'turtlebot3_gui' build argument 'catkin_cmake_args' from command line to 'None'
[0.288s] Level 5:colcon.colcon_core.verb:set package 'turtlebot3_gui' build argument 'catkin_skip_building_tests' from command line to 'False'
[0.288s] DEBUG:colcon.colcon_core.verb:Building package 'turtlebot3_gui' with the following arguments: {'ament_cmake_args': None, 'build_base': '/home/robot/restaurant_ws/build/turtlebot3_gui', 'catkin_cmake_args': None, 'catkin_skip_building_tests': False, 'cmake_args': None, 'cmake_clean_cache': False, 'cmake_clean_first': False, 'cmake_force_configure': False, 'cmake_target': None, 'cmake_target_skip_unavailable': False, 'install_base': '/home/robot/restaurant_ws/install/turtlebot3_gui', 'merge_install': False, 'path': '/home/robot/restaurant_ws/src/turtlebot3_gui', 'symlink_install': True, 'test_result_base': None}
[0.288s] INFO:colcon.colcon_core.executor:Executing jobs using 'parallel' executor
[0.289s] DEBUG:colcon.colcon_parallel_executor.executor.parallel:run_until_complete
[0.289s] INFO:colcon.colcon_ros.task.ament_cmake.build:Building ROS package in '/home/robot/restaurant_ws/src/calculator_interfaces' with build type 'ament_cmake'
[0.289s] INFO:colcon.colcon_cmake.task.cmake.build:Building CMake package in '/home/robot/restaurant_ws/src/calculator_interfaces'
[0.291s] INFO:colcon.colcon_core.plugin_system:Skipping extension 'colcon_core.shell.bat': Not used on non-Windows systems
[0.291s] INFO:colcon.colcon_core.shell:Skip shell extension 'powershell' for command environment: Not usable outside of PowerShell
[0.291s] DEBUG:colcon.colcon_core.shell:Skip shell extension 'dsv' for command environment
[0.295s] INFO:colcon.colcon_ros.task.ament_python.build:Building ROS package in '/home/robot/restaurant_ws/src/cowork_robot' with build type 'ament_python'
[0.296s] Level 1:colcon.colcon_core.shell:create_environment_hook('cowork_robot', 'ament_prefix_path')
[0.296s] INFO:colcon.colcon_core.shell:Creating environment hook '/home/robot/restaurant_ws/install/cowork_robot/share/cowork_robot/hook/ament_prefix_path.ps1'
[0.296s] INFO:colcon.colcon_core.shell:Creating environment descriptor '/home/robot/restaurant_ws/install/cowork_robot/share/cowork_robot/hook/ament_prefix_path.dsv'
[0.297s] INFO:colcon.colcon_core.shell:Creating environment hook '/home/robot/restaurant_ws/install/cowork_robot/share/cowork_robot/hook/ament_prefix_path.sh'
[0.297s] INFO:colcon.colcon_core.shell:Skip shell extension 'powershell' for command environment: Not usable outside of PowerShell
[0.297s] DEBUG:colcon.colcon_core.shell:Skip shell extension 'dsv' for command environment
[0.301s] INFO:colcon.colcon_ros.task.ament_cmake.build:Building ROS package in '/home/robot/restaurant_ws/src/nav_interfaces' with build type 'ament_cmake'
[0.301s] INFO:colcon.colcon_cmake.task.cmake.build:Building CMake package in '/home/robot/restaurant_ws/src/nav_interfaces'
[0.301s] INFO:colcon.colcon_core.shell:Skip shell extension 'powershell' for command environment: Not usable outside of PowerShell
[0.301s] DEBUG:colcon.colcon_core.shell:Skip shell extension 'dsv' for command environment
[0.305s] INFO:colcon.colcon_ros.task.ament_python.build:Building ROS package in '/home/robot/restaurant_ws/src/turtlebot3_gui' with build type 'ament_python'
[0.305s] Level 1:colcon.colcon_core.shell:create_environment_hook('turtlebot3_gui', 'ament_prefix_path')
[0.305s] INFO:colcon.colcon_core.shell:Creating environment hook '/home/robot/restaurant_ws/install/turtlebot3_gui/share/turtlebot3_gui/hook/ament_prefix_path.ps1'
[0.306s] INFO:colcon.colcon_core.shell:Creating environment descriptor '/home/robot/restaurant_ws/install/turtlebot3_gui/share/turtlebot3_gui/hook/ament_prefix_path.dsv'
[0.306s] INFO:colcon.colcon_core.shell:Creating environment hook '/home/robot/restaurant_ws/install/turtlebot3_gui/share/turtlebot3_gui/hook/ament_prefix_path.sh'
[0.306s] INFO:colcon.colcon_core.shell:Skip shell extension 'powershell' for command environment: Not usable outside of PowerShell
[0.306s] DEBUG:colcon.colcon_core.shell:Skip shell extension 'dsv' for command environment
[0.312s] DEBUG:colcon.colcon_core.event_handler.log_command:Invoking command in '/home/robot/restaurant_ws/build/calculator_interfaces': CMAKE_PREFIX_PATH=${CMAKE_PREFIX_PATH}:/home/robot/roarm_ws_em0/install/ros2web_widgets:/home/robot/roarm_ws_em0/install/ros2web_example_py:/home/robot/roarm_ws_em0/install/roarm_web_app:/home/robot/roarm_ws_em0/install/ros2web_app:/home/robot/roarm_ws_em0/install/ros2web:/home/robot/roarm_ws_em0/install/roarm_driver:/home/robot/roarm_ws_em0/install/launch_api:/home/robot/turtlebot3_ws/install/turtlebot3_teleop:/home/robot/turtlebot3_ws/install/turtlebot3_example:/home/robot/four_wheeled_robot_ws/install/four_wheeled_robot:/home/robot/project_ws/install/turtlebot3_gui:/home/robot/project_ws/install/cowork_robot:/opt/ros/humble /usr/bin/cmake /home/robot/restaurant_ws/src/calculator_interfaces -DAMENT_CMAKE_SYMLINK_INSTALL=1 -DCMAKE_INSTALL_PREFIX=/home/robot/restaurant_ws/install/calculator_interfaces
[0.509s] INFO:colcon.colcon_core.task.python.build:Building Python package in '/home/robot/restaurant_ws/src/cowork_robot'
[0.509s] INFO:colcon.colcon_core.shell:Skip shell extension 'powershell' for command environment: Not usable outside of PowerShell
[0.509s] DEBUG:colcon.colcon_core.shell:Skip shell extension 'dsv' for command environment
[0.518s] DEBUG:colcon.colcon_core.event_handler.log_command:Invoking command in '/home/robot/restaurant_ws/build/nav_interfaces': CMAKE_PREFIX_PATH=${CMAKE_PREFIX_PATH}:/home/robot/roarm_ws_em0/install/ros2web_widgets:/home/robot/roarm_ws_em0/install/ros2web_example_py:/home/robot/roarm_ws_em0/install/roarm_web_app:/home/robot/roarm_ws_em0/install/ros2web_app:/home/robot/roarm_ws_em0/install/ros2web:/home/robot/roarm_ws_em0/install/roarm_driver:/home/robot/roarm_ws_em0/install/launch_api:/home/robot/turtlebot3_ws/install/turtlebot3_teleop:/home/robot/turtlebot3_ws/install/turtlebot3_example:/home/robot/four_wheeled_robot_ws/install/four_wheeled_robot:/home/robot/project_ws/install/turtlebot3_gui:/home/robot/project_ws/install/cowork_robot:/opt/ros/humble /usr/bin/cmake /home/robot/restaurant_ws/src/nav_interfaces -DAMENT_CMAKE_SYMLINK_INSTALL=1 -DCMAKE_INSTALL_PREFIX=/home/robot/restaurant_ws/install/nav_interfaces
[0.728s] INFO:colcon.colcon_core.task.python.build:Building Python package in '/home/robot/restaurant_ws/src/turtlebot3_gui'
[0.728s] INFO:colcon.colcon_core.shell:Skip shell extension 'powershell' for command environment: Not usable outside of PowerShell
[0.728s] DEBUG:colcon.colcon_core.shell:Skip shell extension 'dsv' for command environment
[1.006s] DEBUG:colcon.colcon_core.event_handler.log_command:Invoking command in '/home/robot/restaurant_ws/build/cowork_robot': PYTHONPATH=/home/robot/restaurant_ws/build/cowork_robot/prefix_override:/usr/lib/python3/dist-packages/colcon_core/task/python/colcon_distutils_commands:/home/robot/restaurant_ws/install/cowork_robot/lib/python3.10/site-packages:${PYTHONPATH} /usr/bin/python3 -W ignore:setup.py install is deprecated setup.py develop --editable --build-directory /home/robot/restaurant_ws/build/cowork_robot/build --no-deps symlink_data
[1.009s] DEBUG:colcon.colcon_core.event_handler.log_command:Invoking command in '/home/robot/restaurant_ws/build/turtlebot3_gui': PYTHONPATH=/home/robot/restaurant_ws/build/turtlebot3_gui/prefix_override:/usr/lib/python3/dist-packages/colcon_core/task/python/colcon_distutils_commands:/home/robot/restaurant_ws/install/turtlebot3_gui/lib/python3.10/site-packages:${PYTHONPATH} /usr/bin/python3 -W ignore:setup.py install is deprecated setup.py develop --editable --build-directory /home/robot/restaurant_ws/build/turtlebot3_gui/build --no-deps symlink_data
[1.365s] Level 1:colcon.colcon_core.shell:create_environment_hook('cowork_robot', 'pythonpath_develop')
[1.366s] INFO:colcon.colcon_core.shell:Creating environment hook '/home/robot/restaurant_ws/build/cowork_robot/share/cowork_robot/hook/pythonpath_develop.ps1'
[1.366s] DEBUG:colcon.colcon_core.event_handler.log_command:Invoked command in '/home/robot/restaurant_ws/build/cowork_robot' returned '0': PYTHONPATH=/home/robot/restaurant_ws/build/cowork_robot/prefix_override:/usr/lib/python3/dist-packages/colcon_core/task/python/colcon_distutils_commands:/home/robot/restaurant_ws/install/cowork_robot/lib/python3.10/site-packages:${PYTHONPATH} /usr/bin/python3 -W ignore:setup.py install is deprecated setup.py develop --editable --build-directory /home/robot/restaurant_ws/build/cowork_robot/build --no-deps symlink_data
[1.367s] INFO:colcon.colcon_core.shell:Creating environment descriptor '/home/robot/restaurant_ws/build/cowork_robot/share/cowork_robot/hook/pythonpath_develop.dsv'
[1.367s] INFO:colcon.colcon_core.shell:Creating environment hook '/home/robot/restaurant_ws/build/cowork_robot/share/cowork_robot/hook/pythonpath_develop.sh'
[1.369s] Level 1:colcon.colcon_core.environment:checking '/home/robot/restaurant_ws/install/cowork_robot' for CMake module files
[1.370s] Level 1:colcon.colcon_core.environment:checking '/home/robot/restaurant_ws/install/cowork_robot' for CMake config files
[1.371s] Level 1:colcon.colcon_core.environment:checking '/home/robot/restaurant_ws/install/cowork_robot/lib'
[1.371s] Level 1:colcon.colcon_core.environment:checking '/home/robot/restaurant_ws/install/cowork_robot/bin'
[1.371s] Level 1:colcon.colcon_core.environment:checking '/home/robot/restaurant_ws/install/cowork_robot/lib/pkgconfig/cowork_robot.pc'
[1.371s] Level 1:colcon.colcon_core.environment:checking '/home/robot/restaurant_ws/install/cowork_robot/lib/python3.10/site-packages'
[1.372s] Level 1:colcon.colcon_core.shell:create_environment_hook('cowork_robot', 'pythonpath')
[1.372s] INFO:colcon.colcon_core.shell:Creating environment hook '/home/robot/restaurant_ws/install/cowork_robot/share/cowork_robot/hook/pythonpath.ps1'
[1.373s] INFO:colcon.colcon_core.shell:Creating environment descriptor '/home/robot/restaurant_ws/install/cowork_robot/share/cowork_robot/hook/pythonpath.dsv'
[1.374s] INFO:colcon.colcon_core.shell:Creating environment hook '/home/robot/restaurant_ws/install/cowork_robot/share/cowork_robot/hook/pythonpath.sh'
[1.374s] Level 1:colcon.colcon_core.environment:checking '/home/robot/restaurant_ws/install/cowork_robot/bin'
[1.374s] Level 1:colcon.colcon_core.environment:create_environment_scripts_only(cowork_robot)
[1.374s] INFO:colcon.colcon_core.shell:Creating package script '/home/robot/restaurant_ws/install/cowork_robot/share/cowork_robot/package.ps1'
[1.376s] INFO:colcon.colcon_core.shell:Creating package descriptor '/home/robot/restaurant_ws/install/cowork_robot/share/cowork_robot/package.dsv'
[1.377s] INFO:colcon.colcon_core.shell:Creating package script '/home/robot/restaurant_ws/install/cowork_robot/share/cowork_robot/package.sh'
[1.377s] INFO:colcon.colcon_core.shell:Creating package script '/home/robot/restaurant_ws/install/cowork_robot/share/cowork_robot/package.bash'
[1.377s] INFO:colcon.colcon_core.shell:Creating package script '/home/robot/restaurant_ws/install/cowork_robot/share/cowork_robot/package.zsh'
[1.378s] Level 1:colcon.colcon_core.environment:create_file_with_runtime_dependencies(/home/robot/restaurant_ws/install/cowork_robot/share/colcon-core/packages/cowork_robot)
[1.396s] Level 1:colcon.colcon_core.shell:create_environment_hook('turtlebot3_gui', 'pythonpath_develop')
[1.397s] DEBUG:colcon.colcon_core.event_handler.log_command:Invoked command in '/home/robot/restaurant_ws/build/turtlebot3_gui' returned '0': PYTHONPATH=/home/robot/restaurant_ws/build/turtlebot3_gui/prefix_override:/usr/lib/python3/dist-packages/colcon_core/task/python/colcon_distutils_commands:/home/robot/restaurant_ws/install/turtlebot3_gui/lib/python3.10/site-packages:${PYTHONPATH} /usr/bin/python3 -W ignore:setup.py install is deprecated setup.py develop --editable --build-directory /home/robot/restaurant_ws/build/turtlebot3_gui/build --no-deps symlink_data
[1.397s] INFO:colcon.colcon_core.shell:Creating environment hook '/home/robot/restaurant_ws/build/turtlebot3_gui/share/turtlebot3_gui/hook/pythonpath_develop.ps1'
[1.397s] INFO:colcon.colcon_core.shell:Creating environment descriptor '/home/robot/restaurant_ws/build/turtlebot3_gui/share/turtlebot3_gui/hook/pythonpath_develop.dsv'
[1.398s] INFO:colcon.colcon_core.shell:Creating environment hook '/home/robot/restaurant_ws/build/turtlebot3_gui/share/turtlebot3_gui/hook/pythonpath_develop.sh'
[1.398s] Level 1:colcon.colcon_core.environment:checking '/home/robot/restaurant_ws/install/turtlebot3_gui' for CMake module files
[1.398s] Level 1:colcon.colcon_core.environment:checking '/home/robot/restaurant_ws/install/turtlebot3_gui' for CMake config files
[1.399s] Level 1:colcon.colcon_core.environment:checking '/home/robot/restaurant_ws/install/turtlebot3_gui/lib'
[1.399s] Level 1:colcon.colcon_core.environment:checking '/home/robot/restaurant_ws/install/turtlebot3_gui/bin'
[1.399s] Level 1:colcon.colcon_core.environment:checking '/home/robot/restaurant_ws/install/turtlebot3_gui/lib/pkgconfig/turtlebot3_gui.pc'
[1.399s] Level 1:colcon.colcon_core.environment:checking '/home/robot/restaurant_ws/install/turtlebot3_gui/lib/python3.10/site-packages'
[1.399s] Level 1:colcon.colcon_core.shell:create_environment_hook('turtlebot3_gui', 'pythonpath')
[1.399s] INFO:colcon.colcon_core.shell:Creating environment hook '/home/robot/restaurant_ws/install/turtlebot3_gui/share/turtlebot3_gui/hook/pythonpath.ps1'
[1.399s] INFO:colcon.colcon_core.shell:Creating environment descriptor '/home/robot/restaurant_ws/install/turtlebot3_gui/share/turtlebot3_gui/hook/pythonpath.dsv'
[1.399s] INFO:colcon.colcon_core.shell:Creating environment hook '/home/robot/restaurant_ws/install/turtlebot3_gui/share/turtlebot3_gui/hook/pythonpath.sh'
[1.400s] Level 1:colcon.colcon_core.environment:checking '/home/robot/restaurant_ws/install/turtlebot3_gui/bin'
[1.400s] Level 1:colcon.colcon_core.environment:create_environment_scripts_only(turtlebot3_gui)
[1.400s] INFO:colcon.colcon_core.shell:Creating package script '/home/robot/restaurant_ws/install/turtlebot3_gui/share/turtlebot3_gui/package.ps1'
[1.400s] INFO:colcon.colcon_core.shell:Creating package descriptor '/home/robot/restaurant_ws/install/turtlebot3_gui/share/turtlebot3_gui/package.dsv'
[1.401s] INFO:colcon.colcon_core.shell:Creating package script '/home/robot/restaurant_ws/install/turtlebot3_gui/share/turtlebot3_gui/package.sh'
[1.401s] INFO:colcon.colcon_core.shell:Creating package script '/home/robot/restaurant_ws/install/turtlebot3_gui/share/turtlebot3_gui/package.bash'
[1.401s] INFO:colcon.colcon_core.shell:Creating package script '/home/robot/restaurant_ws/install/turtlebot3_gui/share/turtlebot3_gui/package.zsh'
[1.401s] Level 1:colcon.colcon_core.environment:create_file_with_runtime_dependencies(/home/robot/restaurant_ws/install/turtlebot3_gui/share/colcon-core/packages/turtlebot3_gui)
[1.781s] DEBUG:colcon.colcon_core.event_handler.log_command:Invoked command in '/home/robot/restaurant_ws/build/calculator_interfaces' returned '0': CMAKE_PREFIX_PATH=${CMAKE_PREFIX_PATH}:/home/robot/roarm_ws_em0/install/ros2web_widgets:/home/robot/roarm_ws_em0/install/ros2web_example_py:/home/robot/roarm_ws_em0/install/roarm_web_app:/home/robot/roarm_ws_em0/install/ros2web_app:/home/robot/roarm_ws_em0/install/ros2web:/home/robot/roarm_ws_em0/install/roarm_driver:/home/robot/roarm_ws_em0/install/launch_api:/home/robot/turtlebot3_ws/install/turtlebot3_teleop:/home/robot/turtlebot3_ws/install/turtlebot3_example:/home/robot/four_wheeled_robot_ws/install/four_wheeled_robot:/home/robot/project_ws/install/turtlebot3_gui:/home/robot/project_ws/install/cowork_robot:/opt/ros/humble /usr/bin/cmake /home/robot/restaurant_ws/src/calculator_interfaces -DAMENT_CMAKE_SYMLINK_INSTALL=1 -DCMAKE_INSTALL_PREFIX=/home/robot/restaurant_ws/install/calculator_interfaces
[1.783s] DEBUG:colcon.colcon_core.event_handler.log_command:Invoking command in '/home/robot/restaurant_ws/build/calculator_interfaces': CMAKE_PREFIX_PATH=${CMAKE_PREFIX_PATH}:/home/robot/roarm_ws_em0/install/ros2web_widgets:/home/robot/roarm_ws_em0/install/ros2web_example_py:/home/robot/roarm_ws_em0/install/roarm_web_app:/home/robot/roarm_ws_em0/install/ros2web_app:/home/robot/roarm_ws_em0/install/ros2web:/home/robot/roarm_ws_em0/install/roarm_driver:/home/robot/roarm_ws_em0/install/launch_api:/home/robot/turtlebot3_ws/install/turtlebot3_teleop:/home/robot/turtlebot3_ws/install/turtlebot3_example:/home/robot/four_wheeled_robot_ws/install/four_wheeled_robot:/home/robot/project_ws/install/turtlebot3_gui:/home/robot/project_ws/install/cowork_robot:/opt/ros/humble /usr/bin/cmake --build /home/robot/restaurant_ws/build/calculator_interfaces -- -j16 -l16
[2.677s] DEBUG:colcon.colcon_core.event_handler.log_command:Invoked command in '/home/robot/restaurant_ws/build/nav_interfaces' returned '0': CMAKE_PREFIX_PATH=${CMAKE_PREFIX_PATH}:/home/robot/roarm_ws_em0/install/ros2web_widgets:/home/robot/roarm_ws_em0/install/ros2web_example_py:/home/robot/roarm_ws_em0/install/roarm_web_app:/home/robot/roarm_ws_em0/install/ros2web_app:/home/robot/roarm_ws_em0/install/ros2web:/home/robot/roarm_ws_em0/install/roarm_driver:/home/robot/roarm_ws_em0/install/launch_api:/home/robot/turtlebot3_ws/install/turtlebot3_teleop:/home/robot/turtlebot3_ws/install/turtlebot3_example:/home/robot/four_wheeled_robot_ws/install/four_wheeled_robot:/home/robot/project_ws/install/turtlebot3_gui:/home/robot/project_ws/install/cowork_robot:/opt/ros/humble /usr/bin/cmake /home/robot/restaurant_ws/src/nav_interfaces -DAMENT_CMAKE_SYMLINK_INSTALL=1 -DCMAKE_INSTALL_PREFIX=/home/robot/restaurant_ws/install/nav_interfaces
[2.679s] DEBUG:colcon.colcon_core.event_handler.log_command:Invoking command in '/home/robot/restaurant_ws/build/nav_interfaces': CMAKE_PREFIX_PATH=${CMAKE_PREFIX_PATH}:/home/robot/roarm_ws_em0/install/ros2web_widgets:/home/robot/roarm_ws_em0/install/ros2web_example_py:/home/robot/roarm_ws_em0/install/roarm_web_app:/home/robot/roarm_ws_em0/install/ros2web_app:/home/robot/roarm_ws_em0/install/ros2web:/home/robot/roarm_ws_em0/install/roarm_driver:/home/robot/roarm_ws_em0/install/launch_api:/home/robot/turtlebot3_ws/install/turtlebot3_teleop:/home/robot/turtlebot3_ws/install/turtlebot3_example:/home/robot/four_wheeled_robot_ws/install/four_wheeled_robot:/home/robot/project_ws/install/turtlebot3_gui:/home/robot/project_ws/install/cowork_robot:/opt/ros/humble /usr/bin/cmake --build /home/robot/restaurant_ws/build/nav_interfaces -- -j16 -l16
[3.335s] DEBUG:colcon.colcon_core.event_handler.log_command:Invoked command in '/home/robot/restaurant_ws/build/calculator_interfaces' returned '0': CMAKE_PREFIX_PATH=${CMAKE_PREFIX_PATH}:/home/robot/roarm_ws_em0/install/ros2web_widgets:/home/robot/roarm_ws_em0/install/ros2web_example_py:/home/robot/roarm_ws_em0/install/roarm_web_app:/home/robot/roarm_ws_em0/install/ros2web_app:/home/robot/roarm_ws_em0/install/ros2web:/home/robot/roarm_ws_em0/install/roarm_driver:/home/robot/roarm_ws_em0/install/launch_api:/home/robot/turtlebot3_ws/install/turtlebot3_teleop:/home/robot/turtlebot3_ws/install/turtlebot3_example:/home/robot/four_wheeled_robot_ws/install/four_wheeled_robot:/home/robot/project_ws/install/turtlebot3_gui:/home/robot/project_ws/install/cowork_robot:/opt/ros/humble /usr/bin/cmake --build /home/robot/restaurant_ws/build/calculator_interfaces -- -j16 -l16
[3.424s] DEBUG:colcon.colcon_core.event_handler.log_command:Invoking command in '/home/robot/restaurant_ws/build/calculator_interfaces': CMAKE_PREFIX_PATH=${CMAKE_PREFIX_PATH}:/home/robot/roarm_ws_em0/install/ros2web_widgets:/home/robot/roarm_ws_em0/install/ros2web_example_py:/home/robot/roarm_ws_em0/install/roarm_web_app:/home/robot/roarm_ws_em0/install/ros2web_app:/home/robot/roarm_ws_em0/install/ros2web:/home/robot/roarm_ws_em0/install/roarm_driver:/home/robot/roarm_ws_em0/install/launch_api:/home/robot/turtlebot3_ws/install/turtlebot3_teleop:/home/robot/turtlebot3_ws/install/turtlebot3_example:/home/robot/four_wheeled_robot_ws/install/four_wheeled_robot:/home/robot/project_ws/install/turtlebot3_gui:/home/robot/project_ws/install/cowork_robot:/opt/ros/humble /usr/bin/cmake --install /home/robot/restaurant_ws/build/calculator_interfaces
[4.054s] Level 1:colcon.colcon_core.environment:create_environment_scripts_only(calculator_interfaces)
[4.055s] Level 1:colcon.colcon_core.environment:checking '/home/robot/restaurant_ws/install/calculator_interfaces' for CMake module files
[4.056s] DEBUG:colcon.colcon_core.event_handler.log_command:Invoked command in '/home/robot/restaurant_ws/build/calculator_interfaces' returned '0': CMAKE_PREFIX_PATH=${CMAKE_PREFIX_PATH}:/home/robot/roarm_ws_em0/install/ros2web_widgets:/home/robot/roarm_ws_em0/install/ros2web_example_py:/home/robot/roarm_ws_em0/install/roarm_web_app:/home/robot/roarm_ws_em0/install/ros2web_app:/home/robot/roarm_ws_em0/install/ros2web:/home/robot/roarm_ws_em0/install/roarm_driver:/home/robot/roarm_ws_em0/install/launch_api:/home/robot/turtlebot3_ws/install/turtlebot3_teleop:/home/robot/turtlebot3_ws/install/turtlebot3_example:/home/robot/four_wheeled_robot_ws/install/four_wheeled_robot:/home/robot/project_ws/install/turtlebot3_gui:/home/robot/project_ws/install/cowork_robot:/opt/ros/humble /usr/bin/cmake --install /home/robot/restaurant_ws/build/calculator_interfaces
[4.056s] Level 1:colcon.colcon_core.environment:checking '/home/robot/restaurant_ws/install/calculator_interfaces' for CMake config files
[4.057s] Level 1:colcon.colcon_core.shell:create_environment_hook('calculator_interfaces', 'cmake_prefix_path')
[4.057s] INFO:colcon.colcon_core.shell:Creating environment hook '/home/robot/restaurant_ws/install/calculator_interfaces/share/calculator_interfaces/hook/cmake_prefix_path.ps1'
[4.058s] INFO:colcon.colcon_core.shell:Creating environment descriptor '/home/robot/restaurant_ws/install/calculator_interfaces/share/calculator_interfaces/hook/cmake_prefix_path.dsv'
[4.058s] INFO:colcon.colcon_core.shell:Creating environment hook '/home/robot/restaurant_ws/install/calculator_interfaces/share/calculator_interfaces/hook/cmake_prefix_path.sh'
[4.059s] Level 1:colcon.colcon_core.environment:checking '/home/robot/restaurant_ws/install/calculator_interfaces/lib'
[4.059s] Level 1:colcon.colcon_core.shell:create_environment_hook('calculator_interfaces', 'ld_library_path_lib')
[4.059s] INFO:colcon.colcon_core.shell:Creating environment hook '/home/robot/restaurant_ws/install/calculator_interfaces/share/calculator_interfaces/hook/ld_library_path_lib.ps1'
[4.060s] INFO:colcon.colcon_core.shell:Creating environment descriptor '/home/robot/restaurant_ws/install/calculator_interfaces/share/calculator_interfaces/hook/ld_library_path_lib.dsv'
[4.060s] INFO:colcon.colcon_core.shell:Creating environment hook '/home/robot/restaurant_ws/install/calculator_interfaces/share/calculator_interfaces/hook/ld_library_path_lib.sh'
[4.060s] Level 1:colcon.colcon_core.environment:checking '/home/robot/restaurant_ws/install/calculator_interfaces/bin'
[4.060s] Level 1:colcon.colcon_core.environment:checking '/home/robot/restaurant_ws/install/calculator_interfaces/lib/pkgconfig/calculator_interfaces.pc'
[4.061s] Level 1:colcon.colcon_core.environment:checking '/home/robot/restaurant_ws/install/calculator_interfaces/lib/python3.10/site-packages'
[4.061s] Level 1:colcon.colcon_core.environment:checking '/home/robot/restaurant_ws/install/calculator_interfaces/bin'
[4.061s] INFO:colcon.colcon_core.shell:Creating package script '/home/robot/restaurant_ws/install/calculator_interfaces/share/calculator_interfaces/package.ps1'
[4.062s] INFO:colcon.colcon_core.shell:Creating package descriptor '/home/robot/restaurant_ws/install/calculator_interfaces/share/calculator_interfaces/package.dsv'
[4.062s] INFO:colcon.colcon_core.shell:Creating package script '/home/robot/restaurant_ws/install/calculator_interfaces/share/calculator_interfaces/package.sh'
[4.062s] INFO:colcon.colcon_core.shell:Creating package script '/home/robot/restaurant_ws/install/calculator_interfaces/share/calculator_interfaces/package.bash'
[4.062s] INFO:colcon.colcon_core.shell:Creating package script '/home/robot/restaurant_ws/install/calculator_interfaces/share/calculator_interfaces/package.zsh'
[4.063s] Level 1:colcon.colcon_core.environment:create_file_with_runtime_dependencies(/home/robot/restaurant_ws/install/calculator_interfaces/share/colcon-core/packages/calculator_interfaces)
[4.140s] Level 1:colcon.colcon_core.environment:create_environment_scripts_only(calculator_interfaces)
[4.141s] Level 1:colcon.colcon_core.environment:checking '/home/robot/restaurant_ws/install/calculator_interfaces' for CMake module files
[4.141s] Level 1:colcon.colcon_core.environment:checking '/home/robot/restaurant_ws/install/calculator_interfaces' for CMake config files
[4.141s] Level 1:colcon.colcon_core.shell:create_environment_hook('calculator_interfaces', 'cmake_prefix_path')
[4.141s] INFO:colcon.colcon_core.shell:Creating environment hook '/home/robot/restaurant_ws/install/calculator_interfaces/share/calculator_interfaces/hook/cmake_prefix_path.ps1'
[4.142s] INFO:colcon.colcon_core.shell:Creating environment descriptor '/home/robot/restaurant_ws/install/calculator_interfaces/share/calculator_interfaces/hook/cmake_prefix_path.dsv'
[4.142s] INFO:colcon.colcon_core.shell:Creating environment hook '/home/robot/restaurant_ws/install/calculator_interfaces/share/calculator_interfaces/hook/cmake_prefix_path.sh'
[4.143s] Level 1:colcon.colcon_core.environment:checking '/home/robot/restaurant_ws/install/calculator_interfaces/lib'
[4.143s] Level 1:colcon.colcon_core.shell:create_environment_hook('calculator_interfaces', 'ld_library_path_lib')
[4.143s] INFO:colcon.colcon_core.shell:Creating environment hook '/home/robot/restaurant_ws/install/calculator_interfaces/share/calculator_interfaces/hook/ld_library_path_lib.ps1'
[4.143s] INFO:colcon.colcon_core.shell:Creating environment descriptor '/home/robot/restaurant_ws/install/calculator_interfaces/share/calculator_interfaces/hook/ld_library_path_lib.dsv'
[4.143s] INFO:colcon.colcon_core.shell:Creating environment hook '/home/robot/restaurant_ws/install/calculator_interfaces/share/calculator_interfaces/hook/ld_library_path_lib.sh'
[4.144s] Level 1:colcon.colcon_core.environment:checking '/home/robot/restaurant_ws/install/calculator_interfaces/bin'
[4.144s] Level 1:colcon.colcon_core.environment:checking '/home/robot/restaurant_ws/install/calculator_interfaces/lib/pkgconfig/calculator_interfaces.pc'
[4.144s] Level 1:colcon.colcon_core.environment:checking '/home/robot/restaurant_ws/install/calculator_interfaces/lib/python3.10/site-packages'
[4.144s] Level 1:colcon.colcon_core.environment:checking '/home/robot/restaurant_ws/install/calculator_interfaces/bin'
[4.144s] INFO:colcon.colcon_core.shell:Creating package script '/home/robot/restaurant_ws/install/calculator_interfaces/share/calculator_interfaces/package.ps1'
[4.144s] INFO:colcon.colcon_core.shell:Creating package descriptor '/home/robot/restaurant_ws/install/calculator_interfaces/share/calculator_interfaces/package.dsv'
[4.145s] INFO:colcon.colcon_core.shell:Creating package script '/home/robot/restaurant_ws/install/calculator_interfaces/share/calculator_interfaces/package.sh'
[4.145s] INFO:colcon.colcon_core.shell:Creating package script '/home/robot/restaurant_ws/install/calculator_interfaces/share/calculator_interfaces/package.bash'
[4.145s] INFO:colcon.colcon_core.shell:Creating package script '/home/robot/restaurant_ws/install/calculator_interfaces/share/calculator_interfaces/package.zsh'
[4.145s] Level 1:colcon.colcon_core.environment:create_file_with_runtime_dependencies(/home/robot/restaurant_ws/install/calculator_interfaces/share/colcon-core/packages/calculator_interfaces)
[5.211s] DEBUG:colcon.colcon_core.event_handler.log_command:Invoked command in '/home/robot/restaurant_ws/build/nav_interfaces' returned '0': CMAKE_PREFIX_PATH=${CMAKE_PREFIX_PATH}:/home/robot/roarm_ws_em0/install/ros2web_widgets:/home/robot/roarm_ws_em0/install/ros2web_example_py:/home/robot/roarm_ws_em0/install/roarm_web_app:/home/robot/roarm_ws_em0/install/ros2web_app:/home/robot/roarm_ws_em0/install/ros2web:/home/robot/roarm_ws_em0/install/roarm_driver:/home/robot/roarm_ws_em0/install/launch_api:/home/robot/turtlebot3_ws/install/turtlebot3_teleop:/home/robot/turtlebot3_ws/install/turtlebot3_example:/home/robot/four_wheeled_robot_ws/install/four_wheeled_robot:/home/robot/project_ws/install/turtlebot3_gui:/home/robot/project_ws/install/cowork_robot:/opt/ros/humble /usr/bin/cmake --build /home/robot/restaurant_ws/build/nav_interfaces -- -j16 -l16
[5.333s] DEBUG:colcon.colcon_core.event_handler.log_command:Invoking command in '/home/robot/restaurant_ws/build/nav_interfaces': CMAKE_PREFIX_PATH=${CMAKE_PREFIX_PATH}:/home/robot/roarm_ws_em0/install/ros2web_widgets:/home/robot/roarm_ws_em0/install/ros2web_example_py:/home/robot/roarm_ws_em0/install/roarm_web_app:/home/robot/roarm_ws_em0/install/ros2web_app:/home/robot/roarm_ws_em0/install/ros2web:/home/robot/roarm_ws_em0/install/roarm_driver:/home/robot/roarm_ws_em0/install/launch_api:/home/robot/turtlebot3_ws/install/turtlebot3_teleop:/home/robot/turtlebot3_ws/install/turtlebot3_example:/home/robot/four_wheeled_robot_ws/install/four_wheeled_robot:/home/robot/project_ws/install/turtlebot3_gui:/home/robot/project_ws/install/cowork_robot:/opt/ros/humble /usr/bin/cmake --install /home/robot/restaurant_ws/build/nav_interfaces
[6.435s] Level 1:colcon.colcon_core.environment:create_environment_scripts_only(nav_interfaces)
[6.436s] Level 1:colcon.colcon_core.environment:checking '/home/robot/restaurant_ws/install/nav_interfaces' for CMake module files
[6.436s] DEBUG:colcon.colcon_core.event_handler.log_command:Invoked command in '/home/robot/restaurant_ws/build/nav_interfaces' returned '0': CMAKE_PREFIX_PATH=${CMAKE_PREFIX_PATH}:/home/robot/roarm_ws_em0/install/ros2web_widgets:/home/robot/roarm_ws_em0/install/ros2web_example_py:/home/robot/roarm_ws_em0/install/roarm_web_app:/home/robot/roarm_ws_em0/install/ros2web_app:/home/robot/roarm_ws_em0/install/ros2web:/home/robot/roarm_ws_em0/install/roarm_driver:/home/robot/roarm_ws_em0/install/launch_api:/home/robot/turtlebot3_ws/install/turtlebot3_teleop:/home/robot/turtlebot3_ws/install/turtlebot3_example:/home/robot/four_wheeled_robot_ws/install/four_wheeled_robot:/home/robot/project_ws/install/turtlebot3_gui:/home/robot/project_ws/install/cowork_robot:/opt/ros/humble /usr/bin/cmake --install /home/robot/restaurant_ws/build/nav_interfaces
[6.436s] Level 1:colcon.colcon_core.environment:checking '/home/robot/restaurant_ws/install/nav_interfaces' for CMake config files
[6.436s] Level 1:colcon.colcon_core.shell:create_environment_hook('nav_interfaces', 'cmake_prefix_path')
[6.437s] INFO:colcon.colcon_core.shell:Creating environment hook '/home/robot/restaurant_ws/install/nav_interfaces/share/nav_interfaces/hook/cmake_prefix_path.ps1'
[6.437s] INFO:colcon.colcon_core.shell:Creating environment descriptor '/home/robot/restaurant_ws/install/nav_interfaces/share/nav_interfaces/hook/cmake_prefix_path.dsv'
[6.437s] INFO:colcon.colcon_core.shell:Creating environment hook '/home/robot/restaurant_ws/install/nav_interfaces/share/nav_interfaces/hook/cmake_prefix_path.sh'
[6.437s] Level 1:colcon.colcon_core.environment:checking '/home/robot/restaurant_ws/install/nav_interfaces/lib'
[6.438s] Level 1:colcon.colcon_core.shell:create_environment_hook('nav_interfaces', 'ld_library_path_lib')
[6.438s] INFO:colcon.colcon_core.shell:Creating environment hook '/home/robot/restaurant_ws/install/nav_interfaces/share/nav_interfaces/hook/ld_library_path_lib.ps1'
[6.438s] INFO:colcon.colcon_core.shell:Creating environment descriptor '/home/robot/restaurant_ws/install/nav_interfaces/share/nav_interfaces/hook/ld_library_path_lib.dsv'
[6.438s] INFO:colcon.colcon_core.shell:Creating environment hook '/home/robot/restaurant_ws/install/nav_interfaces/share/nav_interfaces/hook/ld_library_path_lib.sh'
[6.438s] Level 1:colcon.colcon_core.environment:checking '/home/robot/restaurant_ws/install/nav_interfaces/bin'
[6.438s] Level 1:colcon.colcon_core.environment:checking '/home/robot/restaurant_ws/install/nav_interfaces/lib/pkgconfig/nav_interfaces.pc'
[6.438s] Level 1:colcon.colcon_core.environment:checking '/home/robot/restaurant_ws/install/nav_interfaces/lib/python3.10/site-packages'
[6.439s] Level 1:colcon.colcon_core.environment:checking '/home/robot/restaurant_ws/install/nav_interfaces/bin'
[6.439s] INFO:colcon.colcon_core.shell:Creating package script '/home/robot/restaurant_ws/install/nav_interfaces/share/nav_interfaces/package.ps1'
[6.439s] INFO:colcon.colcon_core.shell:Creating package descriptor '/home/robot/restaurant_ws/install/nav_interfaces/share/nav_interfaces/package.dsv'
[6.439s] INFO:colcon.colcon_core.shell:Creating package script '/home/robot/restaurant_ws/install/nav_interfaces/share/nav_interfaces/package.sh'
[6.439s] INFO:colcon.colcon_core.shell:Creating package script '/home/robot/restaurant_ws/install/nav_interfaces/share/nav_interfaces/package.bash'
[6.440s] INFO:colcon.colcon_core.shell:Creating package script '/home/robot/restaurant_ws/install/nav_interfaces/share/nav_interfaces/package.zsh'
[6.440s] Level 1:colcon.colcon_core.environment:create_file_with_runtime_dependencies(/home/robot/restaurant_ws/install/nav_interfaces/share/colcon-core/packages/nav_interfaces)
[6.612s] Level 1:colcon.colcon_core.environment:create_environment_scripts_only(nav_interfaces)
[6.613s] Level 1:colcon.colcon_core.environment:checking '/home/robot/restaurant_ws/install/nav_interfaces' for CMake module files
[6.613s] Level 1:colcon.colcon_core.environment:checking '/home/robot/restaurant_ws/install/nav_interfaces' for CMake config files
[6.614s] Level 1:colcon.colcon_core.shell:create_environment_hook('nav_interfaces', 'cmake_prefix_path')
[6.614s] INFO:colcon.colcon_core.shell:Creating environment hook '/home/robot/restaurant_ws/install/nav_interfaces/share/nav_interfaces/hook/cmake_prefix_path.ps1'
[6.615s] INFO:colcon.colcon_core.shell:Creating environment descriptor '/home/robot/restaurant_ws/install/nav_interfaces/share/nav_interfaces/hook/cmake_prefix_path.dsv'
[6.615s] INFO:colcon.colcon_core.shell:Creating environment hook '/home/robot/restaurant_ws/install/nav_interfaces/share/nav_interfaces/hook/cmake_prefix_path.sh'
[6.616s] Level 1:colcon.colcon_core.environment:checking '/home/robot/restaurant_ws/install/nav_interfaces/lib'
[6.616s] Level 1:colcon.colcon_core.shell:create_environment_hook('nav_interfaces', 'ld_library_path_lib')
[6.616s] INFO:colcon.colcon_core.shell:Creating environment hook '/home/robot/restaurant_ws/install/nav_interfaces/share/nav_interfaces/hook/ld_library_path_lib.ps1'
[6.617s] INFO:colcon.colcon_core.shell:Creating environment descriptor '/home/robot/restaurant_ws/install/nav_interfaces/share/nav_interfaces/hook/ld_library_path_lib.dsv'
[6.617s] INFO:colcon.colcon_core.shell:Creating environment hook '/home/robot/restaurant_ws/install/nav_interfaces/share/nav_interfaces/hook/ld_library_path_lib.sh'
[6.618s] Level 1:colcon.colcon_core.environment:checking '/home/robot/restaurant_ws/install/nav_interfaces/bin'
[6.618s] Level 1:colcon.colcon_core.environment:checking '/home/robot/restaurant_ws/install/nav_interfaces/lib/pkgconfig/nav_interfaces.pc'
[6.618s] Level 1:colcon.colcon_core.environment:checking '/home/robot/restaurant_ws/install/nav_interfaces/lib/python3.10/site-packages'
[6.618s] Level 1:colcon.colcon_core.environment:checking '/home/robot/restaurant_ws/install/nav_interfaces/bin'
[6.619s] INFO:colcon.colcon_core.shell:Creating package script '/home/robot/restaurant_ws/install/nav_interfaces/share/nav_interfaces/package.ps1'
[6.620s] INFO:colcon.colcon_core.shell:Creating package descriptor '/home/robot/restaurant_ws/install/nav_interfaces/share/nav_interfaces/package.dsv'
[6.620s] INFO:colcon.colcon_core.shell:Creating package script '/home/robot/restaurant_ws/install/nav_interfaces/share/nav_interfaces/package.sh'
[6.621s] INFO:colcon.colcon_core.shell:Creating package script '/home/robot/restaurant_ws/install/nav_interfaces/share/nav_interfaces/package.bash'
[6.621s] INFO:colcon.colcon_core.shell:Creating package script '/home/robot/restaurant_ws/install/nav_interfaces/share/nav_interfaces/package.zsh'
[6.622s] Level 1:colcon.colcon_core.environment:create_file_with_runtime_dependencies(/home/robot/restaurant_ws/install/nav_interfaces/share/colcon-core/packages/nav_interfaces)
[6.622s] DEBUG:colcon.colcon_parallel_executor.executor.parallel:closing loop
[6.622s] DEBUG:colcon.colcon_parallel_executor.executor.parallel:loop closed
[6.622s] DEBUG:colcon.colcon_parallel_executor.executor.parallel:run_until_complete finished with '0'
[6.622s] DEBUG:colcon.colcon_core.event_reactor:joining thread
[6.631s] INFO:colcon.colcon_core.plugin_system:Skipping extension 'colcon_notification.desktop_notification.terminal_notifier': Not used on non-Darwin systems
[6.631s] INFO:colcon.colcon_core.plugin_system:Skipping extension 'colcon_notification.desktop_notification.win32': Not used on non-Windows systems
[6.631s] INFO:colcon.colcon_notification.desktop_notification:Sending desktop notification using 'notify2'
[6.653s] DEBUG:colcon.colcon_core.event_reactor:joined thread
[6.654s] INFO:colcon.colcon_core.shell:Creating prefix script '/home/robot/restaurant_ws/install/local_setup.ps1'
[6.655s] INFO:colcon.colcon_core.shell:Creating prefix util module '/home/robot/restaurant_ws/install/_local_setup_util_ps1.py'
[6.656s] INFO:colcon.colcon_core.shell:Creating prefix chain script '/home/robot/restaurant_ws/install/setup.ps1'
[6.657s] INFO:colcon.colcon_core.shell:Creating prefix script '/home/robot/restaurant_ws/install/local_setup.sh'
[6.658s] INFO:colcon.colcon_core.shell:Creating prefix util module '/home/robot/restaurant_ws/install/_local_setup_util_sh.py'
[6.658s] INFO:colcon.colcon_core.shell:Creating prefix chain script '/home/robot/restaurant_ws/install/setup.sh'
[6.659s] INFO:colcon.colcon_core.shell:Creating prefix script '/home/robot/restaurant_ws/install/local_setup.bash'
[6.659s] INFO:colcon.colcon_core.shell:Creating prefix chain script '/home/robot/restaurant_ws/install/setup.bash'
[6.661s] INFO:colcon.colcon_core.shell:Creating prefix script '/home/robot/restaurant_ws/install/local_setup.zsh'
[6.661s] INFO:colcon.colcon_core.shell:Creating prefix chain script '/home/robot/restaurant_ws/install/setup.zsh'
