[0.072s] DEBUG:colcon:Command line arguments: ['/usr/bin/colcon', 'build', '--symlink-install', '--packages-select', 'robotarm_hardware_interface']
[0.072s] DEBUG:colcon:Parsed command line arguments: Namespace(log_base=None, log_level=None, verb_name='build', build_base='build', install_base='install', merge_install=False, symlink_install=True, test_result_base=None, continue_on_error=False, executor='parallel', parallel_workers=16, event_handlers=None, ignore_user_meta=False, metas=['./colcon.meta'], base_paths=['.'], packages_ignore=None, packages_ignore_regex=None, paths=None, packages_up_to=None, packages_up_to_regex=None, packages_above=None, packages_above_and_dependencies=None, packages_above_depth=None, packages_select_by_dep=None, packages_skip_by_dep=None, packages_skip_up_to=None, packages_select_build_failed=False, packages_skip_build_finished=False, packages_select_test_failures=False, packages_skip_test_passed=False, packages_select=['robotarm_hardware_interface'], packages_skip=None, packages_select_regex=None, packages_skip_regex=None, packages_start=None, packages_end=None, allow_overriding=[], cmake_args=None, cmake_target=None, cmake_target_skip_unavailable=False, cmake_clean_cache=False, cmake_clean_first=False, cmake_force_configure=False, ament_cmake_args=None, catkin_cmake_args=None, catkin_skip_building_tests=False, mixin_files=None, mixin=None, verb_parser=<colcon_mixin.mixin.mixin_argument.MixinArgumentDecorator object at 0x70ce526653c0>, verb_extension=<colcon_core.verb.build.BuildVerb object at 0x70ce52664df0>, main=<bound method BuildVerb.main of <colcon_core.verb.build.BuildVerb object at 0x70ce52664df0>>, mixin_verb=('build',))
[0.190s] Level 1:colcon.colcon_core.package_discovery:discover_packages(colcon_meta) check parameters
[0.190s] Level 1:colcon.colcon_core.package_discovery:discover_packages(recursive) check parameters
[0.190s] Level 1:colcon.colcon_core.package_discovery:discover_packages(ignore) check parameters
[0.190s] Level 1:colcon.colcon_core.package_discovery:discover_packages(path) check parameters
[0.190s] Level 1:colcon.colcon_core.package_discovery:discover_packages(colcon_meta) discover
[0.190s] Level 1:colcon.colcon_core.package_discovery:discover_packages(recursive) discover
[0.190s] INFO:colcon.colcon_core.package_discovery:Crawling recursively for packages in '/home/robot/rh_plus_7_axis_robot_arm'
[0.190s] Level 1:colcon.colcon_core.package_identification:_identify(.) by extensions ['ignore', 'ignore_ament_install']
[0.190s] Level 1:colcon.colcon_core.package_identification:_identify(.) by extension 'ignore'
[0.190s] Level 1:colcon.colcon_core.package_identification:_identify(.) by extension 'ignore_ament_install'
[0.190s] Level 1:colcon.colcon_core.package_identification:_identify(.) by extensions ['colcon_pkg']
[0.190s] Level 1:colcon.colcon_core.package_identification:_identify(.) by extension 'colcon_pkg'
[0.190s] Level 1:colcon.colcon_core.package_identification:_identify(.) by extensions ['colcon_meta']
[0.190s] Level 1:colcon.colcon_core.package_identification:_identify(.) by extension 'colcon_meta'
[0.190s] Level 1:colcon.colcon_core.package_identification:_identify(.) by extensions ['ros']
[0.190s] Level 1:colcon.colcon_core.package_identification:_identify(.) by extension 'ros'
[0.202s] Level 1:colcon.colcon_core.package_identification:_identify(.) by extensions ['cmake', 'python']
[0.202s] Level 1:colcon.colcon_core.package_identification:_identify(.) by extension 'cmake'
[0.202s] Level 1:colcon.colcon_core.package_identification:_identify(.) by extension 'python'
[0.202s] Level 1:colcon.colcon_core.package_identification:_identify(.) by extensions ['python_setup_py']
[0.202s] Level 1:colcon.colcon_core.package_identification:_identify(.) by extension 'python_setup_py'
[0.202s] Level 1:colcon.colcon_core.package_identification:_identify(build) by extensions ['ignore', 'ignore_ament_install']
[0.202s] Level 1:colcon.colcon_core.package_identification:_identify(build) by extension 'ignore'
[0.202s] Level 1:colcon.colcon_core.package_identification:_identify(build) ignored
[0.203s] Level 1:colcon.colcon_core.package_identification:_identify(install) by extensions ['ignore', 'ignore_ament_install']
[0.203s] Level 1:colcon.colcon_core.package_identification:_identify(install) by extension 'ignore'
[0.203s] Level 1:colcon.colcon_core.package_identification:_identify(install) ignored
[0.203s] Level 1:colcon.colcon_core.package_identification:_identify(log) by extensions ['ignore', 'ignore_ament_install']
[0.203s] Level 1:colcon.colcon_core.package_identification:_identify(log) by extension 'ignore'
[0.203s] Level 1:colcon.colcon_core.package_identification:_identify(log) ignored
[0.203s] Level 1:colcon.colcon_core.package_identification:_identify(src) by extensions ['ignore', 'ignore_ament_install']
[0.203s] Level 1:colcon.colcon_core.package_identification:_identify(src) by extension 'ignore'
[0.203s] Level 1:colcon.colcon_core.package_identification:_identify(src) by extension 'ignore_ament_install'
[0.203s] Level 1:colcon.colcon_core.package_identification:_identify(src) by extensions ['colcon_pkg']
[0.203s] Level 1:colcon.colcon_core.package_identification:_identify(src) by extension 'colcon_pkg'
[0.203s] Level 1:colcon.colcon_core.package_identification:_identify(src) by extensions ['colcon_meta']
[0.203s] Level 1:colcon.colcon_core.package_identification:_identify(src) by extension 'colcon_meta'
[0.203s] Level 1:colcon.colcon_core.package_identification:_identify(src) by extensions ['ros']
[0.203s] Level 1:colcon.colcon_core.package_identification:_identify(src) by extension 'ros'
[0.203s] Level 1:colcon.colcon_core.package_identification:_identify(src) by extensions ['cmake', 'python']
[0.203s] Level 1:colcon.colcon_core.package_identification:_identify(src) by extension 'cmake'
[0.203s] Level 1:colcon.colcon_core.package_identification:_identify(src) by extension 'python'
[0.203s] Level 1:colcon.colcon_core.package_identification:_identify(src) by extensions ['python_setup_py']
[0.203s] Level 1:colcon.colcon_core.package_identification:_identify(src) by extension 'python_setup_py'
[0.203s] Level 1:colcon.colcon_core.package_identification:_identify(src/rh_plus_7_axis_robot_arm_description) by extensions ['ignore', 'ignore_ament_install']
[0.203s] Level 1:colcon.colcon_core.package_identification:_identify(src/rh_plus_7_axis_robot_arm_description) by extension 'ignore'
[0.203s] Level 1:colcon.colcon_core.package_identification:_identify(src/rh_plus_7_axis_robot_arm_description) by extension 'ignore_ament_install'
[0.203s] Level 1:colcon.colcon_core.package_identification:_identify(src/rh_plus_7_axis_robot_arm_description) by extensions ['colcon_pkg']
[0.203s] Level 1:colcon.colcon_core.package_identification:_identify(src/rh_plus_7_axis_robot_arm_description) by extension 'colcon_pkg'
[0.203s] Level 1:colcon.colcon_core.package_identification:_identify(src/rh_plus_7_axis_robot_arm_description) by extensions ['colcon_meta']
[0.203s] Level 1:colcon.colcon_core.package_identification:_identify(src/rh_plus_7_axis_robot_arm_description) by extension 'colcon_meta'
[0.203s] Level 1:colcon.colcon_core.package_identification:_identify(src/rh_plus_7_axis_robot_arm_description) by extensions ['ros']
[0.203s] Level 1:colcon.colcon_core.package_identification:_identify(src/rh_plus_7_axis_robot_arm_description) by extension 'ros'
[0.205s] DEBUG:colcon.colcon_core.package_identification:Package 'src/rh_plus_7_axis_robot_arm_description' with type 'ros.ament_python' and name 'rh_plus_7_axis_robot_arm_description'
[0.205s] Level 1:colcon.colcon_core.package_identification:_identify(src/rh_plus_7_axis_robot_arm_moveit_config) by extensions ['ignore', 'ignore_ament_install']
[0.205s] Level 1:colcon.colcon_core.package_identification:_identify(src/rh_plus_7_axis_robot_arm_moveit_config) by extension 'ignore'
[0.205s] Level 1:colcon.colcon_core.package_identification:_identify(src/rh_plus_7_axis_robot_arm_moveit_config) by extension 'ignore_ament_install'
[0.205s] Level 1:colcon.colcon_core.package_identification:_identify(src/rh_plus_7_axis_robot_arm_moveit_config) by extensions ['colcon_pkg']
[0.205s] Level 1:colcon.colcon_core.package_identification:_identify(src/rh_plus_7_axis_robot_arm_moveit_config) by extension 'colcon_pkg'
[0.205s] Level 1:colcon.colcon_core.package_identification:_identify(src/rh_plus_7_axis_robot_arm_moveit_config) by extensions ['colcon_meta']
[0.205s] Level 1:colcon.colcon_core.package_identification:_identify(src/rh_plus_7_axis_robot_arm_moveit_config) by extension 'colcon_meta'
[0.205s] Level 1:colcon.colcon_core.package_identification:_identify(src/rh_plus_7_axis_robot_arm_moveit_config) by extensions ['ros']
[0.205s] Level 1:colcon.colcon_core.package_identification:_identify(src/rh_plus_7_axis_robot_arm_moveit_config) by extension 'ros'
[0.206s] DEBUG:colcon.colcon_core.package_identification:Package 'src/rh_plus_7_axis_robot_arm_moveit_config' with type 'ros.ament_cmake' and name 'rh_plus_7_axis_robot_arm_moveit_config'
[0.206s] Level 1:colcon.colcon_core.package_identification:_identify(src/robotarm_hardware_interface) by extensions ['ignore', 'ignore_ament_install']
[0.206s] Level 1:colcon.colcon_core.package_identification:_identify(src/robotarm_hardware_interface) by extension 'ignore'
[0.206s] Level 1:colcon.colcon_core.package_identification:_identify(src/robotarm_hardware_interface) by extension 'ignore_ament_install'
[0.206s] Level 1:colcon.colcon_core.package_identification:_identify(src/robotarm_hardware_interface) by extensions ['colcon_pkg']
[0.206s] Level 1:colcon.colcon_core.package_identification:_identify(src/robotarm_hardware_interface) by extension 'colcon_pkg'
[0.206s] Level 1:colcon.colcon_core.package_identification:_identify(src/robotarm_hardware_interface) by extensions ['colcon_meta']
[0.206s] Level 1:colcon.colcon_core.package_identification:_identify(src/robotarm_hardware_interface) by extension 'colcon_meta'
[0.206s] Level 1:colcon.colcon_core.package_identification:_identify(src/robotarm_hardware_interface) by extensions ['ros']
[0.206s] Level 1:colcon.colcon_core.package_identification:_identify(src/robotarm_hardware_interface) by extension 'ros'
[0.207s] DEBUG:colcon.colcon_core.package_identification:Package 'src/robotarm_hardware_interface' with type 'ros.ament_cmake' and name 'robotarm_hardware_interface'
[0.207s] Level 1:colcon.colcon_core.package_discovery:discover_packages(recursive) using defaults
[0.207s] Level 1:colcon.colcon_core.package_discovery:discover_packages(ignore) discover
[0.207s] Level 1:colcon.colcon_core.package_discovery:discover_packages(ignore) using defaults
[0.207s] Level 1:colcon.colcon_core.package_discovery:discover_packages(path) discover
[0.207s] Level 1:colcon.colcon_core.package_discovery:discover_packages(path) using defaults
[0.220s] INFO:colcon.colcon_core.package_selection:Skipping not selected package 'rh_plus_7_axis_robot_arm_description' in 'src/rh_plus_7_axis_robot_arm_description'
[0.220s] INFO:colcon.colcon_core.package_selection:Skipping not selected package 'rh_plus_7_axis_robot_arm_moveit_config' in 'src/rh_plus_7_axis_robot_arm_moveit_config'
[0.220s] Level 1:colcon.colcon_core.package_discovery:discover_packages(prefix_path) check parameters
[0.221s] Level 1:colcon.colcon_core.package_discovery:discover_packages(prefix_path) discover
[0.222s] DEBUG:colcon.colcon_installed_package_information.package_discovery:Found 12 installed packages in /home/robot/turtlebot3_ws/install
[0.222s] DEBUG:colcon.colcon_installed_package_information.package_discovery:Found 1 installed packages in /home/robot/four_wheeled_robot_ws/install
[0.222s] DEBUG:colcon.colcon_installed_package_information.package_discovery:Found 4 installed packages in /home/robot/project_ws/install
[0.223s] DEBUG:colcon.colcon_installed_package_information.package_discovery:Found 381 installed packages in /opt/ros/humble
[0.225s] Level 1:colcon.colcon_core.package_discovery:discover_packages(prefix_path) using defaults
[0.251s] Level 5:colcon.colcon_core.verb:set package 'robotarm_hardware_interface' build argument 'cmake_args' from command line to 'None'
[0.251s] Level 5:colcon.colcon_core.verb:set package 'robotarm_hardware_interface' build argument 'cmake_target' from command line to 'None'
[0.251s] Level 5:colcon.colcon_core.verb:set package 'robotarm_hardware_interface' build argument 'cmake_target_skip_unavailable' from command line to 'False'
[0.251s] Level 5:colcon.colcon_core.verb:set package 'robotarm_hardware_interface' build argument 'cmake_clean_cache' from command line to 'False'
[0.251s] Level 5:colcon.colcon_core.verb:set package 'robotarm_hardware_interface' build argument 'cmake_clean_first' from command line to 'False'
[0.251s] Level 5:colcon.colcon_core.verb:set package 'robotarm_hardware_interface' build argument 'cmake_force_configure' from command line to 'False'
[0.251s] Level 5:colcon.colcon_core.verb:set package 'robotarm_hardware_interface' build argument 'ament_cmake_args' from command line to 'None'
[0.251s] Level 5:colcon.colcon_core.verb:set package 'robotarm_hardware_interface' build argument 'catkin_cmake_args' from command line to 'None'
[0.251s] Level 5:colcon.colcon_core.verb:set package 'robotarm_hardware_interface' build argument 'catkin_skip_building_tests' from command line to 'False'
[0.251s] DEBUG:colcon.colcon_core.verb:Building package 'robotarm_hardware_interface' with the following arguments: {'ament_cmake_args': None, 'build_base': '/home/robot/rh_plus_7_axis_robot_arm/build/robotarm_hardware_interface', 'catkin_cmake_args': None, 'catkin_skip_building_tests': False, 'cmake_args': None, 'cmake_clean_cache': False, 'cmake_clean_first': False, 'cmake_force_configure': False, 'cmake_target': None, 'cmake_target_skip_unavailable': False, 'install_base': '/home/robot/rh_plus_7_axis_robot_arm/install/robotarm_hardware_interface', 'merge_install': False, 'path': '/home/robot/rh_plus_7_axis_robot_arm/src/robotarm_hardware_interface', 'symlink_install': True, 'test_result_base': None}
[0.252s] INFO:colcon.colcon_core.executor:Executing jobs using 'parallel' executor
[0.252s] DEBUG:colcon.colcon_parallel_executor.executor.parallel:run_until_complete
[0.253s] INFO:colcon.colcon_ros.task.ament_cmake.build:Building ROS package in '/home/robot/rh_plus_7_axis_robot_arm/src/robotarm_hardware_interface' with build type 'ament_cmake'
[0.253s] INFO:colcon.colcon_cmake.task.cmake.build:Building CMake package in '/home/robot/rh_plus_7_axis_robot_arm/src/robotarm_hardware_interface'
[0.254s] INFO:colcon.colcon_core.plugin_system:Skipping extension 'colcon_core.shell.bat': Not used on non-Windows systems
[0.254s] INFO:colcon.colcon_core.shell:Skip shell extension 'powershell' for command environment: Not usable outside of PowerShell
[0.254s] DEBUG:colcon.colcon_core.shell:Skip shell extension 'dsv' for command environment
[0.261s] DEBUG:colcon.colcon_core.event_handler.log_command:Invoking command in '/home/robot/rh_plus_7_axis_robot_arm/build/robotarm_hardware_interface': CMAKE_PREFIX_PATH=${CMAKE_PREFIX_PATH}:/home/robot/turtlebot3_ws/install/turtlebot3_teleop:/home/robot/turtlebot3_ws/install/turtlebot3_example:/home/robot/four_wheeled_robot_ws/install/four_wheeled_robot:/home/robot/project_ws/install/turtlebot3_gui:/home/robot/project_ws/install/cowork_robot:/opt/ros/humble /usr/bin/cmake /home/robot/rh_plus_7_axis_robot_arm/src/robotarm_hardware_interface -DAMENT_CMAKE_SYMLINK_INSTALL=1 -DCMAKE_INSTALL_PREFIX=/home/robot/rh_plus_7_axis_robot_arm/install/robotarm_hardware_interface
[0.753s] DEBUG:colcon.colcon_core.event_handler.log_command:Invoked command in '/home/robot/rh_plus_7_axis_robot_arm/build/robotarm_hardware_interface' returned '0': CMAKE_PREFIX_PATH=${CMAKE_PREFIX_PATH}:/home/robot/turtlebot3_ws/install/turtlebot3_teleop:/home/robot/turtlebot3_ws/install/turtlebot3_example:/home/robot/four_wheeled_robot_ws/install/four_wheeled_robot:/home/robot/project_ws/install/turtlebot3_gui:/home/robot/project_ws/install/cowork_robot:/opt/ros/humble /usr/bin/cmake /home/robot/rh_plus_7_axis_robot_arm/src/robotarm_hardware_interface -DAMENT_CMAKE_SYMLINK_INSTALL=1 -DCMAKE_INSTALL_PREFIX=/home/robot/rh_plus_7_axis_robot_arm/install/robotarm_hardware_interface
[0.754s] DEBUG:colcon.colcon_core.event_handler.log_command:Invoking command in '/home/robot/rh_plus_7_axis_robot_arm/build/robotarm_hardware_interface': CMAKE_PREFIX_PATH=${CMAKE_PREFIX_PATH}:/home/robot/turtlebot3_ws/install/turtlebot3_teleop:/home/robot/turtlebot3_ws/install/turtlebot3_example:/home/robot/four_wheeled_robot_ws/install/four_wheeled_robot:/home/robot/project_ws/install/turtlebot3_gui:/home/robot/project_ws/install/cowork_robot:/opt/ros/humble /usr/bin/cmake --build /home/robot/rh_plus_7_axis_robot_arm/build/robotarm_hardware_interface -- -j16 -l16
[3.302s] DEBUG:colcon.colcon_core.event_handler.log_command:Invoked command in '/home/robot/rh_plus_7_axis_robot_arm/build/robotarm_hardware_interface' returned '0': CMAKE_PREFIX_PATH=${CMAKE_PREFIX_PATH}:/home/robot/turtlebot3_ws/install/turtlebot3_teleop:/home/robot/turtlebot3_ws/install/turtlebot3_example:/home/robot/four_wheeled_robot_ws/install/four_wheeled_robot:/home/robot/project_ws/install/turtlebot3_gui:/home/robot/project_ws/install/cowork_robot:/opt/ros/humble /usr/bin/cmake --build /home/robot/rh_plus_7_axis_robot_arm/build/robotarm_hardware_interface -- -j16 -l16
[3.340s] DEBUG:colcon.colcon_core.event_handler.log_command:Invoking command in '/home/robot/rh_plus_7_axis_robot_arm/build/robotarm_hardware_interface': CMAKE_PREFIX_PATH=${CMAKE_PREFIX_PATH}:/home/robot/turtlebot3_ws/install/turtlebot3_teleop:/home/robot/turtlebot3_ws/install/turtlebot3_example:/home/robot/four_wheeled_robot_ws/install/four_wheeled_robot:/home/robot/project_ws/install/turtlebot3_gui:/home/robot/project_ws/install/cowork_robot:/opt/ros/humble /usr/bin/cmake --install /home/robot/rh_plus_7_axis_robot_arm/build/robotarm_hardware_interface
[3.559s] Level 1:colcon.colcon_core.environment:create_environment_scripts_only(robotarm_hardware_interface)
[3.560s] DEBUG:colcon.colcon_core.event_handler.log_command:Invoked command in '/home/robot/rh_plus_7_axis_robot_arm/build/robotarm_hardware_interface' returned '0': CMAKE_PREFIX_PATH=${CMAKE_PREFIX_PATH}:/home/robot/turtlebot3_ws/install/turtlebot3_teleop:/home/robot/turtlebot3_ws/install/turtlebot3_example:/home/robot/four_wheeled_robot_ws/install/four_wheeled_robot:/home/robot/project_ws/install/turtlebot3_gui:/home/robot/project_ws/install/cowork_robot:/opt/ros/humble /usr/bin/cmake --install /home/robot/rh_plus_7_axis_robot_arm/build/robotarm_hardware_interface
[3.563s] Level 1:colcon.colcon_core.environment:checking '/home/robot/rh_plus_7_axis_robot_arm/install/robotarm_hardware_interface' for CMake module files
[3.564s] Level 1:colcon.colcon_core.environment:checking '/home/robot/rh_plus_7_axis_robot_arm/install/robotarm_hardware_interface' for CMake config files
[3.564s] Level 1:colcon.colcon_core.shell:create_environment_hook('robotarm_hardware_interface', 'cmake_prefix_path')
[3.564s] INFO:colcon.colcon_core.shell:Creating environment hook '/home/robot/rh_plus_7_axis_robot_arm/install/robotarm_hardware_interface/share/robotarm_hardware_interface/hook/cmake_prefix_path.ps1'
[3.565s] INFO:colcon.colcon_core.shell:Creating environment descriptor '/home/robot/rh_plus_7_axis_robot_arm/install/robotarm_hardware_interface/share/robotarm_hardware_interface/hook/cmake_prefix_path.dsv'
[3.565s] INFO:colcon.colcon_core.shell:Creating environment hook '/home/robot/rh_plus_7_axis_robot_arm/install/robotarm_hardware_interface/share/robotarm_hardware_interface/hook/cmake_prefix_path.sh'
[3.566s] Level 1:colcon.colcon_core.environment:checking '/home/robot/rh_plus_7_axis_robot_arm/install/robotarm_hardware_interface/lib'
[3.566s] Level 1:colcon.colcon_core.environment:checking '/home/robot/rh_plus_7_axis_robot_arm/install/robotarm_hardware_interface/bin'
[3.566s] Level 1:colcon.colcon_core.environment:checking '/home/robot/rh_plus_7_axis_robot_arm/install/robotarm_hardware_interface/lib/pkgconfig/robotarm_hardware_interface.pc'
[3.566s] Level 1:colcon.colcon_core.environment:checking '/home/robot/rh_plus_7_axis_robot_arm/install/robotarm_hardware_interface/lib/python3.10/site-packages'
[3.566s] Level 1:colcon.colcon_core.environment:checking '/home/robot/rh_plus_7_axis_robot_arm/install/robotarm_hardware_interface/bin'
[3.566s] INFO:colcon.colcon_core.shell:Creating package script '/home/robot/rh_plus_7_axis_robot_arm/install/robotarm_hardware_interface/share/robotarm_hardware_interface/package.ps1'
[3.567s] INFO:colcon.colcon_core.shell:Creating package descriptor '/home/robot/rh_plus_7_axis_robot_arm/install/robotarm_hardware_interface/share/robotarm_hardware_interface/package.dsv'
[3.567s] INFO:colcon.colcon_core.shell:Creating package script '/home/robot/rh_plus_7_axis_robot_arm/install/robotarm_hardware_interface/share/robotarm_hardware_interface/package.sh'
[3.567s] INFO:colcon.colcon_core.shell:Creating package script '/home/robot/rh_plus_7_axis_robot_arm/install/robotarm_hardware_interface/share/robotarm_hardware_interface/package.bash'
[3.568s] INFO:colcon.colcon_core.shell:Creating package script '/home/robot/rh_plus_7_axis_robot_arm/install/robotarm_hardware_interface/share/robotarm_hardware_interface/package.zsh'
[3.568s] Level 1:colcon.colcon_core.environment:create_file_with_runtime_dependencies(/home/robot/rh_plus_7_axis_robot_arm/install/robotarm_hardware_interface/share/colcon-core/packages/robotarm_hardware_interface)
[3.601s] Level 1:colcon.colcon_core.environment:create_environment_scripts_only(robotarm_hardware_interface)
[3.601s] Level 1:colcon.colcon_core.environment:checking '/home/robot/rh_plus_7_axis_robot_arm/install/robotarm_hardware_interface' for CMake module files
[3.602s] Level 1:colcon.colcon_core.environment:checking '/home/robot/rh_plus_7_axis_robot_arm/install/robotarm_hardware_interface' for CMake config files
[3.602s] Level 1:colcon.colcon_core.shell:create_environment_hook('robotarm_hardware_interface', 'cmake_prefix_path')
[3.602s] INFO:colcon.colcon_core.shell:Creating environment hook '/home/robot/rh_plus_7_axis_robot_arm/install/robotarm_hardware_interface/share/robotarm_hardware_interface/hook/cmake_prefix_path.ps1'
[3.602s] INFO:colcon.colcon_core.shell:Creating environment descriptor '/home/robot/rh_plus_7_axis_robot_arm/install/robotarm_hardware_interface/share/robotarm_hardware_interface/hook/cmake_prefix_path.dsv'
[3.603s] INFO:colcon.colcon_core.shell:Creating environment hook '/home/robot/rh_plus_7_axis_robot_arm/install/robotarm_hardware_interface/share/robotarm_hardware_interface/hook/cmake_prefix_path.sh'
[3.603s] Level 1:colcon.colcon_core.environment:checking '/home/robot/rh_plus_7_axis_robot_arm/install/robotarm_hardware_interface/lib'
[3.603s] Level 1:colcon.colcon_core.environment:checking '/home/robot/rh_plus_7_axis_robot_arm/install/robotarm_hardware_interface/bin'
[3.603s] Level 1:colcon.colcon_core.environment:checking '/home/robot/rh_plus_7_axis_robot_arm/install/robotarm_hardware_interface/lib/pkgconfig/robotarm_hardware_interface.pc'
[3.603s] Level 1:colcon.colcon_core.environment:checking '/home/robot/rh_plus_7_axis_robot_arm/install/robotarm_hardware_interface/lib/python3.10/site-packages'
[3.603s] Level 1:colcon.colcon_core.environment:checking '/home/robot/rh_plus_7_axis_robot_arm/install/robotarm_hardware_interface/bin'
[3.604s] INFO:colcon.colcon_core.shell:Creating package script '/home/robot/rh_plus_7_axis_robot_arm/install/robotarm_hardware_interface/share/robotarm_hardware_interface/package.ps1'
[3.604s] INFO:colcon.colcon_core.shell:Creating package descriptor '/home/robot/rh_plus_7_axis_robot_arm/install/robotarm_hardware_interface/share/robotarm_hardware_interface/package.dsv'
[3.604s] INFO:colcon.colcon_core.shell:Creating package script '/home/robot/rh_plus_7_axis_robot_arm/install/robotarm_hardware_interface/share/robotarm_hardware_interface/package.sh'
[3.604s] INFO:colcon.colcon_core.shell:Creating package script '/home/robot/rh_plus_7_axis_robot_arm/install/robotarm_hardware_interface/share/robotarm_hardware_interface/package.bash'
[3.605s] INFO:colcon.colcon_core.shell:Creating package script '/home/robot/rh_plus_7_axis_robot_arm/install/robotarm_hardware_interface/share/robotarm_hardware_interface/package.zsh'
[3.605s] Level 1:colcon.colcon_core.environment:create_file_with_runtime_dependencies(/home/robot/rh_plus_7_axis_robot_arm/install/robotarm_hardware_interface/share/colcon-core/packages/robotarm_hardware_interface)
[3.605s] DEBUG:colcon.colcon_parallel_executor.executor.parallel:closing loop
[3.605s] DEBUG:colcon.colcon_parallel_executor.executor.parallel:loop closed
[3.605s] DEBUG:colcon.colcon_parallel_executor.executor.parallel:run_until_complete finished with '0'
[3.605s] DEBUG:colcon.colcon_core.event_reactor:joining thread
[3.610s] INFO:colcon.colcon_core.plugin_system:Skipping extension 'colcon_notification.desktop_notification.terminal_notifier': Not used on non-Darwin systems
[3.611s] INFO:colcon.colcon_core.plugin_system:Skipping extension 'colcon_notification.desktop_notification.win32': Not used on non-Windows systems
[3.611s] INFO:colcon.colcon_notification.desktop_notification:Sending desktop notification using 'notify2'
[3.621s] DEBUG:colcon.colcon_core.event_reactor:joined thread
[3.621s] INFO:colcon.colcon_core.shell:Creating prefix script '/home/robot/rh_plus_7_axis_robot_arm/install/local_setup.ps1'
[3.622s] INFO:colcon.colcon_core.shell:Creating prefix util module '/home/robot/rh_plus_7_axis_robot_arm/install/_local_setup_util_ps1.py'
[3.622s] INFO:colcon.colcon_core.shell:Creating prefix chain script '/home/robot/rh_plus_7_axis_robot_arm/install/setup.ps1'
[3.623s] INFO:colcon.colcon_core.shell:Creating prefix script '/home/robot/rh_plus_7_axis_robot_arm/install/local_setup.sh'
[3.624s] INFO:colcon.colcon_core.shell:Creating prefix util module '/home/robot/rh_plus_7_axis_robot_arm/install/_local_setup_util_sh.py'
[3.624s] INFO:colcon.colcon_core.shell:Creating prefix chain script '/home/robot/rh_plus_7_axis_robot_arm/install/setup.sh'
[3.625s] INFO:colcon.colcon_core.shell:Creating prefix script '/home/robot/rh_plus_7_axis_robot_arm/install/local_setup.bash'
[3.625s] INFO:colcon.colcon_core.shell:Creating prefix chain script '/home/robot/rh_plus_7_axis_robot_arm/install/setup.bash'
[3.626s] INFO:colcon.colcon_core.shell:Creating prefix script '/home/robot/rh_plus_7_axis_robot_arm/install/local_setup.zsh'
[3.626s] INFO:colcon.colcon_core.shell:Creating prefix chain script '/home/robot/rh_plus_7_axis_robot_arm/install/setup.zsh'
