-- Found ament_cmake: 1.3.10 (/opt/ros/humble/share/ament_cmake/cmake)
-- Override CMake install command with custom implementation using symlinks instead of copying resources
-- Found hardware_interface: 2.43.1 (/opt/ros/humble/share/hardware_interface/cmake)
-- Found rosidl_generator_c: 3.1.5 (/opt/ros/humble/share/rosidl_generator_c/cmake)
-- Found rosidl_adapter: 3.1.5 (/opt/ros/humble/share/rosidl_adapter/cmake)
-- Found rosidl_generator_cpp: 3.1.5 (/opt/ros/humble/share/rosidl_generator_cpp/cmake)
-- Using all available rosidl_typesupport_c: rosidl_typesupport_fastrtps_c;rosidl_typesupport_introspection_c
-- Using all available rosidl_typesupport_cpp: rosidl_typesupport_fastrtps_cpp;rosidl_typesupport_introspection_cpp
-- Found rmw_implementation_cmake: 6.1.2 (/opt/ros/humble/share/rmw_implementation_cmake/cmake)
-- Found rmw_fastrtps_cpp: 6.2.7 (/opt/ros/humble/share/rmw_fastrtps_cpp/cmake)
-- Found TinyXML2 via Config file: TinyXML2_DIR-NOTFOUND
-- Found TinyXML2 via Config file: TinyXML2_DIR-NOTFOUND
-- Found TinyXML2 via Config file: TinyXML2_DIR-NOTFOUND
-- Found TinyXML2 via Config file: TinyXML2_DIR-NOTFOUND
-- Using RMW implementation 'rmw_fastrtps_cpp' as default
-- Checking for module 'hidapi-hidraw'
--   Found hidapi-hidraw, version 0.11.2
-- Found ament_cmake_gtest: 1.3.10 (/opt/ros/humble/share/ament_cmake_gtest/cmake)
-- Configuring done
-- Generating done
-- Build files have been written to: /home/robot/rh_plus_7_axis_robot_arm/build/robotarm_hardware_interface
[ 20%] [32mBuilding CXX object CMakeFiles/robotarm_hardware_interface.dir/src/robotarm.cpp.o[0m
[ 40%] [32mBuilding CXX object CMakeFiles/robotarm_hardware_interface.dir/src/robotarm_system.cpp.o[0m
[ 60%] [32mBuilding CXX object CMakeFiles/robotarm_hardware_interface.dir/src/robotarm_serial.cpp.o[0m
[ 80%] [32mBuilding CXX object CMakeFiles/robotarm_hardware_interface.dir/src/serial_servo_bus.cpp.o[0m
[100%] [32m[1mLinking CXX shared library librobotarm_hardware_interface.so[0m
[100%] Built target robotarm_hardware_interface
-- Install configuration: ""
-- Execute custom install script
-- Symlinking: /home/robot/rh_plus_7_axis_robot_arm/install/robotarm_hardware_interface/share/robotarm_hardware_interface//robotarm_hardware.xml
-- Symlinking: /home/robot/rh_plus_7_axis_robot_arm/install/robotarm_hardware_interface/lib/robotarm_hardware_interface/librobotarm_hardware_interface.so
-- Symlinking: /home/robot/rh_plus_7_axis_robot_arm/install/robotarm_hardware_interface/include/robotarm_hardware_interface/robotarm_hardware_interface/robotarm.hpp
-- Symlinking: /home/robot/rh_plus_7_axis_robot_arm/install/robotarm_hardware_interface/include/robotarm_hardware_interface/robotarm_hardware_interface/robotarm_drvr.hpp
-- Symlinking: /home/robot/rh_plus_7_axis_robot_arm/install/robotarm_hardware_interface/include/robotarm_hardware_interface/robotarm_hardware_interface/robotarm_serial.hpp
-- Symlinking: /home/robot/rh_plus_7_axis_robot_arm/install/robotarm_hardware_interface/include/robotarm_hardware_interface/robotarm_hardware_interface/robotarm_system.hpp
-- Symlinking: /home/robot/rh_plus_7_axis_robot_arm/install/robotarm_hardware_interface/include/robotarm_hardware_interface/robotarm_hardware_interface/serial_servo_bus.hpp
-- Symlinking: /home/robot/rh_plus_7_axis_robot_arm/install/robotarm_hardware_interface/include/robotarm_hardware_interface/robotarm_hardware_interface/visibility_control.hpp
-- Symlinking: /home/robot/rh_plus_7_axis_robot_arm/install/robotarm_hardware_interface/share/robotarm_hardware_interface/environment/library_path.sh
-- Symlinking: /home/robot/rh_plus_7_axis_robot_arm/install/robotarm_hardware_interface/share/robotarm_hardware_interface/environment/library_path.dsv
-- Symlinking: /home/robot/rh_plus_7_axis_robot_arm/install/robotarm_hardware_interface/share/ament_index/resource_index/package_run_dependencies/robotarm_hardware_interface
-- Symlinking: /home/robot/rh_plus_7_axis_robot_arm/install/robotarm_hardware_interface/share/ament_index/resource_index/parent_prefix_path/robotarm_hardware_interface
-- Symlinking: /home/robot/rh_plus_7_axis_robot_arm/install/robotarm_hardware_interface/share/robotarm_hardware_interface/environment/ament_prefix_path.sh
-- Symlinking: /home/robot/rh_plus_7_axis_robot_arm/install/robotarm_hardware_interface/share/robotarm_hardware_interface/environment/ament_prefix_path.dsv
-- Symlinking: /home/robot/rh_plus_7_axis_robot_arm/install/robotarm_hardware_interface/share/robotarm_hardware_interface/environment/path.sh
-- Symlinking: /home/robot/rh_plus_7_axis_robot_arm/install/robotarm_hardware_interface/share/robotarm_hardware_interface/environment/path.dsv
-- Symlinking: /home/robot/rh_plus_7_axis_robot_arm/install/robotarm_hardware_interface/share/robotarm_hardware_interface/local_setup.bash
-- Symlinking: /home/robot/rh_plus_7_axis_robot_arm/install/robotarm_hardware_interface/share/robotarm_hardware_interface/local_setup.sh
-- Symlinking: /home/robot/rh_plus_7_axis_robot_arm/install/robotarm_hardware_interface/share/robotarm_hardware_interface/local_setup.zsh
-- Symlinking: /home/robot/rh_plus_7_axis_robot_arm/install/robotarm_hardware_interface/share/robotarm_hardware_interface/local_setup.dsv
-- Symlinking: /home/robot/rh_plus_7_axis_robot_arm/install/robotarm_hardware_interface/share/robotarm_hardware_interface/package.dsv
-- Symlinking: /home/robot/rh_plus_7_axis_robot_arm/install/robotarm_hardware_interface/share/ament_index/resource_index/packages/robotarm_hardware_interface
-- Symlinking: /home/robot/rh_plus_7_axis_robot_arm/install/robotarm_hardware_interface/share/ament_index/resource_index/hardware_interface__pluginlib__plugin/robotarm_hardware_interface
-- Symlinking: /home/robot/rh_plus_7_axis_robot_arm/install/robotarm_hardware_interface/share/robotarm_hardware_interface/cmake/ament_cmake_export_include_directories-extras.cmake
-- Symlinking: /home/robot/rh_plus_7_axis_robot_arm/install/robotarm_hardware_interface/share/robotarm_hardware_interface/cmake/ament_cmake_export_libraries-extras.cmake
-- Symlinking: /home/robot/rh_plus_7_axis_robot_arm/install/robotarm_hardware_interface/share/robotarm_hardware_interface/cmake/ament_cmake_export_dependencies-extras.cmake
-- Symlinking: /home/robot/rh_plus_7_axis_robot_arm/install/robotarm_hardware_interface/share/robotarm_hardware_interface/cmake/robotarm_hardware_interfaceConfig.cmake
-- Symlinking: /home/robot/rh_plus_7_axis_robot_arm/install/robotarm_hardware_interface/share/robotarm_hardware_interface/cmake/robotarm_hardware_interfaceConfig-version.cmake
-- Symlinking: /home/robot/rh_plus_7_axis_robot_arm/install/robotarm_hardware_interface/share/robotarm_hardware_interface/package.xml
