[0.008s] Invoking command in '/home/robot/rh_plus_7_axis_robot_arm/build/robotarm_hardware_interface': CMAKE_PREFIX_PATH=${CMAKE_PREFIX_PATH}:/home/robot/turtlebot3_ws/install/turtlebot3_teleop:/home/robot/turtlebot3_ws/install/turtlebot3_example:/home/robot/four_wheeled_robot_ws/install/four_wheeled_robot:/home/robot/project_ws/install/turtlebot3_gui:/home/robot/project_ws/install/cowork_robot:/opt/ros/humble /usr/bin/cmake /home/robot/rh_plus_7_axis_robot_arm/src/robotarm_hardware_interface -DAMENT_CMAKE_SYMLINK_INSTALL=1 -DCMAKE_INSTALL_PREFIX=/home/robot/rh_plus_7_axis_robot_arm/install/robotarm_hardware_interface
[0.020s] -- Found ament_cmake: 1.3.10 (/opt/ros/humble/share/ament_cmake/cmake)
[0.125s] -- Override CMake install command with custom implementation using symlinks instead of copying resources
[0.130s] -- Found hardware_interface: 2.43.1 (/opt/ros/humble/share/hardware_interface/cmake)
[0.148s] -- Found rosidl_generator_c: 3.1.5 (/opt/ros/humble/share/rosidl_generator_c/cmake)
[0.149s] -- Found rosidl_adapter: 3.1.5 (/opt/ros/humble/share/rosidl_adapter/cmake)
[0.153s] -- Found rosidl_generator_cpp: 3.1.5 (/opt/ros/humble/share/rosidl_generator_cpp/cmake)
[0.159s] -- Using all available rosidl_typesupport_c: rosidl_typesupport_fastrtps_c;rosidl_typesupport_introspection_c
[0.167s] -- Using all available rosidl_typesupport_cpp: rosidl_typesupport_fastrtps_cpp;rosidl_typesupport_introspection_cpp
[0.275s] -- Found rmw_implementation_cmake: 6.1.2 (/opt/ros/humble/share/rmw_implementation_cmake/cmake)
[0.276s] -- Found rmw_fastrtps_cpp: 6.2.7 (/opt/ros/humble/share/rmw_fastrtps_cpp/cmake)
[0.288s] -- Found TinyXML2 via Config file: TinyXML2_DIR-NOTFOUND
[0.298s] -- Found TinyXML2 via Config file: TinyXML2_DIR-NOTFOUND
[0.313s] -- Found TinyXML2 via Config file: TinyXML2_DIR-NOTFOUND
[0.323s] -- Found TinyXML2 via Config file: TinyXML2_DIR-NOTFOUND
[0.336s] -- Using RMW implementation 'rmw_fastrtps_cpp' as default
[0.372s] -- Checking for module 'hidapi-hidraw'
[0.383s] --   Found hidapi-hidraw, version 0.11.2
[0.431s] -- Found ament_cmake_gtest: 1.3.10 (/opt/ros/humble/share/ament_cmake_gtest/cmake)
[0.480s] -- Configuring done
[0.493s] -- Generating done
[0.494s] -- Build files have been written to: /home/robot/rh_plus_7_axis_robot_arm/build/robotarm_hardware_interface
[0.499s] Invoked command in '/home/robot/rh_plus_7_axis_robot_arm/build/robotarm_hardware_interface' returned '0': CMAKE_PREFIX_PATH=${CMAKE_PREFIX_PATH}:/home/robot/turtlebot3_ws/install/turtlebot3_teleop:/home/robot/turtlebot3_ws/install/turtlebot3_example:/home/robot/four_wheeled_robot_ws/install/four_wheeled_robot:/home/robot/project_ws/install/turtlebot3_gui:/home/robot/project_ws/install/cowork_robot:/opt/ros/humble /usr/bin/cmake /home/robot/rh_plus_7_axis_robot_arm/src/robotarm_hardware_interface -DAMENT_CMAKE_SYMLINK_INSTALL=1 -DCMAKE_INSTALL_PREFIX=/home/robot/rh_plus_7_axis_robot_arm/install/robotarm_hardware_interface
[0.501s] Invoking command in '/home/robot/rh_plus_7_axis_robot_arm/build/robotarm_hardware_interface': CMAKE_PREFIX_PATH=${CMAKE_PREFIX_PATH}:/home/robot/turtlebot3_ws/install/turtlebot3_teleop:/home/robot/turtlebot3_ws/install/turtlebot3_example:/home/robot/four_wheeled_robot_ws/install/four_wheeled_robot:/home/robot/project_ws/install/turtlebot3_gui:/home/robot/project_ws/install/cowork_robot:/opt/ros/humble /usr/bin/cmake --build /home/robot/rh_plus_7_axis_robot_arm/build/robotarm_hardware_interface -- -j16 -l16
[0.561s] [ 20%] [32mBuilding CXX object CMakeFiles/robotarm_hardware_interface.dir/src/robotarm.cpp.o[0m
[0.562s] [ 40%] [32mBuilding CXX object CMakeFiles/robotarm_hardware_interface.dir/src/robotarm_system.cpp.o[0m
[0.562s] [ 60%] [32mBuilding CXX object CMakeFiles/robotarm_hardware_interface.dir/src/robotarm_serial.cpp.o[0m
[0.562s] [ 80%] [32mBuilding CXX object CMakeFiles/robotarm_hardware_interface.dir/src/serial_servo_bus.cpp.o[0m
[2.894s] [100%] [32m[1mLinking CXX shared library librobotarm_hardware_interface.so[0m
[3.039s] [100%] Built target robotarm_hardware_interface
[3.048s] Invoked command in '/home/robot/rh_plus_7_axis_robot_arm/build/robotarm_hardware_interface' returned '0': CMAKE_PREFIX_PATH=${CMAKE_PREFIX_PATH}:/home/robot/turtlebot3_ws/install/turtlebot3_teleop:/home/robot/turtlebot3_ws/install/turtlebot3_example:/home/robot/four_wheeled_robot_ws/install/four_wheeled_robot:/home/robot/project_ws/install/turtlebot3_gui:/home/robot/project_ws/install/cowork_robot:/opt/ros/humble /usr/bin/cmake --build /home/robot/rh_plus_7_axis_robot_arm/build/robotarm_hardware_interface -- -j16 -l16
[3.087s] Invoking command in '/home/robot/rh_plus_7_axis_robot_arm/build/robotarm_hardware_interface': CMAKE_PREFIX_PATH=${CMAKE_PREFIX_PATH}:/home/robot/turtlebot3_ws/install/turtlebot3_teleop:/home/robot/turtlebot3_ws/install/turtlebot3_example:/home/robot/four_wheeled_robot_ws/install/four_wheeled_robot:/home/robot/project_ws/install/turtlebot3_gui:/home/robot/project_ws/install/cowork_robot:/opt/ros/humble /usr/bin/cmake --install /home/robot/rh_plus_7_axis_robot_arm/build/robotarm_hardware_interface
[3.092s] -- Install configuration: ""
[3.092s] -- Execute custom install script
[3.092s] -- Symlinking: /home/robot/rh_plus_7_axis_robot_arm/install/robotarm_hardware_interface/share/robotarm_hardware_interface//robotarm_hardware.xml
[3.100s] -- Symlinking: /home/robot/rh_plus_7_axis_robot_arm/install/robotarm_hardware_interface/lib/robotarm_hardware_interface/librobotarm_hardware_interface.so
[3.106s] -- Symlinking: /home/robot/rh_plus_7_axis_robot_arm/install/robotarm_hardware_interface/include/robotarm_hardware_interface/robotarm_hardware_interface/robotarm.hpp
[3.113s] -- Symlinking: /home/robot/rh_plus_7_axis_robot_arm/install/robotarm_hardware_interface/include/robotarm_hardware_interface/robotarm_hardware_interface/robotarm_drvr.hpp
[3.119s] -- Symlinking: /home/robot/rh_plus_7_axis_robot_arm/install/robotarm_hardware_interface/include/robotarm_hardware_interface/robotarm_hardware_interface/robotarm_serial.hpp
[3.127s] -- Symlinking: /home/robot/rh_plus_7_axis_robot_arm/install/robotarm_hardware_interface/include/robotarm_hardware_interface/robotarm_hardware_interface/robotarm_system.hpp
[3.134s] -- Symlinking: /home/robot/rh_plus_7_axis_robot_arm/install/robotarm_hardware_interface/include/robotarm_hardware_interface/robotarm_hardware_interface/serial_servo_bus.hpp
[3.140s] -- Symlinking: /home/robot/rh_plus_7_axis_robot_arm/install/robotarm_hardware_interface/include/robotarm_hardware_interface/robotarm_hardware_interface/visibility_control.hpp
[3.149s] -- Symlinking: /home/robot/rh_plus_7_axis_robot_arm/install/robotarm_hardware_interface/share/robotarm_hardware_interface/environment/library_path.sh
[3.156s] -- Symlinking: /home/robot/rh_plus_7_axis_robot_arm/install/robotarm_hardware_interface/share/robotarm_hardware_interface/environment/library_path.dsv
[3.166s] -- Symlinking: /home/robot/rh_plus_7_axis_robot_arm/install/robotarm_hardware_interface/share/ament_index/resource_index/package_run_dependencies/robotarm_hardware_interface
[3.172s] -- Symlinking: /home/robot/rh_plus_7_axis_robot_arm/install/robotarm_hardware_interface/share/ament_index/resource_index/parent_prefix_path/robotarm_hardware_interface
[3.179s] -- Symlinking: /home/robot/rh_plus_7_axis_robot_arm/install/robotarm_hardware_interface/share/robotarm_hardware_interface/environment/ament_prefix_path.sh
[3.188s] -- Symlinking: /home/robot/rh_plus_7_axis_robot_arm/install/robotarm_hardware_interface/share/robotarm_hardware_interface/environment/ament_prefix_path.dsv
[3.194s] -- Symlinking: /home/robot/rh_plus_7_axis_robot_arm/install/robotarm_hardware_interface/share/robotarm_hardware_interface/environment/path.sh
[3.201s] -- Symlinking: /home/robot/rh_plus_7_axis_robot_arm/install/robotarm_hardware_interface/share/robotarm_hardware_interface/environment/path.dsv
[3.210s] -- Symlinking: /home/robot/rh_plus_7_axis_robot_arm/install/robotarm_hardware_interface/share/robotarm_hardware_interface/local_setup.bash
[3.218s] -- Symlinking: /home/robot/rh_plus_7_axis_robot_arm/install/robotarm_hardware_interface/share/robotarm_hardware_interface/local_setup.sh
[3.225s] -- Symlinking: /home/robot/rh_plus_7_axis_robot_arm/install/robotarm_hardware_interface/share/robotarm_hardware_interface/local_setup.zsh
[3.231s] -- Symlinking: /home/robot/rh_plus_7_axis_robot_arm/install/robotarm_hardware_interface/share/robotarm_hardware_interface/local_setup.dsv
[3.241s] -- Symlinking: /home/robot/rh_plus_7_axis_robot_arm/install/robotarm_hardware_interface/share/robotarm_hardware_interface/package.dsv
[3.247s] -- Symlinking: /home/robot/rh_plus_7_axis_robot_arm/install/robotarm_hardware_interface/share/ament_index/resource_index/packages/robotarm_hardware_interface
[3.254s] -- Symlinking: /home/robot/rh_plus_7_axis_robot_arm/install/robotarm_hardware_interface/share/ament_index/resource_index/hardware_interface__pluginlib__plugin/robotarm_hardware_interface
[3.262s] -- Symlinking: /home/robot/rh_plus_7_axis_robot_arm/install/robotarm_hardware_interface/share/robotarm_hardware_interface/cmake/ament_cmake_export_include_directories-extras.cmake
[3.268s] -- Symlinking: /home/robot/rh_plus_7_axis_robot_arm/install/robotarm_hardware_interface/share/robotarm_hardware_interface/cmake/ament_cmake_export_libraries-extras.cmake
[3.275s] -- Symlinking: /home/robot/rh_plus_7_axis_robot_arm/install/robotarm_hardware_interface/share/robotarm_hardware_interface/cmake/ament_cmake_export_dependencies-extras.cmake
[3.281s] -- Symlinking: /home/robot/rh_plus_7_axis_robot_arm/install/robotarm_hardware_interface/share/robotarm_hardware_interface/cmake/robotarm_hardware_interfaceConfig.cmake
[3.287s] -- Symlinking: /home/robot/rh_plus_7_axis_robot_arm/install/robotarm_hardware_interface/share/robotarm_hardware_interface/cmake/robotarm_hardware_interfaceConfig-version.cmake
[3.295s] -- Symlinking: /home/robot/rh_plus_7_axis_robot_arm/install/robotarm_hardware_interface/share/robotarm_hardware_interface/package.xml
[3.307s] Invoked command in '/home/robot/rh_plus_7_axis_robot_arm/build/robotarm_hardware_interface' returned '0': CMAKE_PREFIX_PATH=${CMAKE_PREFIX_PATH}:/home/robot/turtlebot3_ws/install/turtlebot3_teleop:/home/robot/turtlebot3_ws/install/turtlebot3_example:/home/robot/four_wheeled_robot_ws/install/four_wheeled_robot:/home/robot/project_ws/install/turtlebot3_gui:/home/robot/project_ws/install/cowork_robot:/opt/ros/humble /usr/bin/cmake --install /home/robot/rh_plus_7_axis_robot_arm/build/robotarm_hardware_interface
