[0.008s] Invoking command in '/home/robot/rh_plus_7_axis_robot_arm/build/rh_plus_7_axis_robot_arm_moveit_config': AMENT_PREFIX_PATH=/home/robot/rh_plus_7_axis_robot_arm/install/rh_plus_7_axis_robot_arm_description:${AMENT_PREFIX_PATH} CMAKE_PREFIX_PATH=${CMAKE_PREFIX_PATH}:/home/robot/turtlebot3_ws/install/turtlebot3_teleop:/home/robot/turtlebot3_ws/install/turtlebot3_example:/home/robot/four_wheeled_robot_ws/install/four_wheeled_robot:/home/robot/project_ws/install/turtlebot3_gui:/home/robot/project_ws/install/cowork_robot:/opt/ros/humble PYTHONPATH=/home/robot/rh_plus_7_axis_robot_arm/build/rh_plus_7_axis_robot_arm_description:/home/robot/rh_plus_7_axis_robot_arm/install/rh_plus_7_axis_robot_arm_description/lib/python3.10/site-packages:${PYTHONPATH} /usr/bin/cmake /home/robot/rh_plus_7_axis_robot_arm/src/rh_plus_7_axis_robot_arm_moveit_config -DAMENT_CMAKE_SYMLINK_INSTALL=1 -DCMAKE_INSTALL_PREFIX=/home/robot/rh_plus_7_axis_robot_arm/install/rh_plus_7_axis_robot_arm_moveit_config
[0.069s] -- The C compiler identification is GNU 11.4.0
[0.122s] -- The CXX compiler identification is GNU 11.4.0
[0.128s] -- Detecting C compiler ABI info
[0.199s] -- Detecting C compiler ABI info - done
[0.209s] -- Check for working C compiler: /usr/bin/cc - skipped
[0.209s] -- Detecting C compile features
[0.209s] -- Detecting C compile features - done
[0.213s] -- Detecting CXX compiler ABI info
[0.294s] -- Detecting CXX compiler ABI info - done
[0.300s] -- Check for working CXX compiler: /usr/bin/c++ - skipped
[0.300s] -- Detecting CXX compile features
[0.300s] -- Detecting CXX compile features - done
[0.302s] -- Found ament_cmake: 1.3.10 (/opt/ros/humble/share/ament_cmake/cmake)
[0.431s] -- Found Python3: /usr/bin/python3 (found version "3.10.12") found components: Interpreter 
[0.479s] -- Override CMake install command with custom implementation using symlinks instead of copying resources
[0.553s] -- Configuring done
[0.554s] -- Generating done
[0.554s] -- Build files have been written to: /home/robot/rh_plus_7_axis_robot_arm/build/rh_plus_7_axis_robot_arm_moveit_config
[0.557s] Invoked command in '/home/robot/rh_plus_7_axis_robot_arm/build/rh_plus_7_axis_robot_arm_moveit_config' returned '0': AMENT_PREFIX_PATH=/home/robot/rh_plus_7_axis_robot_arm/install/rh_plus_7_axis_robot_arm_description:${AMENT_PREFIX_PATH} CMAKE_PREFIX_PATH=${CMAKE_PREFIX_PATH}:/home/robot/turtlebot3_ws/install/turtlebot3_teleop:/home/robot/turtlebot3_ws/install/turtlebot3_example:/home/robot/four_wheeled_robot_ws/install/four_wheeled_robot:/home/robot/project_ws/install/turtlebot3_gui:/home/robot/project_ws/install/cowork_robot:/opt/ros/humble PYTHONPATH=/home/robot/rh_plus_7_axis_robot_arm/build/rh_plus_7_axis_robot_arm_description:/home/robot/rh_plus_7_axis_robot_arm/install/rh_plus_7_axis_robot_arm_description/lib/python3.10/site-packages:${PYTHONPATH} /usr/bin/cmake /home/robot/rh_plus_7_axis_robot_arm/src/rh_plus_7_axis_robot_arm_moveit_config -DAMENT_CMAKE_SYMLINK_INSTALL=1 -DCMAKE_INSTALL_PREFIX=/home/robot/rh_plus_7_axis_robot_arm/install/rh_plus_7_axis_robot_arm_moveit_config
[0.559s] Invoking command in '/home/robot/rh_plus_7_axis_robot_arm/build/rh_plus_7_axis_robot_arm_moveit_config': AMENT_PREFIX_PATH=/home/robot/rh_plus_7_axis_robot_arm/install/rh_plus_7_axis_robot_arm_description:${AMENT_PREFIX_PATH} CMAKE_PREFIX_PATH=${CMAKE_PREFIX_PATH}:/home/robot/turtlebot3_ws/install/turtlebot3_teleop:/home/robot/turtlebot3_ws/install/turtlebot3_example:/home/robot/four_wheeled_robot_ws/install/four_wheeled_robot:/home/robot/project_ws/install/turtlebot3_gui:/home/robot/project_ws/install/cowork_robot:/opt/ros/humble PYTHONPATH=/home/robot/rh_plus_7_axis_robot_arm/build/rh_plus_7_axis_robot_arm_description:/home/robot/rh_plus_7_axis_robot_arm/install/rh_plus_7_axis_robot_arm_description/lib/python3.10/site-packages:${PYTHONPATH} /usr/bin/cmake --build /home/robot/rh_plus_7_axis_robot_arm/build/rh_plus_7_axis_robot_arm_moveit_config -- -j16 -l16
[0.598s] Invoked command in '/home/robot/rh_plus_7_axis_robot_arm/build/rh_plus_7_axis_robot_arm_moveit_config' returned '0': AMENT_PREFIX_PATH=/home/robot/rh_plus_7_axis_robot_arm/install/rh_plus_7_axis_robot_arm_description:${AMENT_PREFIX_PATH} CMAKE_PREFIX_PATH=${CMAKE_PREFIX_PATH}:/home/robot/turtlebot3_ws/install/turtlebot3_teleop:/home/robot/turtlebot3_ws/install/turtlebot3_example:/home/robot/four_wheeled_robot_ws/install/four_wheeled_robot:/home/robot/project_ws/install/turtlebot3_gui:/home/robot/project_ws/install/cowork_robot:/opt/ros/humble PYTHONPATH=/home/robot/rh_plus_7_axis_robot_arm/build/rh_plus_7_axis_robot_arm_description:/home/robot/rh_plus_7_axis_robot_arm/install/rh_plus_7_axis_robot_arm_description/lib/python3.10/site-packages:${PYTHONPATH} /usr/bin/cmake --build /home/robot/rh_plus_7_axis_robot_arm/build/rh_plus_7_axis_robot_arm_moveit_config -- -j16 -l16
[0.626s] Invoking command in '/home/robot/rh_plus_7_axis_robot_arm/build/rh_plus_7_axis_robot_arm_moveit_config': AMENT_PREFIX_PATH=/home/robot/rh_plus_7_axis_robot_arm/install/rh_plus_7_axis_robot_arm_description:${AMENT_PREFIX_PATH} CMAKE_PREFIX_PATH=${CMAKE_PREFIX_PATH}:/home/robot/turtlebot3_ws/install/turtlebot3_teleop:/home/robot/turtlebot3_ws/install/turtlebot3_example:/home/robot/four_wheeled_robot_ws/install/four_wheeled_robot:/home/robot/project_ws/install/turtlebot3_gui:/home/robot/project_ws/install/cowork_robot:/opt/ros/humble PYTHONPATH=/home/robot/rh_plus_7_axis_robot_arm/build/rh_plus_7_axis_robot_arm_description:/home/robot/rh_plus_7_axis_robot_arm/install/rh_plus_7_axis_robot_arm_description/lib/python3.10/site-packages:${PYTHONPATH} /usr/bin/cmake --install /home/robot/rh_plus_7_axis_robot_arm/build/rh_plus_7_axis_robot_arm_moveit_config
[0.634s] -- Install configuration: ""
[0.634s] -- Execute custom install script
[0.635s] -- Symlinking: /home/robot/rh_plus_7_axis_robot_arm/install/rh_plus_7_axis_robot_arm_moveit_config/share/ament_index/resource_index/package_run_dependencies/rh_plus_7_axis_robot_arm_moveit_config
[0.645s] -- Symlinking: /home/robot/rh_plus_7_axis_robot_arm/install/rh_plus_7_axis_robot_arm_moveit_config/share/ament_index/resource_index/parent_prefix_path/rh_plus_7_axis_robot_arm_moveit_config
[0.653s] -- Symlinking: /home/robot/rh_plus_7_axis_robot_arm/install/rh_plus_7_axis_robot_arm_moveit_config/share/rh_plus_7_axis_robot_arm_moveit_config/environment/ament_prefix_path.sh
[0.664s] -- Symlinking: /home/robot/rh_plus_7_axis_robot_arm/install/rh_plus_7_axis_robot_arm_moveit_config/share/rh_plus_7_axis_robot_arm_moveit_config/environment/ament_prefix_path.dsv
[0.673s] -- Symlinking: /home/robot/rh_plus_7_axis_robot_arm/install/rh_plus_7_axis_robot_arm_moveit_config/share/rh_plus_7_axis_robot_arm_moveit_config/environment/path.sh
[0.682s] -- Symlinking: /home/robot/rh_plus_7_axis_robot_arm/install/rh_plus_7_axis_robot_arm_moveit_config/share/rh_plus_7_axis_robot_arm_moveit_config/environment/path.dsv
[0.693s] -- Symlinking: /home/robot/rh_plus_7_axis_robot_arm/install/rh_plus_7_axis_robot_arm_moveit_config/share/rh_plus_7_axis_robot_arm_moveit_config/local_setup.bash
[0.701s] -- Symlinking: /home/robot/rh_plus_7_axis_robot_arm/install/rh_plus_7_axis_robot_arm_moveit_config/share/rh_plus_7_axis_robot_arm_moveit_config/local_setup.sh
[0.711s] -- Symlinking: /home/robot/rh_plus_7_axis_robot_arm/install/rh_plus_7_axis_robot_arm_moveit_config/share/rh_plus_7_axis_robot_arm_moveit_config/local_setup.zsh
[0.720s] -- Symlinking: /home/robot/rh_plus_7_axis_robot_arm/install/rh_plus_7_axis_robot_arm_moveit_config/share/rh_plus_7_axis_robot_arm_moveit_config/local_setup.dsv
[0.728s] -- Symlinking: /home/robot/rh_plus_7_axis_robot_arm/install/rh_plus_7_axis_robot_arm_moveit_config/share/rh_plus_7_axis_robot_arm_moveit_config/package.dsv
[0.736s] -- Symlinking: /home/robot/rh_plus_7_axis_robot_arm/install/rh_plus_7_axis_robot_arm_moveit_config/share/ament_index/resource_index/packages/rh_plus_7_axis_robot_arm_moveit_config
[0.742s] -- Symlinking: /home/robot/rh_plus_7_axis_robot_arm/install/rh_plus_7_axis_robot_arm_moveit_config/share/rh_plus_7_axis_robot_arm_moveit_config/cmake/rh_plus_7_axis_robot_arm_moveit_configConfig.cmake
[0.748s] -- Symlinking: /home/robot/rh_plus_7_axis_robot_arm/install/rh_plus_7_axis_robot_arm_moveit_config/share/rh_plus_7_axis_robot_arm_moveit_config/cmake/rh_plus_7_axis_robot_arm_moveit_configConfig-version.cmake
[0.755s] -- Symlinking: /home/robot/rh_plus_7_axis_robot_arm/install/rh_plus_7_axis_robot_arm_moveit_config/share/rh_plus_7_axis_robot_arm_moveit_config/package.xml
[0.764s] -- Symlinking: /home/robot/rh_plus_7_axis_robot_arm/install/rh_plus_7_axis_robot_arm_moveit_config/share/rh_plus_7_axis_robot_arm_moveit_config/launch/bringup.launch.py
[0.773s] -- Symlinking: /home/robot/rh_plus_7_axis_robot_arm/install/rh_plus_7_axis_robot_arm_moveit_config/share/rh_plus_7_axis_robot_arm_moveit_config/launch/demo.launch.py
[0.783s] -- Symlinking: /home/robot/rh_plus_7_axis_robot_arm/install/rh_plus_7_axis_robot_arm_moveit_config/share/rh_plus_7_axis_robot_arm_moveit_config/launch/move_group.launch.py
[0.793s] -- Symlinking: /home/robot/rh_plus_7_axis_robot_arm/install/rh_plus_7_axis_robot_arm_moveit_config/share/rh_plus_7_axis_robot_arm_moveit_config/launch/moveit_rviz.launch.py
[0.804s] -- Symlinking: /home/robot/rh_plus_7_axis_robot_arm/install/rh_plus_7_axis_robot_arm_moveit_config/share/rh_plus_7_axis_robot_arm_moveit_config/launch/rsp.launch.py
[0.814s] -- Symlinking: /home/robot/rh_plus_7_axis_robot_arm/install/rh_plus_7_axis_robot_arm_moveit_config/share/rh_plus_7_axis_robot_arm_moveit_config/launch/setup_assistant.launch.py
[0.824s] -- Symlinking: /home/robot/rh_plus_7_axis_robot_arm/install/rh_plus_7_axis_robot_arm_moveit_config/share/rh_plus_7_axis_robot_arm_moveit_config/launch/spawn_controllers.launch.py
[0.834s] -- Symlinking: /home/robot/rh_plus_7_axis_robot_arm/install/rh_plus_7_axis_robot_arm_moveit_config/share/rh_plus_7_axis_robot_arm_moveit_config/launch/static_virtual_joint_tfs.launch.py
[0.845s] -- Symlinking: /home/robot/rh_plus_7_axis_robot_arm/install/rh_plus_7_axis_robot_arm_moveit_config/share/rh_plus_7_axis_robot_arm_moveit_config/launch/warehouse_db.launch.py
[0.855s] -- Symlinking: /home/robot/rh_plus_7_axis_robot_arm/install/rh_plus_7_axis_robot_arm_moveit_config/share/rh_plus_7_axis_robot_arm_moveit_config/config/initial_positions.yaml
[0.864s] -- Symlinking: /home/robot/rh_plus_7_axis_robot_arm/install/rh_plus_7_axis_robot_arm_moveit_config/share/rh_plus_7_axis_robot_arm_moveit_config/config/joint_limits.yaml
[0.874s] -- Symlinking: /home/robot/rh_plus_7_axis_robot_arm/install/rh_plus_7_axis_robot_arm_moveit_config/share/rh_plus_7_axis_robot_arm_moveit_config/config/kinematics.yaml
[0.885s] -- Symlinking: /home/robot/rh_plus_7_axis_robot_arm/install/rh_plus_7_axis_robot_arm_moveit_config/share/rh_plus_7_axis_robot_arm_moveit_config/config/moveit.rviz
[0.894s] -- Symlinking: /home/robot/rh_plus_7_axis_robot_arm/install/rh_plus_7_axis_robot_arm_moveit_config/share/rh_plus_7_axis_robot_arm_moveit_config/config/moveit_controllers.yaml
[0.905s] -- Symlinking: /home/robot/rh_plus_7_axis_robot_arm/install/rh_plus_7_axis_robot_arm_moveit_config/share/rh_plus_7_axis_robot_arm_moveit_config/config/ompl_planning.yaml
[0.913s] -- Symlinking: /home/robot/rh_plus_7_axis_robot_arm/install/rh_plus_7_axis_robot_arm_moveit_config/share/rh_plus_7_axis_robot_arm_moveit_config/config/pilz_cartesian_limits.yaml
[0.923s] -- Symlinking: /home/robot/rh_plus_7_axis_robot_arm/install/rh_plus_7_axis_robot_arm_moveit_config/share/rh_plus_7_axis_robot_arm_moveit_config/config/rh_plus_7_axis_robot_arm.ros2_control.xacro
[0.933s] -- Symlinking: /home/robot/rh_plus_7_axis_robot_arm/install/rh_plus_7_axis_robot_arm_moveit_config/share/rh_plus_7_axis_robot_arm_moveit_config/config/rh_plus_7_axis_robot_arm.srdf
[0.943s] -- Symlinking: /home/robot/rh_plus_7_axis_robot_arm/install/rh_plus_7_axis_robot_arm_moveit_config/share/rh_plus_7_axis_robot_arm_moveit_config/config/rh_plus_7_axis_robot_arm.urdf.xacro
[0.951s] -- Symlinking: /home/robot/rh_plus_7_axis_robot_arm/install/rh_plus_7_axis_robot_arm_moveit_config/share/rh_plus_7_axis_robot_arm_moveit_config/config/ros2_controllers.yaml
[0.960s] -- Symlinking: /home/robot/rh_plus_7_axis_robot_arm/install/rh_plus_7_axis_robot_arm_moveit_config/share/rh_plus_7_axis_robot_arm_moveit_config/.setup_assistant
[0.971s] Invoked command in '/home/robot/rh_plus_7_axis_robot_arm/build/rh_plus_7_axis_robot_arm_moveit_config' returned '0': AMENT_PREFIX_PATH=/home/robot/rh_plus_7_axis_robot_arm/install/rh_plus_7_axis_robot_arm_description:${AMENT_PREFIX_PATH} CMAKE_PREFIX_PATH=${CMAKE_PREFIX_PATH}:/home/robot/turtlebot3_ws/install/turtlebot3_teleop:/home/robot/turtlebot3_ws/install/turtlebot3_example:/home/robot/four_wheeled_robot_ws/install/four_wheeled_robot:/home/robot/project_ws/install/turtlebot3_gui:/home/robot/project_ws/install/cowork_robot:/opt/ros/humble PYTHONPATH=/home/robot/rh_plus_7_axis_robot_arm/build/rh_plus_7_axis_robot_arm_description:/home/robot/rh_plus_7_axis_robot_arm/install/rh_plus_7_axis_robot_arm_description/lib/python3.10/site-packages:${PYTHONPATH} /usr/bin/cmake --install /home/robot/rh_plus_7_axis_robot_arm/build/rh_plus_7_axis_robot_arm_moveit_config
