[0.072s] DEBUG:colcon:Command line arguments: ['/usr/bin/colcon', 'build', '--symlink-install']
[0.073s] DEBUG:colcon:Parsed command line arguments: Namespace(log_base=None, log_level=None, verb_name='build', build_base='build', install_base='install', merge_install=False, symlink_install=True, test_result_base=None, continue_on_error=False, executor='parallel', parallel_workers=16, event_handlers=None, ignore_user_meta=False, metas=['./colcon.meta'], base_paths=['.'], packages_ignore=None, packages_ignore_regex=None, paths=None, packages_up_to=None, packages_up_to_regex=None, packages_above=None, packages_above_and_dependencies=None, packages_above_depth=None, packages_select_by_dep=None, packages_skip_by_dep=None, packages_skip_up_to=None, packages_select_build_failed=False, packages_skip_build_finished=False, packages_select_test_failures=False, packages_skip_test_passed=False, packages_select=None, packages_skip=None, packages_select_regex=None, packages_skip_regex=None, packages_start=None, packages_end=None, allow_overriding=[], cmake_args=None, cmake_target=None, cmake_target_skip_unavailable=False, cmake_clean_cache=False, cmake_clean_first=False, cmake_force_configure=False, ament_cmake_args=None, catkin_cmake_args=None, catkin_skip_building_tests=False, mixin_files=None, mixin=None, verb_parser=<colcon_mixin.mixin.mixin_argument.MixinArgumentDecorator object at 0x7f3d49165360>, verb_extension=<colcon_core.verb.build.BuildVerb object at 0x7f3d49164d90>, main=<bound method BuildVerb.main of <colcon_core.verb.build.BuildVerb object at 0x7f3d49164d90>>, mixin_verb=('build',))
[0.190s] Level 1:colcon.colcon_core.package_discovery:discover_packages(colcon_meta) check parameters
[0.190s] Level 1:colcon.colcon_core.package_discovery:discover_packages(recursive) check parameters
[0.190s] Level 1:colcon.colcon_core.package_discovery:discover_packages(ignore) check parameters
[0.190s] Level 1:colcon.colcon_core.package_discovery:discover_packages(path) check parameters
[0.190s] Level 1:colcon.colcon_core.package_discovery:discover_packages(colcon_meta) discover
[0.190s] Level 1:colcon.colcon_core.package_discovery:discover_packages(recursive) discover
[0.190s] INFO:colcon.colcon_core.package_discovery:Crawling recursively for packages in '/home/robot/rh_plus_7_axis_robot_arm'
[0.190s] Level 1:colcon.colcon_core.package_identification:_identify(.) by extensions ['ignore', 'ignore_ament_install']
[0.190s] Level 1:colcon.colcon_core.package_identification:_identify(.) by extension 'ignore'
[0.190s] Level 1:colcon.colcon_core.package_identification:_identify(.) by extension 'ignore_ament_install'
[0.190s] Level 1:colcon.colcon_core.package_identification:_identify(.) by extensions ['colcon_pkg']
[0.190s] Level 1:colcon.colcon_core.package_identification:_identify(.) by extension 'colcon_pkg'
[0.190s] Level 1:colcon.colcon_core.package_identification:_identify(.) by extensions ['colcon_meta']
[0.190s] Level 1:colcon.colcon_core.package_identification:_identify(.) by extension 'colcon_meta'
[0.190s] Level 1:colcon.colcon_core.package_identification:_identify(.) by extensions ['ros']
[0.190s] Level 1:colcon.colcon_core.package_identification:_identify(.) by extension 'ros'
[0.202s] Level 1:colcon.colcon_core.package_identification:_identify(.) by extensions ['cmake', 'python']
[0.202s] Level 1:colcon.colcon_core.package_identification:_identify(.) by extension 'cmake'
[0.202s] Level 1:colcon.colcon_core.package_identification:_identify(.) by extension 'python'
[0.202s] Level 1:colcon.colcon_core.package_identification:_identify(.) by extensions ['python_setup_py']
[0.202s] Level 1:colcon.colcon_core.package_identification:_identify(.) by extension 'python_setup_py'
[0.202s] Level 1:colcon.colcon_core.package_identification:_identify(build) by extensions ['ignore', 'ignore_ament_install']
[0.202s] Level 1:colcon.colcon_core.package_identification:_identify(build) by extension 'ignore'
[0.202s] Level 1:colcon.colcon_core.package_identification:_identify(build) ignored
[0.202s] Level 1:colcon.colcon_core.package_identification:_identify(install) by extensions ['ignore', 'ignore_ament_install']
[0.202s] Level 1:colcon.colcon_core.package_identification:_identify(install) by extension 'ignore'
[0.202s] Level 1:colcon.colcon_core.package_identification:_identify(install) ignored
[0.202s] Level 1:colcon.colcon_core.package_identification:_identify(log) by extensions ['ignore', 'ignore_ament_install']
[0.202s] Level 1:colcon.colcon_core.package_identification:_identify(log) by extension 'ignore'
[0.202s] Level 1:colcon.colcon_core.package_identification:_identify(log) ignored
[0.202s] Level 1:colcon.colcon_core.package_identification:_identify(src) by extensions ['ignore', 'ignore_ament_install']
[0.203s] Level 1:colcon.colcon_core.package_identification:_identify(src) by extension 'ignore'
[0.203s] Level 1:colcon.colcon_core.package_identification:_identify(src) by extension 'ignore_ament_install'
[0.203s] Level 1:colcon.colcon_core.package_identification:_identify(src) by extensions ['colcon_pkg']
[0.203s] Level 1:colcon.colcon_core.package_identification:_identify(src) by extension 'colcon_pkg'
[0.203s] Level 1:colcon.colcon_core.package_identification:_identify(src) by extensions ['colcon_meta']
[0.203s] Level 1:colcon.colcon_core.package_identification:_identify(src) by extension 'colcon_meta'
[0.203s] Level 1:colcon.colcon_core.package_identification:_identify(src) by extensions ['ros']
[0.203s] Level 1:colcon.colcon_core.package_identification:_identify(src) by extension 'ros'
[0.203s] Level 1:colcon.colcon_core.package_identification:_identify(src) by extensions ['cmake', 'python']
[0.203s] Level 1:colcon.colcon_core.package_identification:_identify(src) by extension 'cmake'
[0.203s] Level 1:colcon.colcon_core.package_identification:_identify(src) by extension 'python'
[0.203s] Level 1:colcon.colcon_core.package_identification:_identify(src) by extensions ['python_setup_py']
[0.203s] Level 1:colcon.colcon_core.package_identification:_identify(src) by extension 'python_setup_py'
[0.203s] Level 1:colcon.colcon_core.package_identification:_identify(src/rh_plus_7_axis_robot_arm_description) by extensions ['ignore', 'ignore_ament_install']
[0.203s] Level 1:colcon.colcon_core.package_identification:_identify(src/rh_plus_7_axis_robot_arm_description) by extension 'ignore'
[0.203s] Level 1:colcon.colcon_core.package_identification:_identify(src/rh_plus_7_axis_robot_arm_description) by extension 'ignore_ament_install'
[0.203s] Level 1:colcon.colcon_core.package_identification:_identify(src/rh_plus_7_axis_robot_arm_description) by extensions ['colcon_pkg']
[0.203s] Level 1:colcon.colcon_core.package_identification:_identify(src/rh_plus_7_axis_robot_arm_description) by extension 'colcon_pkg'
[0.203s] Level 1:colcon.colcon_core.package_identification:_identify(src/rh_plus_7_axis_robot_arm_description) by extensions ['colcon_meta']
[0.203s] Level 1:colcon.colcon_core.package_identification:_identify(src/rh_plus_7_axis_robot_arm_description) by extension 'colcon_meta'
[0.203s] Level 1:colcon.colcon_core.package_identification:_identify(src/rh_plus_7_axis_robot_arm_description) by extensions ['ros']
[0.203s] Level 1:colcon.colcon_core.package_identification:_identify(src/rh_plus_7_axis_robot_arm_description) by extension 'ros'
[0.205s] DEBUG:colcon.colcon_core.package_identification:Package 'src/rh_plus_7_axis_robot_arm_description' with type 'ros.ament_python' and name 'rh_plus_7_axis_robot_arm_description'
[0.205s] Level 1:colcon.colcon_core.package_identification:_identify(src/rh_plus_7_axis_robot_arm_moveit_config) by extensions ['ignore', 'ignore_ament_install']
[0.205s] Level 1:colcon.colcon_core.package_identification:_identify(src/rh_plus_7_axis_robot_arm_moveit_config) by extension 'ignore'
[0.205s] Level 1:colcon.colcon_core.package_identification:_identify(src/rh_plus_7_axis_robot_arm_moveit_config) by extension 'ignore_ament_install'
[0.205s] Level 1:colcon.colcon_core.package_identification:_identify(src/rh_plus_7_axis_robot_arm_moveit_config) by extensions ['colcon_pkg']
[0.205s] Level 1:colcon.colcon_core.package_identification:_identify(src/rh_plus_7_axis_robot_arm_moveit_config) by extension 'colcon_pkg'
[0.205s] Level 1:colcon.colcon_core.package_identification:_identify(src/rh_plus_7_axis_robot_arm_moveit_config) by extensions ['colcon_meta']
[0.205s] Level 1:colcon.colcon_core.package_identification:_identify(src/rh_plus_7_axis_robot_arm_moveit_config) by extension 'colcon_meta'
[0.205s] Level 1:colcon.colcon_core.package_identification:_identify(src/rh_plus_7_axis_robot_arm_moveit_config) by extensions ['ros']
[0.205s] Level 1:colcon.colcon_core.package_identification:_identify(src/rh_plus_7_axis_robot_arm_moveit_config) by extension 'ros'
[0.206s] DEBUG:colcon.colcon_core.package_identification:Package 'src/rh_plus_7_axis_robot_arm_moveit_config' with type 'ros.ament_cmake' and name 'rh_plus_7_axis_robot_arm_moveit_config'
[0.206s] Level 1:colcon.colcon_core.package_identification:_identify(src/robotarm_hardware_interface) by extensions ['ignore', 'ignore_ament_install']
[0.206s] Level 1:colcon.colcon_core.package_identification:_identify(src/robotarm_hardware_interface) by extension 'ignore'
[0.206s] Level 1:colcon.colcon_core.package_identification:_identify(src/robotarm_hardware_interface) by extension 'ignore_ament_install'
[0.206s] Level 1:colcon.colcon_core.package_identification:_identify(src/robotarm_hardware_interface) by extensions ['colcon_pkg']
[0.206s] Level 1:colcon.colcon_core.package_identification:_identify(src/robotarm_hardware_interface) by extension 'colcon_pkg'
[0.206s] Level 1:colcon.colcon_core.package_identification:_identify(src/robotarm_hardware_interface) by extensions ['colcon_meta']
[0.206s] Level 1:colcon.colcon_core.package_identification:_identify(src/robotarm_hardware_interface) by extension 'colcon_meta'
[0.206s] Level 1:colcon.colcon_core.package_identification:_identify(src/robotarm_hardware_interface) by extensions ['ros']
[0.206s] Level 1:colcon.colcon_core.package_identification:_identify(src/robotarm_hardware_interface) by extension 'ros'
[0.206s] DEBUG:colcon.colcon_core.package_identification:Package 'src/robotarm_hardware_interface' with type 'ros.ament_cmake' and name 'robotarm_hardware_interface'
[0.206s] Level 1:colcon.colcon_core.package_discovery:discover_packages(recursive) using defaults
[0.206s] Level 1:colcon.colcon_core.package_discovery:discover_packages(ignore) discover
[0.206s] Level 1:colcon.colcon_core.package_discovery:discover_packages(ignore) using defaults
[0.206s] Level 1:colcon.colcon_core.package_discovery:discover_packages(path) discover
[0.206s] Level 1:colcon.colcon_core.package_discovery:discover_packages(path) using defaults
[0.220s] Level 1:colcon.colcon_core.package_discovery:discover_packages(prefix_path) check parameters
[0.220s] Level 1:colcon.colcon_core.package_discovery:discover_packages(prefix_path) discover
[0.222s] DEBUG:colcon.colcon_installed_package_information.package_discovery:Found 12 installed packages in /home/robot/turtlebot3_ws/install
[0.222s] DEBUG:colcon.colcon_installed_package_information.package_discovery:Found 1 installed packages in /home/robot/four_wheeled_robot_ws/install
[0.222s] DEBUG:colcon.colcon_installed_package_information.package_discovery:Found 4 installed packages in /home/robot/project_ws/install
[0.223s] DEBUG:colcon.colcon_installed_package_information.package_discovery:Found 381 installed packages in /opt/ros/humble
[0.224s] Level 1:colcon.colcon_core.package_discovery:discover_packages(prefix_path) using defaults
[0.251s] Level 5:colcon.colcon_core.verb:set package 'rh_plus_7_axis_robot_arm_description' build argument 'cmake_args' from command line to 'None'
[0.251s] Level 5:colcon.colcon_core.verb:set package 'rh_plus_7_axis_robot_arm_description' build argument 'cmake_target' from command line to 'None'
[0.251s] Level 5:colcon.colcon_core.verb:set package 'rh_plus_7_axis_robot_arm_description' build argument 'cmake_target_skip_unavailable' from command line to 'False'
[0.251s] Level 5:colcon.colcon_core.verb:set package 'rh_plus_7_axis_robot_arm_description' build argument 'cmake_clean_cache' from command line to 'False'
[0.251s] Level 5:colcon.colcon_core.verb:set package 'rh_plus_7_axis_robot_arm_description' build argument 'cmake_clean_first' from command line to 'False'
[0.251s] Level 5:colcon.colcon_core.verb:set package 'rh_plus_7_axis_robot_arm_description' build argument 'cmake_force_configure' from command line to 'False'
[0.251s] Level 5:colcon.colcon_core.verb:set package 'rh_plus_7_axis_robot_arm_description' build argument 'ament_cmake_args' from command line to 'None'
[0.251s] Level 5:colcon.colcon_core.verb:set package 'rh_plus_7_axis_robot_arm_description' build argument 'catkin_cmake_args' from command line to 'None'
[0.251s] Level 5:colcon.colcon_core.verb:set package 'rh_plus_7_axis_robot_arm_description' build argument 'catkin_skip_building_tests' from command line to 'False'
[0.251s] DEBUG:colcon.colcon_core.verb:Building package 'rh_plus_7_axis_robot_arm_description' with the following arguments: {'ament_cmake_args': None, 'build_base': '/home/robot/rh_plus_7_axis_robot_arm/build/rh_plus_7_axis_robot_arm_description', 'catkin_cmake_args': None, 'catkin_skip_building_tests': False, 'cmake_args': None, 'cmake_clean_cache': False, 'cmake_clean_first': False, 'cmake_force_configure': False, 'cmake_target': None, 'cmake_target_skip_unavailable': False, 'install_base': '/home/robot/rh_plus_7_axis_robot_arm/install/rh_plus_7_axis_robot_arm_description', 'merge_install': False, 'path': '/home/robot/rh_plus_7_axis_robot_arm/src/rh_plus_7_axis_robot_arm_description', 'symlink_install': True, 'test_result_base': None}
[0.252s] Level 5:colcon.colcon_core.verb:set package 'robotarm_hardware_interface' build argument 'cmake_args' from command line to 'None'
[0.252s] Level 5:colcon.colcon_core.verb:set package 'robotarm_hardware_interface' build argument 'cmake_target' from command line to 'None'
[0.252s] Level 5:colcon.colcon_core.verb:set package 'robotarm_hardware_interface' build argument 'cmake_target_skip_unavailable' from command line to 'False'
[0.252s] Level 5:colcon.colcon_core.verb:set package 'robotarm_hardware_interface' build argument 'cmake_clean_cache' from command line to 'False'
[0.252s] Level 5:colcon.colcon_core.verb:set package 'robotarm_hardware_interface' build argument 'cmake_clean_first' from command line to 'False'
[0.252s] Level 5:colcon.colcon_core.verb:set package 'robotarm_hardware_interface' build argument 'cmake_force_configure' from command line to 'False'
[0.252s] Level 5:colcon.colcon_core.verb:set package 'robotarm_hardware_interface' build argument 'ament_cmake_args' from command line to 'None'
[0.252s] Level 5:colcon.colcon_core.verb:set package 'robotarm_hardware_interface' build argument 'catkin_cmake_args' from command line to 'None'
[0.252s] Level 5:colcon.colcon_core.verb:set package 'robotarm_hardware_interface' build argument 'catkin_skip_building_tests' from command line to 'False'
[0.252s] DEBUG:colcon.colcon_core.verb:Building package 'robotarm_hardware_interface' with the following arguments: {'ament_cmake_args': None, 'build_base': '/home/robot/rh_plus_7_axis_robot_arm/build/robotarm_hardware_interface', 'catkin_cmake_args': None, 'catkin_skip_building_tests': False, 'cmake_args': None, 'cmake_clean_cache': False, 'cmake_clean_first': False, 'cmake_force_configure': False, 'cmake_target': None, 'cmake_target_skip_unavailable': False, 'install_base': '/home/robot/rh_plus_7_axis_robot_arm/install/robotarm_hardware_interface', 'merge_install': False, 'path': '/home/robot/rh_plus_7_axis_robot_arm/src/robotarm_hardware_interface', 'symlink_install': True, 'test_result_base': None}
[0.252s] Level 5:colcon.colcon_core.verb:set package 'rh_plus_7_axis_robot_arm_moveit_config' build argument 'cmake_args' from command line to 'None'
[0.252s] Level 5:colcon.colcon_core.verb:set package 'rh_plus_7_axis_robot_arm_moveit_config' build argument 'cmake_target' from command line to 'None'
[0.252s] Level 5:colcon.colcon_core.verb:set package 'rh_plus_7_axis_robot_arm_moveit_config' build argument 'cmake_target_skip_unavailable' from command line to 'False'
[0.252s] Level 5:colcon.colcon_core.verb:set package 'rh_plus_7_axis_robot_arm_moveit_config' build argument 'cmake_clean_cache' from command line to 'False'
[0.252s] Level 5:colcon.colcon_core.verb:set package 'rh_plus_7_axis_robot_arm_moveit_config' build argument 'cmake_clean_first' from command line to 'False'
[0.252s] Level 5:colcon.colcon_core.verb:set package 'rh_plus_7_axis_robot_arm_moveit_config' build argument 'cmake_force_configure' from command line to 'False'
[0.252s] Level 5:colcon.colcon_core.verb:set package 'rh_plus_7_axis_robot_arm_moveit_config' build argument 'ament_cmake_args' from command line to 'None'
[0.252s] Level 5:colcon.colcon_core.verb:set package 'rh_plus_7_axis_robot_arm_moveit_config' build argument 'catkin_cmake_args' from command line to 'None'
[0.252s] Level 5:colcon.colcon_core.verb:set package 'rh_plus_7_axis_robot_arm_moveit_config' build argument 'catkin_skip_building_tests' from command line to 'False'
[0.252s] DEBUG:colcon.colcon_core.verb:Building package 'rh_plus_7_axis_robot_arm_moveit_config' with the following arguments: {'ament_cmake_args': None, 'build_base': '/home/robot/rh_plus_7_axis_robot_arm/build/rh_plus_7_axis_robot_arm_moveit_config', 'catkin_cmake_args': None, 'catkin_skip_building_tests': False, 'cmake_args': None, 'cmake_clean_cache': False, 'cmake_clean_first': False, 'cmake_force_configure': False, 'cmake_target': None, 'cmake_target_skip_unavailable': False, 'install_base': '/home/robot/rh_plus_7_axis_robot_arm/install/rh_plus_7_axis_robot_arm_moveit_config', 'merge_install': False, 'path': '/home/robot/rh_plus_7_axis_robot_arm/src/rh_plus_7_axis_robot_arm_moveit_config', 'symlink_install': True, 'test_result_base': None}
[0.252s] INFO:colcon.colcon_core.executor:Executing jobs using 'parallel' executor
[0.253s] DEBUG:colcon.colcon_parallel_executor.executor.parallel:run_until_complete
[0.253s] INFO:colcon.colcon_ros.task.ament_python.build:Building ROS package in '/home/robot/rh_plus_7_axis_robot_arm/src/rh_plus_7_axis_robot_arm_description' with build type 'ament_python'
[0.253s] Level 1:colcon.colcon_core.shell:create_environment_hook('rh_plus_7_axis_robot_arm_description', 'ament_prefix_path')
[0.255s] INFO:colcon.colcon_core.plugin_system:Skipping extension 'colcon_core.shell.bat': Not used on non-Windows systems
[0.255s] INFO:colcon.colcon_core.shell:Creating environment hook '/home/robot/rh_plus_7_axis_robot_arm/install/rh_plus_7_axis_robot_arm_description/share/rh_plus_7_axis_robot_arm_description/hook/ament_prefix_path.ps1'
[0.255s] INFO:colcon.colcon_core.shell:Creating environment descriptor '/home/robot/rh_plus_7_axis_robot_arm/install/rh_plus_7_axis_robot_arm_description/share/rh_plus_7_axis_robot_arm_description/hook/ament_prefix_path.dsv'
[0.255s] INFO:colcon.colcon_core.shell:Creating environment hook '/home/robot/rh_plus_7_axis_robot_arm/install/rh_plus_7_axis_robot_arm_description/share/rh_plus_7_axis_robot_arm_description/hook/ament_prefix_path.sh'
[0.256s] INFO:colcon.colcon_core.shell:Skip shell extension 'powershell' for command environment: Not usable outside of PowerShell
[0.256s] DEBUG:colcon.colcon_core.shell:Skip shell extension 'dsv' for command environment
[0.259s] INFO:colcon.colcon_ros.task.ament_cmake.build:Building ROS package in '/home/robot/rh_plus_7_axis_robot_arm/src/robotarm_hardware_interface' with build type 'ament_cmake'
[0.259s] INFO:colcon.colcon_cmake.task.cmake.build:Building CMake package in '/home/robot/rh_plus_7_axis_robot_arm/src/robotarm_hardware_interface'
[0.259s] INFO:colcon.colcon_core.shell:Skip shell extension 'powershell' for command environment: Not usable outside of PowerShell
[0.259s] DEBUG:colcon.colcon_core.shell:Skip shell extension 'dsv' for command environment
[0.435s] INFO:colcon.colcon_core.task.python.build:Building Python package in '/home/robot/rh_plus_7_axis_robot_arm/src/rh_plus_7_axis_robot_arm_description'
[0.435s] INFO:colcon.colcon_core.shell:Skip shell extension 'powershell' for command environment: Not usable outside of PowerShell
[0.435s] DEBUG:colcon.colcon_core.shell:Skip shell extension 'dsv' for command environment
[0.442s] DEBUG:colcon.colcon_core.event_handler.log_command:Invoking command in '/home/robot/rh_plus_7_axis_robot_arm/build/robotarm_hardware_interface': CMAKE_PREFIX_PATH=${CMAKE_PREFIX_PATH}:/home/robot/turtlebot3_ws/install/turtlebot3_teleop:/home/robot/turtlebot3_ws/install/turtlebot3_example:/home/robot/four_wheeled_robot_ws/install/four_wheeled_robot:/home/robot/project_ws/install/turtlebot3_gui:/home/robot/project_ws/install/cowork_robot:/opt/ros/humble /usr/bin/cmake --build /home/robot/rh_plus_7_axis_robot_arm/build/robotarm_hardware_interface -- -j16 -l16
[0.506s] DEBUG:colcon.colcon_core.event_handler.log_command:Invoked command in '/home/robot/rh_plus_7_axis_robot_arm/build/robotarm_hardware_interface' returned '0': CMAKE_PREFIX_PATH=${CMAKE_PREFIX_PATH}:/home/robot/turtlebot3_ws/install/turtlebot3_teleop:/home/robot/turtlebot3_ws/install/turtlebot3_example:/home/robot/four_wheeled_robot_ws/install/four_wheeled_robot:/home/robot/project_ws/install/turtlebot3_gui:/home/robot/project_ws/install/cowork_robot:/opt/ros/humble /usr/bin/cmake --build /home/robot/rh_plus_7_axis_robot_arm/build/robotarm_hardware_interface -- -j16 -l16
[0.544s] DEBUG:colcon.colcon_core.event_handler.log_command:Invoking command in '/home/robot/rh_plus_7_axis_robot_arm/build/robotarm_hardware_interface': CMAKE_PREFIX_PATH=${CMAKE_PREFIX_PATH}:/home/robot/turtlebot3_ws/install/turtlebot3_teleop:/home/robot/turtlebot3_ws/install/turtlebot3_example:/home/robot/four_wheeled_robot_ws/install/four_wheeled_robot:/home/robot/project_ws/install/turtlebot3_gui:/home/robot/project_ws/install/cowork_robot:/opt/ros/humble /usr/bin/cmake --install /home/robot/rh_plus_7_axis_robot_arm/build/robotarm_hardware_interface
[0.559s] Level 1:colcon.colcon_core.environment:create_environment_scripts_only(robotarm_hardware_interface)
[0.560s] DEBUG:colcon.colcon_core.event_handler.log_command:Invoked command in '/home/robot/rh_plus_7_axis_robot_arm/build/robotarm_hardware_interface' returned '0': CMAKE_PREFIX_PATH=${CMAKE_PREFIX_PATH}:/home/robot/turtlebot3_ws/install/turtlebot3_teleop:/home/robot/turtlebot3_ws/install/turtlebot3_example:/home/robot/four_wheeled_robot_ws/install/four_wheeled_robot:/home/robot/project_ws/install/turtlebot3_gui:/home/robot/project_ws/install/cowork_robot:/opt/ros/humble /usr/bin/cmake --install /home/robot/rh_plus_7_axis_robot_arm/build/robotarm_hardware_interface
[0.561s] Level 1:colcon.colcon_core.environment:checking '/home/robot/rh_plus_7_axis_robot_arm/install/robotarm_hardware_interface' for CMake module files
[0.562s] Level 1:colcon.colcon_core.environment:checking '/home/robot/rh_plus_7_axis_robot_arm/install/robotarm_hardware_interface' for CMake config files
[0.562s] Level 1:colcon.colcon_core.shell:create_environment_hook('robotarm_hardware_interface', 'cmake_prefix_path')
[0.562s] INFO:colcon.colcon_core.shell:Creating environment hook '/home/robot/rh_plus_7_axis_robot_arm/install/robotarm_hardware_interface/share/robotarm_hardware_interface/hook/cmake_prefix_path.ps1'
[0.563s] INFO:colcon.colcon_core.shell:Creating environment descriptor '/home/robot/rh_plus_7_axis_robot_arm/install/robotarm_hardware_interface/share/robotarm_hardware_interface/hook/cmake_prefix_path.dsv'
[0.563s] INFO:colcon.colcon_core.shell:Creating environment hook '/home/robot/rh_plus_7_axis_robot_arm/install/robotarm_hardware_interface/share/robotarm_hardware_interface/hook/cmake_prefix_path.sh'
[0.563s] Level 1:colcon.colcon_core.environment:checking '/home/robot/rh_plus_7_axis_robot_arm/install/robotarm_hardware_interface/lib'
[0.563s] Level 1:colcon.colcon_core.environment:checking '/home/robot/rh_plus_7_axis_robot_arm/install/robotarm_hardware_interface/bin'
[0.563s] Level 1:colcon.colcon_core.environment:checking '/home/robot/rh_plus_7_axis_robot_arm/install/robotarm_hardware_interface/lib/pkgconfig/robotarm_hardware_interface.pc'
[0.564s] Level 1:colcon.colcon_core.environment:checking '/home/robot/rh_plus_7_axis_robot_arm/install/robotarm_hardware_interface/lib/python3.10/site-packages'
[0.564s] Level 1:colcon.colcon_core.environment:checking '/home/robot/rh_plus_7_axis_robot_arm/install/robotarm_hardware_interface/bin'
[0.564s] INFO:colcon.colcon_core.shell:Creating package script '/home/robot/rh_plus_7_axis_robot_arm/install/robotarm_hardware_interface/share/robotarm_hardware_interface/package.ps1'
[0.564s] INFO:colcon.colcon_core.shell:Creating package descriptor '/home/robot/rh_plus_7_axis_robot_arm/install/robotarm_hardware_interface/share/robotarm_hardware_interface/package.dsv'
[0.565s] INFO:colcon.colcon_core.shell:Creating package script '/home/robot/rh_plus_7_axis_robot_arm/install/robotarm_hardware_interface/share/robotarm_hardware_interface/package.sh'
[0.565s] INFO:colcon.colcon_core.shell:Creating package script '/home/robot/rh_plus_7_axis_robot_arm/install/robotarm_hardware_interface/share/robotarm_hardware_interface/package.bash'
[0.565s] INFO:colcon.colcon_core.shell:Creating package script '/home/robot/rh_plus_7_axis_robot_arm/install/robotarm_hardware_interface/share/robotarm_hardware_interface/package.zsh'
[0.566s] Level 1:colcon.colcon_core.environment:create_file_with_runtime_dependencies(/home/robot/rh_plus_7_axis_robot_arm/install/robotarm_hardware_interface/share/colcon-core/packages/robotarm_hardware_interface)
[0.596s] Level 1:colcon.colcon_core.environment:create_environment_scripts_only(robotarm_hardware_interface)
[0.596s] Level 1:colcon.colcon_core.environment:checking '/home/robot/rh_plus_7_axis_robot_arm/install/robotarm_hardware_interface' for CMake module files
[0.597s] Level 1:colcon.colcon_core.environment:checking '/home/robot/rh_plus_7_axis_robot_arm/install/robotarm_hardware_interface' for CMake config files
[0.597s] Level 1:colcon.colcon_core.shell:create_environment_hook('robotarm_hardware_interface', 'cmake_prefix_path')
[0.597s] INFO:colcon.colcon_core.shell:Creating environment hook '/home/robot/rh_plus_7_axis_robot_arm/install/robotarm_hardware_interface/share/robotarm_hardware_interface/hook/cmake_prefix_path.ps1'
[0.597s] INFO:colcon.colcon_core.shell:Creating environment descriptor '/home/robot/rh_plus_7_axis_robot_arm/install/robotarm_hardware_interface/share/robotarm_hardware_interface/hook/cmake_prefix_path.dsv'
[0.598s] INFO:colcon.colcon_core.shell:Creating environment hook '/home/robot/rh_plus_7_axis_robot_arm/install/robotarm_hardware_interface/share/robotarm_hardware_interface/hook/cmake_prefix_path.sh'
[0.598s] Level 1:colcon.colcon_core.environment:checking '/home/robot/rh_plus_7_axis_robot_arm/install/robotarm_hardware_interface/lib'
[0.598s] Level 1:colcon.colcon_core.environment:checking '/home/robot/rh_plus_7_axis_robot_arm/install/robotarm_hardware_interface/bin'
[0.598s] Level 1:colcon.colcon_core.environment:checking '/home/robot/rh_plus_7_axis_robot_arm/install/robotarm_hardware_interface/lib/pkgconfig/robotarm_hardware_interface.pc'
[0.598s] Level 1:colcon.colcon_core.environment:checking '/home/robot/rh_plus_7_axis_robot_arm/install/robotarm_hardware_interface/lib/python3.10/site-packages'
[0.599s] Level 1:colcon.colcon_core.environment:checking '/home/robot/rh_plus_7_axis_robot_arm/install/robotarm_hardware_interface/bin'
[0.599s] INFO:colcon.colcon_core.shell:Creating package script '/home/robot/rh_plus_7_axis_robot_arm/install/robotarm_hardware_interface/share/robotarm_hardware_interface/package.ps1'
[0.599s] INFO:colcon.colcon_core.shell:Creating package descriptor '/home/robot/rh_plus_7_axis_robot_arm/install/robotarm_hardware_interface/share/robotarm_hardware_interface/package.dsv'
[0.599s] INFO:colcon.colcon_core.shell:Creating package script '/home/robot/rh_plus_7_axis_robot_arm/install/robotarm_hardware_interface/share/robotarm_hardware_interface/package.sh'
[0.600s] INFO:colcon.colcon_core.shell:Creating package script '/home/robot/rh_plus_7_axis_robot_arm/install/robotarm_hardware_interface/share/robotarm_hardware_interface/package.bash'
[0.600s] INFO:colcon.colcon_core.shell:Creating package script '/home/robot/rh_plus_7_axis_robot_arm/install/robotarm_hardware_interface/share/robotarm_hardware_interface/package.zsh'
[0.600s] Level 1:colcon.colcon_core.environment:create_file_with_runtime_dependencies(/home/robot/rh_plus_7_axis_robot_arm/install/robotarm_hardware_interface/share/colcon-core/packages/robotarm_hardware_interface)
[0.683s] DEBUG:colcon.colcon_core.event_handler.log_command:Invoking command in '/home/robot/rh_plus_7_axis_robot_arm/build/rh_plus_7_axis_robot_arm_description': PYTHONPATH=/home/robot/rh_plus_7_axis_robot_arm/build/rh_plus_7_axis_robot_arm_description/prefix_override:/usr/lib/python3/dist-packages/colcon_core/task/python/colcon_distutils_commands:/home/robot/rh_plus_7_axis_robot_arm/install/rh_plus_7_axis_robot_arm_description/lib/python3.10/site-packages:${PYTHONPATH} /usr/bin/python3 -W ignore:setup.py install is deprecated setup.py develop --editable --build-directory /home/robot/rh_plus_7_axis_robot_arm/build/rh_plus_7_axis_robot_arm_description/build --no-deps symlink_data
[0.983s] Level 1:colcon.colcon_core.shell:create_environment_hook('rh_plus_7_axis_robot_arm_description', 'pythonpath_develop')
[0.983s] INFO:colcon.colcon_core.shell:Creating environment hook '/home/robot/rh_plus_7_axis_robot_arm/build/rh_plus_7_axis_robot_arm_description/share/rh_plus_7_axis_robot_arm_description/hook/pythonpath_develop.ps1'
[0.983s] DEBUG:colcon.colcon_core.event_handler.log_command:Invoked command in '/home/robot/rh_plus_7_axis_robot_arm/build/rh_plus_7_axis_robot_arm_description' returned '0': PYTHONPATH=/home/robot/rh_plus_7_axis_robot_arm/build/rh_plus_7_axis_robot_arm_description/prefix_override:/usr/lib/python3/dist-packages/colcon_core/task/python/colcon_distutils_commands:/home/robot/rh_plus_7_axis_robot_arm/install/rh_plus_7_axis_robot_arm_description/lib/python3.10/site-packages:${PYTHONPATH} /usr/bin/python3 -W ignore:setup.py install is deprecated setup.py develop --editable --build-directory /home/robot/rh_plus_7_axis_robot_arm/build/rh_plus_7_axis_robot_arm_description/build --no-deps symlink_data
[0.984s] INFO:colcon.colcon_core.shell:Creating environment descriptor '/home/robot/rh_plus_7_axis_robot_arm/build/rh_plus_7_axis_robot_arm_description/share/rh_plus_7_axis_robot_arm_description/hook/pythonpath_develop.dsv'
[0.985s] INFO:colcon.colcon_core.shell:Creating environment hook '/home/robot/rh_plus_7_axis_robot_arm/build/rh_plus_7_axis_robot_arm_description/share/rh_plus_7_axis_robot_arm_description/hook/pythonpath_develop.sh'
[0.985s] Level 1:colcon.colcon_core.environment:checking '/home/robot/rh_plus_7_axis_robot_arm/install/rh_plus_7_axis_robot_arm_description' for CMake module files
[0.986s] Level 1:colcon.colcon_core.environment:checking '/home/robot/rh_plus_7_axis_robot_arm/install/rh_plus_7_axis_robot_arm_description' for CMake config files
[0.986s] Level 1:colcon.colcon_core.environment:checking '/home/robot/rh_plus_7_axis_robot_arm/install/rh_plus_7_axis_robot_arm_description/lib'
[0.987s] Level 1:colcon.colcon_core.environment:checking '/home/robot/rh_plus_7_axis_robot_arm/install/rh_plus_7_axis_robot_arm_description/bin'
[0.987s] Level 1:colcon.colcon_core.environment:checking '/home/robot/rh_plus_7_axis_robot_arm/install/rh_plus_7_axis_robot_arm_description/lib/pkgconfig/rh_plus_7_axis_robot_arm_description.pc'
[0.987s] Level 1:colcon.colcon_core.environment:checking '/home/robot/rh_plus_7_axis_robot_arm/install/rh_plus_7_axis_robot_arm_description/lib/python3.10/site-packages'
[0.987s] Level 1:colcon.colcon_core.shell:create_environment_hook('rh_plus_7_axis_robot_arm_description', 'pythonpath')
[0.987s] INFO:colcon.colcon_core.shell:Creating environment hook '/home/robot/rh_plus_7_axis_robot_arm/install/rh_plus_7_axis_robot_arm_description/share/rh_plus_7_axis_robot_arm_description/hook/pythonpath.ps1'
[0.988s] INFO:colcon.colcon_core.shell:Creating environment descriptor '/home/robot/rh_plus_7_axis_robot_arm/install/rh_plus_7_axis_robot_arm_description/share/rh_plus_7_axis_robot_arm_description/hook/pythonpath.dsv'
[0.988s] INFO:colcon.colcon_core.shell:Creating environment hook '/home/robot/rh_plus_7_axis_robot_arm/install/rh_plus_7_axis_robot_arm_description/share/rh_plus_7_axis_robot_arm_description/hook/pythonpath.sh'
[0.988s] Level 1:colcon.colcon_core.environment:checking '/home/robot/rh_plus_7_axis_robot_arm/install/rh_plus_7_axis_robot_arm_description/bin'
[0.989s] Level 1:colcon.colcon_core.environment:create_environment_scripts_only(rh_plus_7_axis_robot_arm_description)
[0.989s] INFO:colcon.colcon_core.shell:Creating package script '/home/robot/rh_plus_7_axis_robot_arm/install/rh_plus_7_axis_robot_arm_description/share/rh_plus_7_axis_robot_arm_description/package.ps1'
[0.990s] INFO:colcon.colcon_core.shell:Creating package descriptor '/home/robot/rh_plus_7_axis_robot_arm/install/rh_plus_7_axis_robot_arm_description/share/rh_plus_7_axis_robot_arm_description/package.dsv'
[0.990s] INFO:colcon.colcon_core.shell:Creating package script '/home/robot/rh_plus_7_axis_robot_arm/install/rh_plus_7_axis_robot_arm_description/share/rh_plus_7_axis_robot_arm_description/package.sh'
[0.991s] INFO:colcon.colcon_core.shell:Creating package script '/home/robot/rh_plus_7_axis_robot_arm/install/rh_plus_7_axis_robot_arm_description/share/rh_plus_7_axis_robot_arm_description/package.bash'
[0.991s] INFO:colcon.colcon_core.shell:Creating package script '/home/robot/rh_plus_7_axis_robot_arm/install/rh_plus_7_axis_robot_arm_description/share/rh_plus_7_axis_robot_arm_description/package.zsh'
[0.991s] Level 1:colcon.colcon_core.environment:create_file_with_runtime_dependencies(/home/robot/rh_plus_7_axis_robot_arm/install/rh_plus_7_axis_robot_arm_description/share/colcon-core/packages/rh_plus_7_axis_robot_arm_description)
[0.992s] INFO:colcon.colcon_ros.task.ament_cmake.build:Building ROS package in '/home/robot/rh_plus_7_axis_robot_arm/src/rh_plus_7_axis_robot_arm_moveit_config' with build type 'ament_cmake'
[0.992s] INFO:colcon.colcon_cmake.task.cmake.build:Building CMake package in '/home/robot/rh_plus_7_axis_robot_arm/src/rh_plus_7_axis_robot_arm_moveit_config'
[0.992s] INFO:colcon.colcon_core.shell:Skip shell extension 'powershell' for command environment: Not usable outside of PowerShell
[0.992s] DEBUG:colcon.colcon_core.shell:Skip shell extension 'dsv' for command environment
[1.000s] DEBUG:colcon.colcon_core.event_handler.log_command:Invoking command in '/home/robot/rh_plus_7_axis_robot_arm/build/rh_plus_7_axis_robot_arm_moveit_config': AMENT_PREFIX_PATH=/home/robot/rh_plus_7_axis_robot_arm/install/rh_plus_7_axis_robot_arm_description:${AMENT_PREFIX_PATH} CMAKE_PREFIX_PATH=${CMAKE_PREFIX_PATH}:/home/robot/turtlebot3_ws/install/turtlebot3_teleop:/home/robot/turtlebot3_ws/install/turtlebot3_example:/home/robot/four_wheeled_robot_ws/install/four_wheeled_robot:/home/robot/project_ws/install/turtlebot3_gui:/home/robot/project_ws/install/cowork_robot:/opt/ros/humble PYTHONPATH=/home/robot/rh_plus_7_axis_robot_arm/build/rh_plus_7_axis_robot_arm_description:/home/robot/rh_plus_7_axis_robot_arm/install/rh_plus_7_axis_robot_arm_description/lib/python3.10/site-packages:${PYTHONPATH} /usr/bin/cmake /home/robot/rh_plus_7_axis_robot_arm/src/rh_plus_7_axis_robot_arm_moveit_config -DAMENT_CMAKE_SYMLINK_INSTALL=1 -DCMAKE_INSTALL_PREFIX=/home/robot/rh_plus_7_axis_robot_arm/install/rh_plus_7_axis_robot_arm_moveit_config
[1.550s] DEBUG:colcon.colcon_core.event_handler.log_command:Invoked command in '/home/robot/rh_plus_7_axis_robot_arm/build/rh_plus_7_axis_robot_arm_moveit_config' returned '0': AMENT_PREFIX_PATH=/home/robot/rh_plus_7_axis_robot_arm/install/rh_plus_7_axis_robot_arm_description:${AMENT_PREFIX_PATH} CMAKE_PREFIX_PATH=${CMAKE_PREFIX_PATH}:/home/robot/turtlebot3_ws/install/turtlebot3_teleop:/home/robot/turtlebot3_ws/install/turtlebot3_example:/home/robot/four_wheeled_robot_ws/install/four_wheeled_robot:/home/robot/project_ws/install/turtlebot3_gui:/home/robot/project_ws/install/cowork_robot:/opt/ros/humble PYTHONPATH=/home/robot/rh_plus_7_axis_robot_arm/build/rh_plus_7_axis_robot_arm_description:/home/robot/rh_plus_7_axis_robot_arm/install/rh_plus_7_axis_robot_arm_description/lib/python3.10/site-packages:${PYTHONPATH} /usr/bin/cmake /home/robot/rh_plus_7_axis_robot_arm/src/rh_plus_7_axis_robot_arm_moveit_config -DAMENT_CMAKE_SYMLINK_INSTALL=1 -DCMAKE_INSTALL_PREFIX=/home/robot/rh_plus_7_axis_robot_arm/install/rh_plus_7_axis_robot_arm_moveit_config
[1.551s] DEBUG:colcon.colcon_core.event_handler.log_command:Invoking command in '/home/robot/rh_plus_7_axis_robot_arm/build/rh_plus_7_axis_robot_arm_moveit_config': AMENT_PREFIX_PATH=/home/robot/rh_plus_7_axis_robot_arm/install/rh_plus_7_axis_robot_arm_description:${AMENT_PREFIX_PATH} CMAKE_PREFIX_PATH=${CMAKE_PREFIX_PATH}:/home/robot/turtlebot3_ws/install/turtlebot3_teleop:/home/robot/turtlebot3_ws/install/turtlebot3_example:/home/robot/four_wheeled_robot_ws/install/four_wheeled_robot:/home/robot/project_ws/install/turtlebot3_gui:/home/robot/project_ws/install/cowork_robot:/opt/ros/humble PYTHONPATH=/home/robot/rh_plus_7_axis_robot_arm/build/rh_plus_7_axis_robot_arm_description:/home/robot/rh_plus_7_axis_robot_arm/install/rh_plus_7_axis_robot_arm_description/lib/python3.10/site-packages:${PYTHONPATH} /usr/bin/cmake --build /home/robot/rh_plus_7_axis_robot_arm/build/rh_plus_7_axis_robot_arm_moveit_config -- -j16 -l16
[1.590s] DEBUG:colcon.colcon_core.event_handler.log_command:Invoked command in '/home/robot/rh_plus_7_axis_robot_arm/build/rh_plus_7_axis_robot_arm_moveit_config' returned '0': AMENT_PREFIX_PATH=/home/robot/rh_plus_7_axis_robot_arm/install/rh_plus_7_axis_robot_arm_description:${AMENT_PREFIX_PATH} CMAKE_PREFIX_PATH=${CMAKE_PREFIX_PATH}:/home/robot/turtlebot3_ws/install/turtlebot3_teleop:/home/robot/turtlebot3_ws/install/turtlebot3_example:/home/robot/four_wheeled_robot_ws/install/four_wheeled_robot:/home/robot/project_ws/install/turtlebot3_gui:/home/robot/project_ws/install/cowork_robot:/opt/ros/humble PYTHONPATH=/home/robot/rh_plus_7_axis_robot_arm/build/rh_plus_7_axis_robot_arm_description:/home/robot/rh_plus_7_axis_robot_arm/install/rh_plus_7_axis_robot_arm_description/lib/python3.10/site-packages:${PYTHONPATH} /usr/bin/cmake --build /home/robot/rh_plus_7_axis_robot_arm/build/rh_plus_7_axis_robot_arm_moveit_config -- -j16 -l16
[1.618s] DEBUG:colcon.colcon_core.event_handler.log_command:Invoking command in '/home/robot/rh_plus_7_axis_robot_arm/build/rh_plus_7_axis_robot_arm_moveit_config': AMENT_PREFIX_PATH=/home/robot/rh_plus_7_axis_robot_arm/install/rh_plus_7_axis_robot_arm_description:${AMENT_PREFIX_PATH} CMAKE_PREFIX_PATH=${CMAKE_PREFIX_PATH}:/home/robot/turtlebot3_ws/install/turtlebot3_teleop:/home/robot/turtlebot3_ws/install/turtlebot3_example:/home/robot/four_wheeled_robot_ws/install/four_wheeled_robot:/home/robot/project_ws/install/turtlebot3_gui:/home/robot/project_ws/install/cowork_robot:/opt/ros/humble PYTHONPATH=/home/robot/rh_plus_7_axis_robot_arm/build/rh_plus_7_axis_robot_arm_description:/home/robot/rh_plus_7_axis_robot_arm/install/rh_plus_7_axis_robot_arm_description/lib/python3.10/site-packages:${PYTHONPATH} /usr/bin/cmake --install /home/robot/rh_plus_7_axis_robot_arm/build/rh_plus_7_axis_robot_arm_moveit_config
[1.962s] Level 1:colcon.colcon_core.environment:create_environment_scripts_only(rh_plus_7_axis_robot_arm_moveit_config)
[1.963s] Level 1:colcon.colcon_core.environment:checking '/home/robot/rh_plus_7_axis_robot_arm/install/rh_plus_7_axis_robot_arm_moveit_config' for CMake module files
[1.964s] DEBUG:colcon.colcon_core.event_handler.log_command:Invoked command in '/home/robot/rh_plus_7_axis_robot_arm/build/rh_plus_7_axis_robot_arm_moveit_config' returned '0': AMENT_PREFIX_PATH=/home/robot/rh_plus_7_axis_robot_arm/install/rh_plus_7_axis_robot_arm_description:${AMENT_PREFIX_PATH} CMAKE_PREFIX_PATH=${CMAKE_PREFIX_PATH}:/home/robot/turtlebot3_ws/install/turtlebot3_teleop:/home/robot/turtlebot3_ws/install/turtlebot3_example:/home/robot/four_wheeled_robot_ws/install/four_wheeled_robot:/home/robot/project_ws/install/turtlebot3_gui:/home/robot/project_ws/install/cowork_robot:/opt/ros/humble PYTHONPATH=/home/robot/rh_plus_7_axis_robot_arm/build/rh_plus_7_axis_robot_arm_description:/home/robot/rh_plus_7_axis_robot_arm/install/rh_plus_7_axis_robot_arm_description/lib/python3.10/site-packages:${PYTHONPATH} /usr/bin/cmake --install /home/robot/rh_plus_7_axis_robot_arm/build/rh_plus_7_axis_robot_arm_moveit_config
[1.964s] Level 1:colcon.colcon_core.environment:checking '/home/robot/rh_plus_7_axis_robot_arm/install/rh_plus_7_axis_robot_arm_moveit_config' for CMake config files
[1.964s] Level 1:colcon.colcon_core.shell:create_environment_hook('rh_plus_7_axis_robot_arm_moveit_config', 'cmake_prefix_path')
[1.964s] INFO:colcon.colcon_core.shell:Creating environment hook '/home/robot/rh_plus_7_axis_robot_arm/install/rh_plus_7_axis_robot_arm_moveit_config/share/rh_plus_7_axis_robot_arm_moveit_config/hook/cmake_prefix_path.ps1'
[1.965s] INFO:colcon.colcon_core.shell:Creating environment descriptor '/home/robot/rh_plus_7_axis_robot_arm/install/rh_plus_7_axis_robot_arm_moveit_config/share/rh_plus_7_axis_robot_arm_moveit_config/hook/cmake_prefix_path.dsv'
[1.965s] INFO:colcon.colcon_core.shell:Creating environment hook '/home/robot/rh_plus_7_axis_robot_arm/install/rh_plus_7_axis_robot_arm_moveit_config/share/rh_plus_7_axis_robot_arm_moveit_config/hook/cmake_prefix_path.sh'
[1.966s] Level 1:colcon.colcon_core.environment:checking '/home/robot/rh_plus_7_axis_robot_arm/install/rh_plus_7_axis_robot_arm_moveit_config/bin'
[1.966s] Level 1:colcon.colcon_core.environment:checking '/home/robot/rh_plus_7_axis_robot_arm/install/rh_plus_7_axis_robot_arm_moveit_config/lib/pkgconfig/rh_plus_7_axis_robot_arm_moveit_config.pc'
[1.966s] Level 1:colcon.colcon_core.environment:checking '/home/robot/rh_plus_7_axis_robot_arm/install/rh_plus_7_axis_robot_arm_moveit_config/lib/python3.10/site-packages'
[1.966s] Level 1:colcon.colcon_core.environment:checking '/home/robot/rh_plus_7_axis_robot_arm/install/rh_plus_7_axis_robot_arm_moveit_config/bin'
[1.966s] INFO:colcon.colcon_core.shell:Creating package script '/home/robot/rh_plus_7_axis_robot_arm/install/rh_plus_7_axis_robot_arm_moveit_config/share/rh_plus_7_axis_robot_arm_moveit_config/package.ps1'
[1.967s] INFO:colcon.colcon_core.shell:Creating package descriptor '/home/robot/rh_plus_7_axis_robot_arm/install/rh_plus_7_axis_robot_arm_moveit_config/share/rh_plus_7_axis_robot_arm_moveit_config/package.dsv'
[1.967s] INFO:colcon.colcon_core.shell:Creating package script '/home/robot/rh_plus_7_axis_robot_arm/install/rh_plus_7_axis_robot_arm_moveit_config/share/rh_plus_7_axis_robot_arm_moveit_config/package.sh'
[1.968s] INFO:colcon.colcon_core.shell:Creating package script '/home/robot/rh_plus_7_axis_robot_arm/install/rh_plus_7_axis_robot_arm_moveit_config/share/rh_plus_7_axis_robot_arm_moveit_config/package.bash'
[1.968s] INFO:colcon.colcon_core.shell:Creating package script '/home/robot/rh_plus_7_axis_robot_arm/install/rh_plus_7_axis_robot_arm_moveit_config/share/rh_plus_7_axis_robot_arm_moveit_config/package.zsh'
[1.968s] Level 1:colcon.colcon_core.environment:create_file_with_runtime_dependencies(/home/robot/rh_plus_7_axis_robot_arm/install/rh_plus_7_axis_robot_arm_moveit_config/share/colcon-core/packages/rh_plus_7_axis_robot_arm_moveit_config)
[1.995s] Level 1:colcon.colcon_core.environment:create_environment_scripts_only(rh_plus_7_axis_robot_arm_moveit_config)
[1.995s] Level 1:colcon.colcon_core.environment:checking '/home/robot/rh_plus_7_axis_robot_arm/install/rh_plus_7_axis_robot_arm_moveit_config' for CMake module files
[1.996s] Level 1:colcon.colcon_core.environment:checking '/home/robot/rh_plus_7_axis_robot_arm/install/rh_plus_7_axis_robot_arm_moveit_config' for CMake config files
[1.996s] Level 1:colcon.colcon_core.shell:create_environment_hook('rh_plus_7_axis_robot_arm_moveit_config', 'cmake_prefix_path')
[1.996s] INFO:colcon.colcon_core.shell:Creating environment hook '/home/robot/rh_plus_7_axis_robot_arm/install/rh_plus_7_axis_robot_arm_moveit_config/share/rh_plus_7_axis_robot_arm_moveit_config/hook/cmake_prefix_path.ps1'
[1.996s] INFO:colcon.colcon_core.shell:Creating environment descriptor '/home/robot/rh_plus_7_axis_robot_arm/install/rh_plus_7_axis_robot_arm_moveit_config/share/rh_plus_7_axis_robot_arm_moveit_config/hook/cmake_prefix_path.dsv'
[1.997s] INFO:colcon.colcon_core.shell:Creating environment hook '/home/robot/rh_plus_7_axis_robot_arm/install/rh_plus_7_axis_robot_arm_moveit_config/share/rh_plus_7_axis_robot_arm_moveit_config/hook/cmake_prefix_path.sh'
[1.997s] Level 1:colcon.colcon_core.environment:checking '/home/robot/rh_plus_7_axis_robot_arm/install/rh_plus_7_axis_robot_arm_moveit_config/bin'
[1.997s] Level 1:colcon.colcon_core.environment:checking '/home/robot/rh_plus_7_axis_robot_arm/install/rh_plus_7_axis_robot_arm_moveit_config/lib/pkgconfig/rh_plus_7_axis_robot_arm_moveit_config.pc'
[1.997s] Level 1:colcon.colcon_core.environment:checking '/home/robot/rh_plus_7_axis_robot_arm/install/rh_plus_7_axis_robot_arm_moveit_config/lib/python3.10/site-packages'
[1.997s] Level 1:colcon.colcon_core.environment:checking '/home/robot/rh_plus_7_axis_robot_arm/install/rh_plus_7_axis_robot_arm_moveit_config/bin'
[1.998s] INFO:colcon.colcon_core.shell:Creating package script '/home/robot/rh_plus_7_axis_robot_arm/install/rh_plus_7_axis_robot_arm_moveit_config/share/rh_plus_7_axis_robot_arm_moveit_config/package.ps1'
[1.998s] INFO:colcon.colcon_core.shell:Creating package descriptor '/home/robot/rh_plus_7_axis_robot_arm/install/rh_plus_7_axis_robot_arm_moveit_config/share/rh_plus_7_axis_robot_arm_moveit_config/package.dsv'
[1.999s] INFO:colcon.colcon_core.shell:Creating package script '/home/robot/rh_plus_7_axis_robot_arm/install/rh_plus_7_axis_robot_arm_moveit_config/share/rh_plus_7_axis_robot_arm_moveit_config/package.sh'
[1.999s] INFO:colcon.colcon_core.shell:Creating package script '/home/robot/rh_plus_7_axis_robot_arm/install/rh_plus_7_axis_robot_arm_moveit_config/share/rh_plus_7_axis_robot_arm_moveit_config/package.bash'
[1.999s] INFO:colcon.colcon_core.shell:Creating package script '/home/robot/rh_plus_7_axis_robot_arm/install/rh_plus_7_axis_robot_arm_moveit_config/share/rh_plus_7_axis_robot_arm_moveit_config/package.zsh'
[2.000s] Level 1:colcon.colcon_core.environment:create_file_with_runtime_dependencies(/home/robot/rh_plus_7_axis_robot_arm/install/rh_plus_7_axis_robot_arm_moveit_config/share/colcon-core/packages/rh_plus_7_axis_robot_arm_moveit_config)
[2.000s] DEBUG:colcon.colcon_parallel_executor.executor.parallel:closing loop
[2.000s] DEBUG:colcon.colcon_parallel_executor.executor.parallel:loop closed
[2.000s] DEBUG:colcon.colcon_parallel_executor.executor.parallel:run_until_complete finished with '0'
[2.000s] DEBUG:colcon.colcon_core.event_reactor:joining thread
[2.007s] INFO:colcon.colcon_core.plugin_system:Skipping extension 'colcon_notification.desktop_notification.terminal_notifier': Not used on non-Darwin systems
[2.007s] INFO:colcon.colcon_core.plugin_system:Skipping extension 'colcon_notification.desktop_notification.win32': Not used on non-Windows systems
[2.007s] INFO:colcon.colcon_notification.desktop_notification:Sending desktop notification using 'notify2'
[2.021s] DEBUG:colcon.colcon_core.event_reactor:joined thread
[2.021s] INFO:colcon.colcon_core.shell:Creating prefix script '/home/robot/rh_plus_7_axis_robot_arm/install/local_setup.ps1'
[2.022s] INFO:colcon.colcon_core.shell:Creating prefix util module '/home/robot/rh_plus_7_axis_robot_arm/install/_local_setup_util_ps1.py'
[2.024s] INFO:colcon.colcon_core.shell:Creating prefix chain script '/home/robot/rh_plus_7_axis_robot_arm/install/setup.ps1'
[2.026s] INFO:colcon.colcon_core.shell:Creating prefix script '/home/robot/rh_plus_7_axis_robot_arm/install/local_setup.sh'
[2.026s] INFO:colcon.colcon_core.shell:Creating prefix util module '/home/robot/rh_plus_7_axis_robot_arm/install/_local_setup_util_sh.py'
[2.027s] INFO:colcon.colcon_core.shell:Creating prefix chain script '/home/robot/rh_plus_7_axis_robot_arm/install/setup.sh'
[2.029s] INFO:colcon.colcon_core.shell:Creating prefix script '/home/robot/rh_plus_7_axis_robot_arm/install/local_setup.bash'
[2.029s] INFO:colcon.colcon_core.shell:Creating prefix chain script '/home/robot/rh_plus_7_axis_robot_arm/install/setup.bash'
[2.031s] INFO:colcon.colcon_core.shell:Creating prefix script '/home/robot/rh_plus_7_axis_robot_arm/install/local_setup.zsh'
[2.031s] INFO:colcon.colcon_core.shell:Creating prefix chain script '/home/robot/rh_plus_7_axis_robot_arm/install/setup.zsh'
