running develop
running egg_info
creating rh_plus_7_axis_robot_arm_description.egg-info
writing rh_plus_7_axis_robot_arm_description.egg-info/PKG-INFO
writing dependency_links to rh_plus_7_axis_robot_arm_description.egg-info/dependency_links.txt
writing entry points to rh_plus_7_axis_robot_arm_description.egg-info/entry_points.txt
writing requirements to rh_plus_7_axis_robot_arm_description.egg-info/requires.txt
writing top-level names to rh_plus_7_axis_robot_arm_description.egg-info/top_level.txt
writing manifest file 'rh_plus_7_axis_robot_arm_description.egg-info/SOURCES.txt'
reading manifest file 'rh_plus_7_axis_robot_arm_description.egg-info/SOURCES.txt'
writing manifest file 'rh_plus_7_axis_robot_arm_description.egg-info/SOURCES.txt'
running build_ext
Creating /home/robot/rh_plus_7_axis_robot_arm/install/rh_plus_7_axis_robot_arm_description/lib/python3.10/site-packages/rh-plus-7-axis-robot-arm-description.egg-link (link to .)

Installed /home/robot/rh_plus_7_axis_robot_arm/build/rh_plus_7_axis_robot_arm_description
running symlink_data
creating /home/robot/rh_plus_7_axis_robot_arm/install/rh_plus_7_axis_robot_arm_description/share/ament_index
creating /home/robot/rh_plus_7_axis_robot_arm/install/rh_plus_7_axis_robot_arm_description/share/ament_index/resource_index
creating /home/robot/rh_plus_7_axis_robot_arm/install/rh_plus_7_axis_robot_arm_description/share/ament_index/resource_index/packages
symbolically linking /home/robot/rh_plus_7_axis_robot_arm/build/rh_plus_7_axis_robot_arm_description/resource/rh_plus_7_axis_robot_arm_description -> /home/robot/rh_plus_7_axis_robot_arm/install/rh_plus_7_axis_robot_arm_description/share/ament_index/resource_index/packages
symbolically linking /home/robot/rh_plus_7_axis_robot_arm/build/rh_plus_7_axis_robot_arm_description/package.xml -> /home/robot/rh_plus_7_axis_robot_arm/install/rh_plus_7_axis_robot_arm_description/share/rh_plus_7_axis_robot_arm_description
creating /home/robot/rh_plus_7_axis_robot_arm/install/rh_plus_7_axis_robot_arm_description/share/rh_plus_7_axis_robot_arm_description/launch
symbolically linking /home/robot/rh_plus_7_axis_robot_arm/build/rh_plus_7_axis_robot_arm_description/launch/gazebo.launch.py -> /home/robot/rh_plus_7_axis_robot_arm/install/rh_plus_7_axis_robot_arm_description/share/rh_plus_7_axis_robot_arm_description/launch
symbolically linking /home/robot/rh_plus_7_axis_robot_arm/build/rh_plus_7_axis_robot_arm_description/launch/display.launch.py -> /home/robot/rh_plus_7_axis_robot_arm/install/rh_plus_7_axis_robot_arm_description/share/rh_plus_7_axis_robot_arm_description/launch
creating /home/robot/rh_plus_7_axis_robot_arm/install/rh_plus_7_axis_robot_arm_description/share/rh_plus_7_axis_robot_arm_description/urdf
symbolically linking /home/robot/rh_plus_7_axis_robot_arm/build/rh_plus_7_axis_robot_arm_description/urdf/rh_plus_7_axis_robot_arm.trans -> /home/robot/rh_plus_7_axis_robot_arm/install/rh_plus_7_axis_robot_arm_description/share/rh_plus_7_axis_robot_arm_description/urdf
symbolically linking /home/robot/rh_plus_7_axis_robot_arm/build/rh_plus_7_axis_robot_arm_description/urdf/materials.xacro -> /home/robot/rh_plus_7_axis_robot_arm/install/rh_plus_7_axis_robot_arm_description/share/rh_plus_7_axis_robot_arm_description/urdf
symbolically linking /home/robot/rh_plus_7_axis_robot_arm/build/rh_plus_7_axis_robot_arm_description/urdf/rh_plus_7_axis_robot_arm.xacro -> /home/robot/rh_plus_7_axis_robot_arm/install/rh_plus_7_axis_robot_arm_description/share/rh_plus_7_axis_robot_arm_description/urdf
symbolically linking /home/robot/rh_plus_7_axis_robot_arm/build/rh_plus_7_axis_robot_arm_description/urdf/rh_plus_7_axis_robot_arm.gazebo -> /home/robot/rh_plus_7_axis_robot_arm/install/rh_plus_7_axis_robot_arm_description/share/rh_plus_7_axis_robot_arm_description/urdf
creating /home/robot/rh_plus_7_axis_robot_arm/install/rh_plus_7_axis_robot_arm_description/share/rh_plus_7_axis_robot_arm_description/meshes
symbolically linking /home/robot/rh_plus_7_axis_robot_arm/build/rh_plus_7_axis_robot_arm_description/meshes/link2.stl -> /home/robot/rh_plus_7_axis_robot_arm/install/rh_plus_7_axis_robot_arm_description/share/rh_plus_7_axis_robot_arm_description/meshes
symbolically linking /home/robot/rh_plus_7_axis_robot_arm/build/rh_plus_7_axis_robot_arm_description/meshes/link4.stl -> /home/robot/rh_plus_7_axis_robot_arm/install/rh_plus_7_axis_robot_arm_description/share/rh_plus_7_axis_robot_arm_description/meshes
symbolically linking /home/robot/rh_plus_7_axis_robot_arm/build/rh_plus_7_axis_robot_arm_description/meshes/link3.stl -> /home/robot/rh_plus_7_axis_robot_arm/install/rh_plus_7_axis_robot_arm_description/share/rh_plus_7_axis_robot_arm_description/meshes
symbolically linking /home/robot/rh_plus_7_axis_robot_arm/build/rh_plus_7_axis_robot_arm_description/meshes/base_link.stl -> /home/robot/rh_plus_7_axis_robot_arm/install/rh_plus_7_axis_robot_arm_description/share/rh_plus_7_axis_robot_arm_description/meshes
symbolically linking /home/robot/rh_plus_7_axis_robot_arm/build/rh_plus_7_axis_robot_arm_description/meshes/gripper_hand_left.stl -> /home/robot/rh_plus_7_axis_robot_arm/install/rh_plus_7_axis_robot_arm_description/share/rh_plus_7_axis_robot_arm_description/meshes
symbolically linking /home/robot/rh_plus_7_axis_robot_arm/build/rh_plus_7_axis_robot_arm_description/meshes/gripper_base.stl -> /home/robot/rh_plus_7_axis_robot_arm/install/rh_plus_7_axis_robot_arm_description/share/rh_plus_7_axis_robot_arm_description/meshes
symbolically linking /home/robot/rh_plus_7_axis_robot_arm/build/rh_plus_7_axis_robot_arm_description/meshes/link5.stl -> /home/robot/rh_plus_7_axis_robot_arm/install/rh_plus_7_axis_robot_arm_description/share/rh_plus_7_axis_robot_arm_description/meshes
symbolically linking /home/robot/rh_plus_7_axis_robot_arm/build/rh_plus_7_axis_robot_arm_description/meshes/link1.stl -> /home/robot/rh_plus_7_axis_robot_arm/install/rh_plus_7_axis_robot_arm_description/share/rh_plus_7_axis_robot_arm_description/meshes
symbolically linking /home/robot/rh_plus_7_axis_robot_arm/build/rh_plus_7_axis_robot_arm_description/meshes/gripper_hand_right.stl -> /home/robot/rh_plus_7_axis_robot_arm/install/rh_plus_7_axis_robot_arm_description/share/rh_plus_7_axis_robot_arm_description/meshes
creating /home/robot/rh_plus_7_axis_robot_arm/install/rh_plus_7_axis_robot_arm_description/share/rh_plus_7_axis_robot_arm_description/config
symbolically linking /home/robot/rh_plus_7_axis_robot_arm/build/rh_plus_7_axis_robot_arm_description/config/display.rviz -> /home/robot/rh_plus_7_axis_robot_arm/install/rh_plus_7_axis_robot_arm_description/share/rh_plus_7_axis_robot_arm_description/config
