-- The C compiler identification is GNU 11.4.0
-- The CXX compiler identification is GNU 11.4.0
-- Detecting C compiler ABI info
-- Detecting C compiler ABI info - done
-- Check for working C compiler: /usr/bin/cc - skipped
-- Detecting C compile features
-- Detecting C compile features - done
-- Detecting CXX compiler ABI info
-- Detecting CXX compiler ABI info - done
-- Check for working CXX compiler: /usr/bin/c++ - skipped
-- Detecting CXX compile features
-- Detecting CXX compile features - done
-- Found ament_cmake: 1.3.10 (/opt/ros/humble/share/ament_cmake/cmake)
-- Found Python3: /usr/bin/python3 (found version "3.10.12") found components: Interpreter 
-- Override CMake install command with custom implementation using symlinks instead of copying resources
-- Found rosidl_default_generators: 1.2.0 (/opt/ros/humble/share/rosidl_default_generators/cmake)
-- Using all available rosidl_typesupport_c: rosidl_typesupport_fastrtps_c;rosidl_typesupport_introspection_c
-- Found rosidl_adapter: 3.1.5 (/opt/ros/humble/share/rosidl_adapter/cmake)
-- Using all available rosidl_typesupport_cpp: rosidl_typesupport_fastrtps_cpp;rosidl_typesupport_introspection_cpp
-- Found rclcpp: 16.0.10 (/opt/ros/humble/share/rclcpp/cmake)
-- Found rmw_implementation_cmake: 6.1.2 (/opt/ros/humble/share/rmw_implementation_cmake/cmake)
-- Found rmw_fastrtps_cpp: 6.2.7 (/opt/ros/humble/share/rmw_fastrtps_cpp/cmake)
-- Found OpenSSL: /usr/lib/x86_64-linux-gnu/libcrypto.so (found version "3.0.2")  
-- Found FastRTPS: /opt/ros/humble/include  
-- Using RMW implementation 'rmw_fastrtps_cpp' as default
-- Looking for pthread.h
-- Looking for pthread.h - found
-- Performing Test CMAKE_HAVE_LIBC_PTHREAD
-- Performing Test CMAKE_HAVE_LIBC_PTHREAD - Success
-- Found Threads: TRUE  
-- Found action_msgs: 1.2.1 (/opt/ros/humble/share/action_msgs/cmake)
-- Found geometry_msgs: 4.2.4 (/opt/ros/humble/share/geometry_msgs/cmake)
-- Found ament_cmake_ros: 0.10.0 (/opt/ros/humble/share/ament_cmake_ros/cmake)
-- Using all available rosidl_typesupport_c: rosidl_typesupport_fastrtps_c;rosidl_typesupport_introspection_c
-- Using all available rosidl_typesupport_cpp: rosidl_typesupport_fastrtps_cpp;rosidl_typesupport_introspection_cpp
-- Found PythonInterp: /usr/bin/python3 (found suitable version "3.10.12", minimum required is "3.6") 
-- Found python_cmake_module: 0.10.0 (/opt/ros/humble/share/python_cmake_module/cmake)
-- Found PythonLibs: /usr/lib/x86_64-linux-gnu/libpython3.10.so (found suitable version "3.10.12", minimum required is "3.5") 
-- Using PYTHON_EXECUTABLE: /usr/bin/python3
-- Using PYTHON_INCLUDE_DIRS: /usr/include/python3.10
-- Using PYTHON_LIBRARIES: /usr/lib/x86_64-linux-gnu/libpython3.10.so
-- Found PythonExtra: .so  
-- Found ament_lint_auto: 0.12.11 (/opt/ros/humble/share/ament_lint_auto/cmake)
-- Added test 'lint_cmake' to check CMake code style
-- Added test 'xmllint' to check XML markup files
-- Configuring done
-- Generating done
-- Build files have been written to: /home/robot/restaurant_ws/build/nav_interfaces
[  2%] [34m[1mGenerating C code for ROS interfaces[0m
[  5%] [34m[1mGenerating C++ code for ROS interfaces[0m
[  5%] Built target ament_cmake_python_symlink_nav_interfaces
running egg_info
creating nav_interfaces.egg-info
writing nav_interfaces.egg-info/PKG-INFO
writing dependency_links to nav_interfaces.egg-info/dependency_links.txt
writing top-level names to nav_interfaces.egg-info/top_level.txt
writing manifest file 'nav_interfaces.egg-info/SOURCES.txt'
reading manifest file 'nav_interfaces.egg-info/SOURCES.txt'
writing manifest file 'nav_interfaces.egg-info/SOURCES.txt'
[  5%] Built target ament_cmake_python_build_nav_interfaces_egg
[  5%] Built target nav_interfaces__cpp
[ 10%] [32mBuilding C object CMakeFiles/nav_interfaces__rosidl_generator_c.dir/rosidl_generator_c/nav_interfaces/srv/detail/order_food__functions.c.o[0m
[ 10%] [34m[1mGenerating C++ introspection for ROS interfaces[0m
[ 12%] [32mBuilding C object CMakeFiles/nav_interfaces__rosidl_generator_c.dir/rosidl_generator_c/nav_interfaces/action/detail/navigate__functions.c.o[0m
[ 15%] [34m[1mGenerating C++ type support dispatch for ROS interfaces[0m
[ 17%] [34m[1mGenerating C++ type support for eProsima Fast-RTPS[0m
[ 20%] [32m[1mLinking C shared library libnav_interfaces__rosidl_generator_c.so[0m
[ 20%] Built target nav_interfaces__rosidl_generator_c
[ 23%] [34m[1mGenerating C type support dispatch for ROS interfaces[0m
[ 25%] [34m[1mGenerating C introspection for ROS interfaces[0m
[ 28%] [34m[1mGenerating C type support for eProsima Fast-RTPS[0m
[ 30%] [32mBuilding CXX object CMakeFiles/nav_interfaces__rosidl_typesupport_introspection_cpp.dir/rosidl_typesupport_introspection_cpp/nav_interfaces/action/detail/navigate__type_support.cpp.o[0m
[ 33%] [32mBuilding CXX object CMakeFiles/nav_interfaces__rosidl_typesupport_introspection_cpp.dir/rosidl_typesupport_introspection_cpp/nav_interfaces/srv/detail/order_food__type_support.cpp.o[0m
[ 35%] [32mBuilding CXX object CMakeFiles/nav_interfaces__rosidl_typesupport_fastrtps_cpp.dir/rosidl_typesupport_fastrtps_cpp/nav_interfaces/action/detail/dds_fastrtps/navigate__type_support.cpp.o[0m
[ 38%] [32mBuilding CXX object CMakeFiles/nav_interfaces__rosidl_typesupport_fastrtps_cpp.dir/rosidl_typesupport_fastrtps_cpp/nav_interfaces/srv/detail/dds_fastrtps/order_food__type_support.cpp.o[0m
[ 41%] [32mBuilding CXX object CMakeFiles/nav_interfaces__rosidl_typesupport_c.dir/rosidl_typesupport_c/nav_interfaces/srv/order_food__type_support.cpp.o[0m
[ 43%] [32mBuilding CXX object CMakeFiles/nav_interfaces__rosidl_typesupport_c.dir/rosidl_typesupport_c/nav_interfaces/action/navigate__type_support.cpp.o[0m
[ 46%] [32mBuilding C object CMakeFiles/nav_interfaces__rosidl_typesupport_introspection_c.dir/rosidl_typesupport_introspection_c/nav_interfaces/srv/detail/order_food__type_support.c.o[0m
[ 48%] [32mBuilding C object CMakeFiles/nav_interfaces__rosidl_typesupport_introspection_c.dir/rosidl_typesupport_introspection_c/nav_interfaces/action/detail/navigate__type_support.c.o[0m
[ 51%] [32m[1mLinking CXX shared library libnav_interfaces__rosidl_typesupport_c.so[0m
[ 53%] [32mBuilding CXX object CMakeFiles/nav_interfaces__rosidl_typesupport_cpp.dir/rosidl_typesupport_cpp/nav_interfaces/srv/order_food__type_support.cpp.o[0m
[ 56%] [32mBuilding CXX object CMakeFiles/nav_interfaces__rosidl_typesupport_cpp.dir/rosidl_typesupport_cpp/nav_interfaces/action/navigate__type_support.cpp.o[0m
[ 58%] [32m[1mLinking C shared library libnav_interfaces__rosidl_typesupport_introspection_c.so[0m
[ 58%] Built target nav_interfaces__rosidl_typesupport_c
[ 58%] Built target nav_interfaces__rosidl_typesupport_introspection_c
[ 61%] [32m[1mLinking CXX shared library libnav_interfaces__rosidl_typesupport_introspection_cpp.so[0m
[ 64%] [32mBuilding CXX object CMakeFiles/nav_interfaces__rosidl_typesupport_fastrtps_c.dir/rosidl_typesupport_fastrtps_c/nav_interfaces/srv/detail/order_food__type_support_c.cpp.o[0m
[ 66%] [32mBuilding CXX object CMakeFiles/nav_interfaces__rosidl_typesupport_fastrtps_c.dir/rosidl_typesupport_fastrtps_c/nav_interfaces/action/detail/navigate__type_support_c.cpp.o[0m
[ 69%] [32m[1mLinking CXX shared library libnav_interfaces__rosidl_typesupport_cpp.so[0m
[ 69%] Built target nav_interfaces__rosidl_typesupport_introspection_cpp
[ 69%] Built target nav_interfaces__rosidl_typesupport_cpp
[ 71%] [32m[1mLinking CXX shared library libnav_interfaces__rosidl_typesupport_fastrtps_cpp.so[0m
[ 74%] [32m[1mLinking CXX shared library libnav_interfaces__rosidl_typesupport_fastrtps_c.so[0m
[ 74%] Built target nav_interfaces__rosidl_typesupport_fastrtps_cpp
[ 74%] Built target nav_interfaces__rosidl_typesupport_fastrtps_c
[ 74%] Built target nav_interfaces
[ 76%] [34m[1mGenerating Python code for ROS interfaces[0m
[ 76%] Built target nav_interfaces__py
[ 79%] [32mBuilding C object CMakeFiles/nav_interfaces__rosidl_generator_py.dir/rosidl_generator_py/nav_interfaces/action/_navigate_s.c.o[0m
[ 82%] [32mBuilding C object CMakeFiles/nav_interfaces__rosidl_generator_py.dir/rosidl_generator_py/nav_interfaces/srv/_order_food_s.c.o[0m
[ 84%] [32m[1mLinking C shared library rosidl_generator_py/nav_interfaces/libnav_interfaces__rosidl_generator_py.so[0m
[ 84%] Built target nav_interfaces__rosidl_generator_py
[ 87%] [32mBuilding C object CMakeFiles/nav_interfaces__rosidl_typesupport_c__pyext.dir/rosidl_generator_py/nav_interfaces/_nav_interfaces_s.ep.rosidl_typesupport_c.c.o[0m
[ 89%] [32mBuilding C object CMakeFiles/nav_interfaces__rosidl_typesupport_introspection_c__pyext.dir/rosidl_generator_py/nav_interfaces/_nav_interfaces_s.ep.rosidl_typesupport_introspection_c.c.o[0m
[ 92%] [32mBuilding C object CMakeFiles/nav_interfaces__rosidl_typesupport_fastrtps_c__pyext.dir/rosidl_generator_py/nav_interfaces/_nav_interfaces_s.ep.rosidl_typesupport_fastrtps_c.c.o[0m
[ 94%] [32m[1mLinking C shared library rosidl_generator_py/nav_interfaces/nav_interfaces_s__rosidl_typesupport_c.cpython-310-x86_64-linux-gnu.so[0m
[ 97%] [32m[1mLinking C shared library rosidl_generator_py/nav_interfaces/nav_interfaces_s__rosidl_typesupport_fastrtps_c.cpython-310-x86_64-linux-gnu.so[0m
[100%] [32m[1mLinking C shared library rosidl_generator_py/nav_interfaces/nav_interfaces_s__rosidl_typesupport_introspection_c.cpython-310-x86_64-linux-gnu.so[0m
[100%] Built target nav_interfaces__rosidl_typesupport_c__pyext
[100%] Built target nav_interfaces__rosidl_typesupport_fastrtps_c__pyext
[100%] Built target nav_interfaces__rosidl_typesupport_introspection_c__pyext
-- Install configuration: ""
-- Execute custom install script
-- Symlinking: /home/robot/restaurant_ws/install/nav_interfaces/share/ament_index/resource_index/rosidl_interfaces/nav_interfaces
-- Symlinking: /home/robot/restaurant_ws/install/nav_interfaces/include/nav_interfaces/nav_interfaces/action/detail/navigate__functions.h
-- Symlinking: /home/robot/restaurant_ws/install/nav_interfaces/include/nav_interfaces/nav_interfaces/action/detail/navigate__struct.h
-- Symlinking: /home/robot/restaurant_ws/install/nav_interfaces/include/nav_interfaces/nav_interfaces/action/detail/navigate__type_support.h
-- Symlinking: /home/robot/restaurant_ws/install/nav_interfaces/include/nav_interfaces/nav_interfaces/action/navigate.h
-- Symlinking: /home/robot/restaurant_ws/install/nav_interfaces/include/nav_interfaces/nav_interfaces/msg/rosidl_generator_c__visibility_control.h
-- Symlinking: /home/robot/restaurant_ws/install/nav_interfaces/include/nav_interfaces/nav_interfaces/srv/detail/order_food__functions.h
-- Symlinking: /home/robot/restaurant_ws/install/nav_interfaces/include/nav_interfaces/nav_interfaces/srv/detail/order_food__struct.h
-- Symlinking: /home/robot/restaurant_ws/install/nav_interfaces/include/nav_interfaces/nav_interfaces/srv/detail/order_food__type_support.h
-- Symlinking: /home/robot/restaurant_ws/install/nav_interfaces/include/nav_interfaces/nav_interfaces/srv/order_food.h
-- Symlinking: /home/robot/restaurant_ws/install/nav_interfaces/share/nav_interfaces/environment/library_path.sh
-- Symlinking: /home/robot/restaurant_ws/install/nav_interfaces/share/nav_interfaces/environment/library_path.dsv
-- Symlinking: /home/robot/restaurant_ws/install/nav_interfaces/include/nav_interfaces/nav_interfaces/action/detail/navigate__rosidl_typesupport_fastrtps_c.h
-- Symlinking: /home/robot/restaurant_ws/install/nav_interfaces/include/nav_interfaces/nav_interfaces/msg/rosidl_typesupport_fastrtps_c__visibility_control.h
-- Symlinking: /home/robot/restaurant_ws/install/nav_interfaces/include/nav_interfaces/nav_interfaces/srv/detail/order_food__rosidl_typesupport_fastrtps_c.h
-- Symlinking: /home/robot/restaurant_ws/install/nav_interfaces/include/nav_interfaces/nav_interfaces/action/detail/navigate__rosidl_typesupport_introspection_c.h
-- Symlinking: /home/robot/restaurant_ws/install/nav_interfaces/include/nav_interfaces/nav_interfaces/msg/rosidl_typesupport_introspection_c__visibility_control.h
-- Symlinking: /home/robot/restaurant_ws/install/nav_interfaces/include/nav_interfaces/nav_interfaces/srv/detail/order_food__rosidl_typesupport_introspection_c.h
-- Symlinking: /home/robot/restaurant_ws/install/nav_interfaces/include/nav_interfaces/nav_interfaces/action/detail/navigate__builder.hpp
-- Symlinking: /home/robot/restaurant_ws/install/nav_interfaces/include/nav_interfaces/nav_interfaces/action/detail/navigate__struct.hpp
-- Symlinking: /home/robot/restaurant_ws/install/nav_interfaces/include/nav_interfaces/nav_interfaces/action/detail/navigate__traits.hpp
-- Symlinking: /home/robot/restaurant_ws/install/nav_interfaces/include/nav_interfaces/nav_interfaces/action/navigate.hpp
-- Symlinking: /home/robot/restaurant_ws/install/nav_interfaces/include/nav_interfaces/nav_interfaces/srv/detail/order_food__builder.hpp
-- Symlinking: /home/robot/restaurant_ws/install/nav_interfaces/include/nav_interfaces/nav_interfaces/srv/detail/order_food__struct.hpp
-- Symlinking: /home/robot/restaurant_ws/install/nav_interfaces/include/nav_interfaces/nav_interfaces/srv/detail/order_food__traits.hpp
-- Symlinking: /home/robot/restaurant_ws/install/nav_interfaces/include/nav_interfaces/nav_interfaces/srv/order_food.hpp
-- Symlinking: /home/robot/restaurant_ws/install/nav_interfaces/include/nav_interfaces/nav_interfaces/action/detail/navigate__rosidl_typesupport_fastrtps_cpp.hpp
-- Symlinking: /home/robot/restaurant_ws/install/nav_interfaces/include/nav_interfaces/nav_interfaces/msg/rosidl_typesupport_fastrtps_cpp__visibility_control.h
-- Symlinking: /home/robot/restaurant_ws/install/nav_interfaces/include/nav_interfaces/nav_interfaces/srv/detail/order_food__rosidl_typesupport_fastrtps_cpp.hpp
-- Symlinking: /home/robot/restaurant_ws/install/nav_interfaces/include/nav_interfaces/nav_interfaces/action/detail/navigate__rosidl_typesupport_introspection_cpp.hpp
-- Symlinking: /home/robot/restaurant_ws/install/nav_interfaces/include/nav_interfaces/nav_interfaces/srv/detail/order_food__rosidl_typesupport_introspection_cpp.hpp
-- Symlinking: /home/robot/restaurant_ws/install/nav_interfaces/share/nav_interfaces/environment/pythonpath.sh
-- Symlinking: /home/robot/restaurant_ws/install/nav_interfaces/share/nav_interfaces/environment/pythonpath.dsv
-- Symlinking: /home/robot/restaurant_ws/install/nav_interfaces/local/lib/python3.10/dist-packages/nav_interfaces-0.0.0-py3.10.egg-info/PKG-INFO
-- Symlinking: /home/robot/restaurant_ws/install/nav_interfaces/local/lib/python3.10/dist-packages/nav_interfaces-0.0.0-py3.10.egg-info/SOURCES.txt
-- Symlinking: /home/robot/restaurant_ws/install/nav_interfaces/local/lib/python3.10/dist-packages/nav_interfaces-0.0.0-py3.10.egg-info/dependency_links.txt
-- Symlinking: /home/robot/restaurant_ws/install/nav_interfaces/local/lib/python3.10/dist-packages/nav_interfaces-0.0.0-py3.10.egg-info/top_level.txt
-- Symlinking: /home/robot/restaurant_ws/install/nav_interfaces/local/lib/python3.10/dist-packages/nav_interfaces/__init__.py
-- Symlinking: /home/robot/restaurant_ws/install/nav_interfaces/local/lib/python3.10/dist-packages/nav_interfaces/_nav_interfaces_s.ep.rosidl_typesupport_c.c
-- Symlinking: /home/robot/restaurant_ws/install/nav_interfaces/local/lib/python3.10/dist-packages/nav_interfaces/_nav_interfaces_s.ep.rosidl_typesupport_fastrtps_c.c
-- Symlinking: /home/robot/restaurant_ws/install/nav_interfaces/local/lib/python3.10/dist-packages/nav_interfaces/_nav_interfaces_s.ep.rosidl_typesupport_introspection_c.c
-- Symlinking: /home/robot/restaurant_ws/install/nav_interfaces/local/lib/python3.10/dist-packages/nav_interfaces/action/__init__.py
-- Symlinking: /home/robot/restaurant_ws/install/nav_interfaces/local/lib/python3.10/dist-packages/nav_interfaces/action/_navigate.py
-- Symlinking: /home/robot/restaurant_ws/install/nav_interfaces/local/lib/python3.10/dist-packages/nav_interfaces/action/_navigate_s.c
-- Symlinking: /home/robot/restaurant_ws/install/nav_interfaces/local/lib/python3.10/dist-packages/nav_interfaces/libnav_interfaces__rosidl_generator_py.so
-- Symlinking: /home/robot/restaurant_ws/install/nav_interfaces/local/lib/python3.10/dist-packages/nav_interfaces/nav_interfaces_s__rosidl_typesupport_c.cpython-310-x86_64-linux-gnu.so
-- Symlinking: /home/robot/restaurant_ws/install/nav_interfaces/local/lib/python3.10/dist-packages/nav_interfaces/nav_interfaces_s__rosidl_typesupport_fastrtps_c.cpython-310-x86_64-linux-gnu.so
-- Symlinking: /home/robot/restaurant_ws/install/nav_interfaces/local/lib/python3.10/dist-packages/nav_interfaces/nav_interfaces_s__rosidl_typesupport_introspection_c.cpython-310-x86_64-linux-gnu.so
-- Symlinking: /home/robot/restaurant_ws/install/nav_interfaces/local/lib/python3.10/dist-packages/nav_interfaces/srv/__init__.py
-- Symlinking: /home/robot/restaurant_ws/install/nav_interfaces/local/lib/python3.10/dist-packages/nav_interfaces/srv/_order_food.py
-- Symlinking: /home/robot/restaurant_ws/install/nav_interfaces/local/lib/python3.10/dist-packages/nav_interfaces/srv/_order_food_s.c
-- Up-to-date symlink: /home/robot/restaurant_ws/install/nav_interfaces/local/lib/python3.10/dist-packages/nav_interfaces/nav_interfaces_s__rosidl_typesupport_fastrtps_c.cpython-310-x86_64-linux-gnu.so
-- Up-to-date symlink: /home/robot/restaurant_ws/install/nav_interfaces/local/lib/python3.10/dist-packages/nav_interfaces/nav_interfaces_s__rosidl_typesupport_introspection_c.cpython-310-x86_64-linux-gnu.so
-- Up-to-date symlink: /home/robot/restaurant_ws/install/nav_interfaces/local/lib/python3.10/dist-packages/nav_interfaces/nav_interfaces_s__rosidl_typesupport_c.cpython-310-x86_64-linux-gnu.so
-- Symlinking: /home/robot/restaurant_ws/install/nav_interfaces/share/nav_interfaces/action/Navigate.idl
-- Symlinking: /home/robot/restaurant_ws/install/nav_interfaces/share/nav_interfaces/srv/OrderFood.idl
-- Symlinking: /home/robot/restaurant_ws/install/nav_interfaces/share/nav_interfaces/action/Navigate.action
-- Symlinking: /home/robot/restaurant_ws/install/nav_interfaces/share/nav_interfaces/srv/OrderFood.srv
-- Symlinking: /home/robot/restaurant_ws/install/nav_interfaces/share/nav_interfaces/srv/OrderFood_Request.msg
-- Symlinking: /home/robot/restaurant_ws/install/nav_interfaces/share/nav_interfaces/srv/OrderFood_Response.msg
-- Symlinking: /home/robot/restaurant_ws/install/nav_interfaces/share/ament_index/resource_index/package_run_dependencies/nav_interfaces
-- Symlinking: /home/robot/restaurant_ws/install/nav_interfaces/share/ament_index/resource_index/parent_prefix_path/nav_interfaces
-- Symlinking: /home/robot/restaurant_ws/install/nav_interfaces/share/nav_interfaces/environment/ament_prefix_path.sh
-- Symlinking: /home/robot/restaurant_ws/install/nav_interfaces/share/nav_interfaces/environment/ament_prefix_path.dsv
-- Symlinking: /home/robot/restaurant_ws/install/nav_interfaces/share/nav_interfaces/environment/path.sh
-- Symlinking: /home/robot/restaurant_ws/install/nav_interfaces/share/nav_interfaces/environment/path.dsv
-- Symlinking: /home/robot/restaurant_ws/install/nav_interfaces/share/nav_interfaces/local_setup.bash
-- Symlinking: /home/robot/restaurant_ws/install/nav_interfaces/share/nav_interfaces/local_setup.sh
-- Symlinking: /home/robot/restaurant_ws/install/nav_interfaces/share/nav_interfaces/local_setup.zsh
-- Symlinking: /home/robot/restaurant_ws/install/nav_interfaces/share/nav_interfaces/local_setup.dsv
-- Symlinking: /home/robot/restaurant_ws/install/nav_interfaces/share/nav_interfaces/package.dsv
-- Symlinking: /home/robot/restaurant_ws/install/nav_interfaces/share/ament_index/resource_index/packages/nav_interfaces
-- Symlinking: /home/robot/restaurant_ws/install/nav_interfaces/share/nav_interfaces/cmake/rosidl_cmake-extras.cmake
-- Symlinking: /home/robot/restaurant_ws/install/nav_interfaces/share/nav_interfaces/cmake/ament_cmake_export_dependencies-extras.cmake
-- Symlinking: /home/robot/restaurant_ws/install/nav_interfaces/share/nav_interfaces/cmake/ament_cmake_export_include_directories-extras.cmake
-- Symlinking: /home/robot/restaurant_ws/install/nav_interfaces/share/nav_interfaces/cmake/ament_cmake_export_libraries-extras.cmake
-- Symlinking: /home/robot/restaurant_ws/install/nav_interfaces/share/nav_interfaces/cmake/ament_cmake_export_targets-extras.cmake
-- Symlinking: /home/robot/restaurant_ws/install/nav_interfaces/share/nav_interfaces/cmake/rosidl_cmake_export_typesupport_targets-extras.cmake
-- Symlinking: /home/robot/restaurant_ws/install/nav_interfaces/share/nav_interfaces/cmake/rosidl_cmake_export_typesupport_libraries-extras.cmake
-- Symlinking: /home/robot/restaurant_ws/install/nav_interfaces/share/nav_interfaces/cmake/nav_interfacesConfig.cmake
-- Symlinking: /home/robot/restaurant_ws/install/nav_interfaces/share/nav_interfaces/cmake/nav_interfacesConfig-version.cmake
-- Symlinking: /home/robot/restaurant_ws/install/nav_interfaces/share/nav_interfaces/package.xml
-- Installing: /home/robot/restaurant_ws/install/nav_interfaces/lib/libnav_interfaces__rosidl_generator_c.so
-- Set runtime path of "/home/robot/restaurant_ws/install/nav_interfaces/lib/libnav_interfaces__rosidl_generator_c.so" to ""
-- Installing: /home/robot/restaurant_ws/install/nav_interfaces/lib/libnav_interfaces__rosidl_typesupport_fastrtps_c.so
-- Set runtime path of "/home/robot/restaurant_ws/install/nav_interfaces/lib/libnav_interfaces__rosidl_typesupport_fastrtps_c.so" to ""
-- Installing: /home/robot/restaurant_ws/install/nav_interfaces/lib/libnav_interfaces__rosidl_typesupport_introspection_c.so
-- Set runtime path of "/home/robot/restaurant_ws/install/nav_interfaces/lib/libnav_interfaces__rosidl_typesupport_introspection_c.so" to ""
-- Installing: /home/robot/restaurant_ws/install/nav_interfaces/lib/libnav_interfaces__rosidl_typesupport_c.so
-- Set runtime path of "/home/robot/restaurant_ws/install/nav_interfaces/lib/libnav_interfaces__rosidl_typesupport_c.so" to ""
-- Installing: /home/robot/restaurant_ws/install/nav_interfaces/lib/libnav_interfaces__rosidl_typesupport_fastrtps_cpp.so
-- Set runtime path of "/home/robot/restaurant_ws/install/nav_interfaces/lib/libnav_interfaces__rosidl_typesupport_fastrtps_cpp.so" to ""
-- Installing: /home/robot/restaurant_ws/install/nav_interfaces/lib/libnav_interfaces__rosidl_typesupport_introspection_cpp.so
-- Set runtime path of "/home/robot/restaurant_ws/install/nav_interfaces/lib/libnav_interfaces__rosidl_typesupport_introspection_cpp.so" to ""
-- Installing: /home/robot/restaurant_ws/install/nav_interfaces/lib/libnav_interfaces__rosidl_typesupport_cpp.so
-- Set runtime path of "/home/robot/restaurant_ws/install/nav_interfaces/lib/libnav_interfaces__rosidl_typesupport_cpp.so" to ""
Listing '/home/robot/restaurant_ws/install/nav_interfaces/local/lib/python3.10/dist-packages/nav_interfaces'...
Compiling '/home/robot/restaurant_ws/install/nav_interfaces/local/lib/python3.10/dist-packages/nav_interfaces/__init__.py'...
Listing '/home/robot/restaurant_ws/install/nav_interfaces/local/lib/python3.10/dist-packages/nav_interfaces/action'...
Compiling '/home/robot/restaurant_ws/install/nav_interfaces/local/lib/python3.10/dist-packages/nav_interfaces/action/__init__.py'...
Compiling '/home/robot/restaurant_ws/install/nav_interfaces/local/lib/python3.10/dist-packages/nav_interfaces/action/_navigate.py'...
Listing '/home/robot/restaurant_ws/install/nav_interfaces/local/lib/python3.10/dist-packages/nav_interfaces/srv'...
Compiling '/home/robot/restaurant_ws/install/nav_interfaces/local/lib/python3.10/dist-packages/nav_interfaces/srv/__init__.py'...
Compiling '/home/robot/restaurant_ws/install/nav_interfaces/local/lib/python3.10/dist-packages/nav_interfaces/srv/_order_food.py'...
-- Installing: /home/robot/restaurant_ws/install/nav_interfaces/lib/libnav_interfaces__rosidl_generator_py.so
-- Set runtime path of "/home/robot/restaurant_ws/install/nav_interfaces/lib/libnav_interfaces__rosidl_generator_py.so" to ""
-- Installing: /home/robot/restaurant_ws/install/nav_interfaces/share/nav_interfaces/cmake/export_nav_interfaces__rosidl_generator_cExport.cmake
-- Installing: /home/robot/restaurant_ws/install/nav_interfaces/share/nav_interfaces/cmake/export_nav_interfaces__rosidl_generator_cExport-noconfig.cmake
-- Installing: /home/robot/restaurant_ws/install/nav_interfaces/share/nav_interfaces/cmake/export_nav_interfaces__rosidl_typesupport_fastrtps_cExport.cmake
-- Installing: /home/robot/restaurant_ws/install/nav_interfaces/share/nav_interfaces/cmake/export_nav_interfaces__rosidl_typesupport_fastrtps_cExport-noconfig.cmake
-- Installing: /home/robot/restaurant_ws/install/nav_interfaces/share/nav_interfaces/cmake/nav_interfaces__rosidl_typesupport_introspection_cExport.cmake
-- Installing: /home/robot/restaurant_ws/install/nav_interfaces/share/nav_interfaces/cmake/nav_interfaces__rosidl_typesupport_introspection_cExport-noconfig.cmake
-- Installing: /home/robot/restaurant_ws/install/nav_interfaces/share/nav_interfaces/cmake/nav_interfaces__rosidl_typesupport_cExport.cmake
-- Installing: /home/robot/restaurant_ws/install/nav_interfaces/share/nav_interfaces/cmake/nav_interfaces__rosidl_typesupport_cExport-noconfig.cmake
-- Installing: /home/robot/restaurant_ws/install/nav_interfaces/share/nav_interfaces/cmake/export_nav_interfaces__rosidl_generator_cppExport.cmake
-- Installing: /home/robot/restaurant_ws/install/nav_interfaces/share/nav_interfaces/cmake/export_nav_interfaces__rosidl_typesupport_fastrtps_cppExport.cmake
-- Installing: /home/robot/restaurant_ws/install/nav_interfaces/share/nav_interfaces/cmake/export_nav_interfaces__rosidl_typesupport_fastrtps_cppExport-noconfig.cmake
-- Installing: /home/robot/restaurant_ws/install/nav_interfaces/share/nav_interfaces/cmake/nav_interfaces__rosidl_typesupport_introspection_cppExport.cmake
-- Installing: /home/robot/restaurant_ws/install/nav_interfaces/share/nav_interfaces/cmake/nav_interfaces__rosidl_typesupport_introspection_cppExport-noconfig.cmake
-- Installing: /home/robot/restaurant_ws/install/nav_interfaces/share/nav_interfaces/cmake/nav_interfaces__rosidl_typesupport_cppExport.cmake
-- Installing: /home/robot/restaurant_ws/install/nav_interfaces/share/nav_interfaces/cmake/nav_interfaces__rosidl_typesupport_cppExport-noconfig.cmake
-- Installing: /home/robot/restaurant_ws/install/nav_interfaces/share/nav_interfaces/cmake/export_nav_interfaces__rosidl_generator_pyExport.cmake
-- Installing: /home/robot/restaurant_ws/install/nav_interfaces/share/nav_interfaces/cmake/export_nav_interfaces__rosidl_generator_pyExport-noconfig.cmake
